2018-02-01 16:13:55,705 [INFO] {hiveUtils.py:78} Executive sql is:
 drop table if exists tmp_user_recm_character_1
                       
2018-02-01 16:13:55,810 [INFO] {hiveUtils.py:80} Successful implementation of this sql
2018-02-01 16:13:55,811 [INFO] {hiveUtils.py:67} Executive sql is:
create table if not exists tmp_user_recm_character_1 (
                     PROD_INST_ID          STRING,
                     CONTENT_ID            STRING,
                     FILM_NAME             STRING,
                     VOD_CNT               STRING,
                     VOD_DURATION          STRING
                   ) STORED AS RCFILE
                    LOCATION '/user/hive/TEMP/tmp_user_recm_character_1'
                       
2018-02-01 16:13:55,999 [INFO] {hiveUtils.py:69} Successful implementation of this sql
2018-02-01 16:13:55,999 [INFO] {hiveUtils.py:67} Executive sql is:
create table if not exists dwa_user_rec_character(
                      PROD_INST_ID          STRING,
                      IS_MAIN               STRING,
                      IS_SECOND             STRING,
                      is_atv                STRING,
                      is_dtv                STRING,
                      is_dftv               STRING,
                      is_ditv               STRING,
                      is_lan                STRING,
                      DEV_AGE               STRING,
                      CONTENT_ID            STRING,
                      SUB_FILM_NAME         STRING,
                      FILM_NAME             STRING,
                      VOD_CNT               STRING,
                      VOD_DURATION          STRING,
                      data_source_cd        STRING,
                      etl_time              STRING
                    )PARTITIONED BY (PT_TIME STRING)
                     STORED AS RCFILE
                     LOCATION '/user/hive/warehouse/test.db/dwa_user_rec_character'
                        
2018-02-01 16:13:56,105 [INFO] {hiveUtils.py:69} Successful implementation of this sql
2018-02-01 16:13:56,105 [INFO] {hiveUtils.py:67} Executive sql is:
insert overwrite table tmp_user_recm_character_1
                  select user_id PROD_INST_ID
                         ,content_id
                         ,film_name
                         ,count(user_id) VOD_NUM
                         ,count(distinct to_date(regexp_replace(start_time,'/','-'))) VOD_DAYS
                  from stg_dr_ismp_yyyymm
                  where pt_mon = '201706'
                    and data_source_cd <> 'VOD'
                  group by user_id,content_id,film_name
                   
2018-02-01 16:18:07,171 [INFO] {hiveUtils.py:69} Successful implementation of this sql
2018-02-01 16:18:07,171 [INFO] {hiveUtils.py:67} Executive sql is:
insert overwrite table dwa_user_rec_character partition (PT_TIME ='201706')
                  select distinct t.prod_inst_id
                         ,t.is_main
                         ,t.is_second
                         ,t.is_atv
                         ,t.is_dtv
                         ,t.is_dftv
                         ,t.is_ditv
                         ,t.is_lan
                         ,t.dev_age
                         ,t1.content_id
                         ,nvl(t1.film_name,'')
                         ,nvl(split(t1.film_name,' ')[0],'')
                         ,nvl(t1.vod_cnt,0)
                         ,nvl(t1.vod_duration,0)
                         ,'TZ' 
                         ,CURRENT_TIMESTAMP  
                  from dwa_base_character_usr t 
                  left join tmp_user_recm_character_1 t1 on t.prod_inst_id = t1.prod_inst_id
                  where t.pt_mon = '201706'
                  
2018-02-01 16:19:41,200 [INFO] {hiveUtils.py:69} Successful implementation of this sql
