2018-02-26 18:56:07,257 [INFO] {userScoreSim.py:111} model mudule is start at 2018-02-26 18:56:07
2018-02-26 19:03:05,338 [ERROR] {userScoreSim.py:51} 程序执行过程中发生异常, 错误信息如下
Permission denied: user=dr.who, access=WRITE, inode="/user/hdfs/dm/mrscripts/user_sim":hdfs:supergroup:-rw-r--r--
	at org.apache.hadoop.hdfs.server.namenode.DefaultAuthorizationProvider.checkFsPermission(DefaultAuthorizationProvider.java:257)
	at org.apache.hadoop.hdfs.server.namenode.DefaultAuthorizationProvider.check(DefaultAuthorizationProvider.java:238)
	at org.apache.hadoop.hdfs.server.namenode.DefaultAuthorizationProvider.checkPermission(DefaultAuthorizationProvider.java:151)
	at org.apache.hadoop.hdfs.server.namenode.FSPermissionChecker.checkPermission(FSPermissionChecker.java:138)
	at org.apache.hadoop.hdfs.server.namenode.FSNamesystem.checkPermission(FSNamesystem.java:6613)
	at org.apache.hadoop.hdfs.server.namenode.FSNamesystem.checkPermission(FSNamesystem.java:6595)
	at org.apache.hadoop.hdfs.server.namenode.FSNamesystem.checkPathAccess(FSNamesystem.java:6520)
	at org.apache.hadoop.hdfs.server.namenode.FSNamesystem.appendFileInternal(FSNamesystem.java:2888)
	at org.apache.hadoop.hdfs.server.namenode.FSNamesystem.appendFileInt(FSNamesystem.java:3192)
	at org.apache.hadoop.hdfs.server.namenode.FSNamesystem.appendFile(FSNamesystem.java:3154)
	at org.apache.hadoop.hdfs.server.namenode.NameNodeRpcServer.append(NameNodeRpcServer.java:612)
	at org.apache.hadoop.hdfs.server.namenode.AuthorizationProviderProxyClientProtocol.append(AuthorizationProviderProxyClientProtocol.java:125)
	at org.apache.hadoop.hdfs.protocolPB.ClientNamenodeProtocolServerSideTranslatorPB.append(ClientNamenodeProtocolServerSideTranslatorPB.java:414)
	at org.apache.hadoop.hdfs.protocol.proto.ClientNamenodeProtocolProtos$ClientNamenodeProtocol$2.callBlockingMethod(ClientNamenodeProtocolProtos.java)
	at org.apache.hadoop.ipc.ProtobufRpcEngine$Server$ProtoBufRpcInvoker.call(ProtobufRpcEngine.java:617)
	at org.apache.hadoop.ipc.RPC$Server.call(RPC.java:1060)
	at org.apache.hadoop.ipc.Server$Handler$1.run(Server.java:2086)
	at org.apache.hadoop.ipc.Server$Handler$1.run(Server.java:2082)
	at java.security.AccessController.doPrivileged(Native Method)
	at javax.security.auth.Subject.doAs(Subject.java:415)
	at org.apache.hadoop.security.UserGroupInformation.doAs(UserGroupInformation.java:1707)
	at org.apache.hadoop.ipc.Server$Handler.run(Server.java:2080)

2018-02-26 19:03:05,357 [INFO] {userScoreSim.py:115} model mudule is end at 2018-02-26 19:03:05
