2018-09-29 16:08:18,462 [INFO] {hiveUtils.py:56} Executive sql is:
select cust_id,cust_name,corp_org_id,corp_org_name,cust_type,cust_level,net_age,user_count,itv_user_count,itv_active,prod_inst_id,is_main,is_second,dev_age,itv_use_age,itv_expire_days,not_itv_expire_days,ord_prod_count_1m,ord_prod_count_3m,ord_prom_num_1m,ord_prom_num_3m,bill_amount_1m,bill_amount_3m,open_daycnt_1m,open_cnt_1m,open_daycnt_3m,open_cnt_3m,vod_day_1m,vod_num_1m,vod_amount_1m,vod_day_3m,vod_num_3m,vod_amount_3m,tv_day_1m,tv_num_1m,tv_day_3m,tv_num_3m,review_day_1m,review_num_1m,review_day_3m,review_num_3m,is_lost,pt_mon 
              from dwa_cust_loss_character
              WHERE pt_mon IN ('201707', '201706', 
                '201705','201704')
                AND ( ITV_EXPIRE_DAYS <=60 or 
                      NOT_ITV_EXPIRE_DAYS <=60
                     )
    
2018-09-29 16:09:52,812 [INFO] {hiveUtils.py:59} Successful implementation of this sql
2018-09-29 16:09:54,683 [INFO] {xgboost_model.py:84} None
2018-09-29 16:10:00,203 [INFO] {xgboost_model.py:104}                      importance
cust_type              0.000000
cust_level             0.048184
net_age                0.024441
user_count             0.097765
itv_user_count         0.048184
itv_active             0.000000
dev_age                0.056564
itv_use_age            0.174581
itv_expire_days        0.066341
not_itv_expire_days    0.250698
ord_prod_count_1m      0.000000
ord_prod_count_3m      0.000000
ord_prom_num_1m        0.000000
ord_prom_num_3m        0.000000
bill_amount_1m         0.092877
bill_amount_3m         0.105447
open_daycnt_1m         0.000000
open_cnt_1m            0.000000
open_daycnt_3m         0.000000
open_cnt_3m            0.000000
vod_day_1m             0.000000
vod_num_1m             0.000000
vod_amount_1m          0.000000
vod_day_3m             0.000000
vod_num_3m             0.000000
vod_amount_3m          0.000000
tv_day_1m              0.020950
tv_num_1m              0.013966
tv_day_3m              0.000000
tv_num_3m              0.000000
review_day_1m          0.000000
review_num_1m          0.000000
review_day_3m          0.000000
review_num_3m          0.000000
2018-09-29 16:10:00,276 [INFO] {xgboost_model.py:110}              precision    recall  f1-score   support

          0       1.00      1.00      1.00      7484
          1       1.00      0.88      0.94        77

avg / total       1.00      1.00      1.00      7561

