20170802
00
Java HotSpot(TM) 64-Bit Server VM warning: ignoring option MaxPermSize=512M; support was removed in 8.0
2017-09-11 10:01:47,341 WARN  [main] mapreduce.TableMapReduceUtil: The hbase-prefix-tree module jar containing PrefixTreeCodec is not present.  Continuing without it.
Java HotSpot(TM) 64-Bit Server VM warning: ignoring option MaxPermSize=512M; support was removed in 8.0

Logging initialized using configuration in jar:file:/opt/cloudera/parcels/CDH-5.6.1-1.cdh5.6.1.p0.3/jars/hive-common-1.1.0-cdh5.6.1.jar!/hive-log4j.properties
Query ID = hdfs_20170911100101_eb68dda2-5373-4183-b46a-c1be3e4d73b6
Total jobs = 1
Launching Job 1 out of 1
Number of reduce tasks is set to 0 since there's no reduce operator
Starting Job = job_1504752158025_1483, Tracking URL = http://jsgd6:8088/proxy/application_1504752158025_1483/
Kill Command = /opt/cloudera/parcels/CDH-5.6.1-1.cdh5.6.1.p0.3/lib/hadoop/bin/hadoop job  -kill job_1504752158025_1483
Hadoop job information for Stage-1: number of mappers: 39; number of reducers: 0
2017-09-11 10:02:28,966 Stage-1 map = 0%,  reduce = 0%
2017-09-11 10:02:59,991 Stage-1 map = 1%,  reduce = 0%, Cumulative CPU 21.42 sec
2017-09-11 10:03:04,108 Stage-1 map = 3%,  reduce = 0%, Cumulative CPU 25.81 sec
2017-09-11 10:03:08,226 Stage-1 map = 4%,  reduce = 0%, Cumulative CPU 30.0 sec
2017-09-11 10:03:10,284 Stage-1 map = 8%,  reduce = 0%, Cumulative CPU 37.1 sec
2017-09-11 10:03:14,401 Stage-1 map = 9%,  reduce = 0%, Cumulative CPU 48.43 sec
2017-09-11 10:03:17,559 Stage-1 map = 10%,  reduce = 0%, Cumulative CPU 62.14 sec
2017-09-11 10:03:24,844 Stage-1 map = 11%,  reduce = 0%, Cumulative CPU 95.42 sec
2017-09-11 10:03:27,937 Stage-1 map = 12%,  reduce = 0%, Cumulative CPU 124.06 sec
2017-09-11 10:03:30,006 Stage-1 map = 13%,  reduce = 0%, Cumulative CPU 127.43 sec
2017-09-11 10:03:33,087 Stage-1 map = 14%,  reduce = 0%, Cumulative CPU 142.68 sec
2017-09-11 10:03:37,199 Stage-1 map = 15%,  reduce = 0%, Cumulative CPU 149.53 sec
2017-09-11 10:03:41,327 Stage-1 map = 16%,  reduce = 0%, Cumulative CPU 134.32 sec
2017-09-11 10:03:42,355 Stage-1 map = 18%,  reduce = 0%, Cumulative CPU 145.23 sec
2017-09-11 10:03:43,389 Stage-1 map = 19%,  reduce = 0%, Cumulative CPU 145.65 sec
2017-09-11 10:03:46,478 Stage-1 map = 20%,  reduce = 0%, Cumulative CPU 141.76 sec
2017-09-11 10:03:47,504 Stage-1 map = 21%,  reduce = 0%, Cumulative CPU 150.47 sec
2017-09-11 10:03:53,717 Stage-1 map = 22%,  reduce = 0%, Cumulative CPU 177.18 sec
2017-09-11 10:03:56,806 Stage-1 map = 23%,  reduce = 0%, Cumulative CPU 176.46 sec
2017-09-11 10:04:01,930 Stage-1 map = 24%,  reduce = 0%, Cumulative CPU 183.55 sec
2017-09-11 10:04:13,228 Stage-1 map = 26%,  reduce = 0%, Cumulative CPU 198.15 sec
2017-09-11 10:04:20,401 Stage-1 map = 24%,  reduce = 0%, Cumulative CPU 174.5 sec
2017-09-11 10:04:32,706 Stage-1 map = 23%,  reduce = 0%, Cumulative CPU 160.01 sec
2017-09-11 10:04:45,026 Stage-1 map = 24%,  reduce = 0%, Cumulative CPU 183.77 sec
2017-09-11 10:04:48,110 Stage-1 map = 100%,  reduce = 0%, Cumulative CPU 147.41 sec
MapReduce Total cumulative CPU time: 2 minutes 27 seconds 410 msec
Ended Job = job_1504752158025_1483 with errors
Error during job, obtaining debugging information...
Examining task ID: task_1504752158025_1483_m_000029 (and more) from job job_1504752158025_1483
Examining task ID: task_1504752158025_1483_m_000011 (and more) from job job_1504752158025_1483
Examining task ID: task_1504752158025_1483_m_000012 (and more) from job job_1504752158025_1483

Task with the most failures(4): 
-----
Task ID:
  task_1504752158025_1483_m_000003

URL:
  http://0.0.0.0:8088/taskdetails.jsp?jobid=job_1504752158025_1483&tipid=task_1504752158025_1483_m_000003
-----
Diagnostic Messages for this Task:
Error: java.io.IOException: java.lang.reflect.InvocationTargetException
	at org.apache.hadoop.hive.io.HiveIOExceptionHandlerChain.handleRecordReaderCreationException(HiveIOExceptionHandlerChain.java:97)
	at org.apache.hadoop.hive.io.HiveIOExceptionHandlerUtil.handleRecordReaderCreationException(HiveIOExceptionHandlerUtil.java:57)
	at org.apache.hadoop.hive.shims.HadoopShimsSecure$CombineFileRecordReader.initNextRecordReader(HadoopShimsSecure.java:265)
	at org.apache.hadoop.hive.shims.HadoopShimsSecure$CombineFileRecordReader.next(HadoopShimsSecure.java:139)
	at org.apache.hadoop.mapred.MapTask$TrackedRecordReader.moveToNext(MapTask.java:199)
	at org.apache.hadoop.mapred.MapTask$TrackedRecordReader.next(MapTask.java:185)
	at org.apache.hadoop.mapred.MapRunner.run(MapRunner.java:52)
	at org.apache.hadoop.mapred.MapTask.runOldMapper(MapTask.java:453)
	at org.apache.hadoop.mapred.MapTask.run(MapTask.java:343)
	at org.apache.hadoop.mapred.YarnChild$2.run(YarnChild.java:164)
	at java.security.AccessController.doPrivileged(Native Method)
	at javax.security.auth.Subject.doAs(Subject.java:422)
	at org.apache.hadoop.security.UserGroupInformation.doAs(UserGroupInformation.java:1707)
	at org.apache.hadoop.mapred.YarnChild.main(YarnChild.java:158)
Caused by: java.lang.reflect.InvocationTargetException
	at sun.reflect.NativeConstructorAccessorImpl.newInstance0(Native Method)
	at sun.reflect.NativeConstructorAccessorImpl.newInstance(NativeConstructorAccessorImpl.java:62)
	at sun.reflect.DelegatingConstructorAccessorImpl.newInstance(DelegatingConstructorAccessorImpl.java:45)
	at java.lang.reflect.Constructor.newInstance(Constructor.java:423)
	at org.apache.hadoop.hive.shims.HadoopShimsSecure$CombineFileRecordReader.initNextRecordReader(HadoopShimsSecure.java:251)
	... 11 more
Caused by: org.apache.hadoop.hdfs.BlockMissingException: Could not obtain block: BP-1077754751-111.208.67.23-1473778005157:blk_1077579984_3842534 file=/asiainfo/hive/DWD/dwd_dns_up_stream1/pt_time=20170802/pt_hour=00/000035_2
	at org.apache.hadoop.hdfs.DFSInputStream.chooseDataNode(DFSInputStream.java:963)
	at org.apache.hadoop.hdfs.DFSInputStream.blockSeekTo(DFSInputStream.java:610)
	at org.apache.hadoop.hdfs.DFSInputStream.readWithStrategy(DFSInputStream.java:851)
	at org.apache.hadoop.hdfs.DFSInputStream.read(DFSInputStream.java:904)
	at java.io.DataInputStream.readFully(DataInputStream.java:195)
	at java.io.DataInputStream.readFully(DataInputStream.java:169)
	at org.apache.hadoop.hive.ql.io.RCFile$Reader.init(RCFile.java:1462)
	at org.apache.hadoop.hive.ql.io.RCFile$Reader.<init>(RCFile.java:1363)
	at org.apache.hadoop.hive.ql.io.RCFile$Reader.<init>(RCFile.java:1343)
	at org.apache.hadoop.hive.ql.io.RCFileRecordReader.<init>(RCFileRecordReader.java:100)
	at org.apache.hadoop.hive.ql.io.RCFileInputFormat.getRecordReader(RCFileInputFormat.java:57)
	at org.apache.hadoop.hive.ql.io.CombineHiveRecordReader.<init>(CombineHiveRecordReader.java:66)
	... 16 more


FAILED: Execution Error, return code 2 from org.apache.hadoop.hive.ql.exec.mr.MapRedTask
MapReduce Jobs Launched: 
Stage-Stage-1: Map: 39   Cumulative CPU: 147.41 sec   HDFS Read: 2459112465 HDFS Write: 2420104066 FAIL
Total MapReduce CPU Time Spent: 2 minutes 27 seconds 410 msec
20170802
01
Java HotSpot(TM) 64-Bit Server VM warning: ignoring option MaxPermSize=512M; support was removed in 8.0
2017-09-11 10:04:54,573 WARN  [main] mapreduce.TableMapReduceUtil: The hbase-prefix-tree module jar containing PrefixTreeCodec is not present.  Continuing without it.
Java HotSpot(TM) 64-Bit Server VM warning: ignoring option MaxPermSize=512M; support was removed in 8.0

Logging initialized using configuration in jar:file:/opt/cloudera/parcels/CDH-5.6.1-1.cdh5.6.1.p0.3/jars/hive-common-1.1.0-cdh5.6.1.jar!/hive-log4j.properties
Query ID = hdfs_20170911100404_25bcbb79-47f9-4307-87af-c7a0988b856a
Total jobs = 1
Launching Job 1 out of 1
Number of reduce tasks is set to 0 since there's no reduce operator
Starting Job = job_1504752158025_1484, Tracking URL = http://jsgd6:8088/proxy/application_1504752158025_1484/
Kill Command = /opt/cloudera/parcels/CDH-5.6.1-1.cdh5.6.1.p0.3/lib/hadoop/bin/hadoop job  -kill job_1504752158025_1484
Hadoop job information for Stage-1: number of mappers: 38; number of reducers: 0
2017-09-11 10:05:50,815 Stage-1 map = 0%,  reduce = 0%
2017-09-11 10:06:51,557 Stage-1 map = 0%,  reduce = 0%
2017-09-11 10:07:06,073 Stage-1 map = 1%,  reduce = 0%, Cumulative CPU 11.45 sec
2017-09-11 10:07:10,192 Stage-1 map = 3%,  reduce = 0%, Cumulative CPU 16.13 sec
2017-09-11 10:07:20,481 Stage-1 map = 4%,  reduce = 0%, Cumulative CPU 27.29 sec
2017-09-11 10:07:24,607 Stage-1 map = 5%,  reduce = 0%, Cumulative CPU 31.79 sec
2017-09-11 10:07:35,918 Stage-1 map = 7%,  reduce = 0%, Cumulative CPU 58.79 sec
2017-09-11 10:07:37,974 Stage-1 map = 8%,  reduce = 0%, Cumulative CPU 61.63 sec
2017-09-11 10:07:42,095 Stage-1 map = 9%,  reduce = 0%, Cumulative CPU 78.1 sec
2017-09-11 10:07:45,203 Stage-1 map = 11%,  reduce = 0%, Cumulative CPU 74.4 sec
2017-09-11 10:07:46,239 Stage-1 map = 12%,  reduce = 0%, Cumulative CPU 86.92 sec
2017-09-11 10:07:49,324 Stage-1 map = 13%,  reduce = 0%, Cumulative CPU 90.86 sec
2017-09-11 10:07:52,403 Stage-1 map = 14%,  reduce = 0%, Cumulative CPU 102.07 sec
2017-09-11 10:07:56,508 Stage-1 map = 16%,  reduce = 0%, Cumulative CPU 123.78 sec
2017-09-11 10:07:58,573 Stage-1 map = 17%,  reduce = 0%, Cumulative CPU 124.42 sec
2017-09-11 10:08:01,678 Stage-1 map = 18%,  reduce = 0%, Cumulative CPU 141.67 sec
2017-09-11 10:08:03,743 Stage-1 map = 20%,  reduce = 0%, Cumulative CPU 143.11 sec
2017-09-11 10:08:04,775 Stage-1 map = 21%,  reduce = 0%, Cumulative CPU 148.28 sec
2017-09-11 10:08:06,834 Stage-1 map = 22%,  reduce = 0%, Cumulative CPU 150.6 sec
2017-09-11 10:08:07,863 Stage-1 map = 23%,  reduce = 0%, Cumulative CPU 162.46 sec
2017-09-11 10:08:12,993 Stage-1 map = 24%,  reduce = 0%, Cumulative CPU 194.88 sec
2017-09-11 10:08:14,019 Stage-1 map = 26%,  reduce = 0%, Cumulative CPU 199.26 sec
2017-09-11 10:08:17,115 Stage-1 map = 27%,  reduce = 0%, Cumulative CPU 207.64 sec
2017-09-11 10:08:18,142 Stage-1 map = 28%,  reduce = 0%, Cumulative CPU 209.02 sec
2017-09-11 10:08:20,195 Stage-1 map = 30%,  reduce = 0%, Cumulative CPU 222.81 sec
2017-09-11 10:08:22,277 Stage-1 map = 28%,  reduce = 0%, Cumulative CPU 217.31 sec
2017-09-11 10:08:24,349 Stage-1 map = 30%,  reduce = 0%, Cumulative CPU 226.8 sec
2017-09-11 10:08:25,377 Stage-1 map = 31%,  reduce = 0%, Cumulative CPU 229.72 sec
2017-09-11 10:08:26,405 Stage-1 map = 32%,  reduce = 0%, Cumulative CPU 232.82 sec
2017-09-11 10:08:28,460 Stage-1 map = 33%,  reduce = 0%, Cumulative CPU 227.23 sec
2017-09-11 10:08:30,512 Stage-1 map = 34%,  reduce = 0%, Cumulative CPU 228.27 sec
2017-09-11 10:08:34,622 Stage-1 map = 35%,  reduce = 0%, Cumulative CPU 237.88 sec
2017-09-11 10:08:40,803 Stage-1 map = 36%,  reduce = 0%, Cumulative CPU 270.04 sec
2017-09-11 10:08:42,879 Stage-1 map = 37%,  reduce = 0%, Cumulative CPU 272.71 sec
2017-09-11 10:08:44,931 Stage-1 map = 38%,  reduce = 0%, Cumulative CPU 291.14 sec
2017-09-11 10:08:49,045 Stage-1 map = 39%,  reduce = 0%, Cumulative CPU 303.27 sec
2017-09-11 10:08:50,070 Stage-1 map = 40%,  reduce = 0%, Cumulative CPU 305.14 sec
2017-09-11 10:08:55,218 Stage-1 map = 41%,  reduce = 0%, Cumulative CPU 307.43 sec
2017-09-11 10:08:58,320 Stage-1 map = 42%,  reduce = 0%, Cumulative CPU 322.04 sec
2017-09-11 10:09:01,395 Stage-1 map = 44%,  reduce = 0%, Cumulative CPU 343.24 sec
2017-09-11 10:09:05,508 Stage-1 map = 42%,  reduce = 0%, Cumulative CPU 316.17 sec
2017-09-11 10:09:08,630 Stage-1 map = 41%,  reduce = 0%, Cumulative CPU 310.52 sec
2017-09-11 10:09:10,689 Stage-1 map = 42%,  reduce = 0%, Cumulative CPU 304.88 sec
2017-09-11 10:09:12,745 Stage-1 map = 43%,  reduce = 0%, Cumulative CPU 307.65 sec
2017-09-11 10:09:19,952 Stage-1 map = 46%,  reduce = 0%, Cumulative CPU 339.89 sec
2017-09-11 10:09:22,009 Stage-1 map = 100%,  reduce = 0%, Cumulative CPU 271.75 sec
MapReduce Total cumulative CPU time: 4 minutes 31 seconds 750 msec
Ended Job = job_1504752158025_1484 with errors
Error during job, obtaining debugging information...
Examining task ID: task_1504752158025_1484_m_000009 (and more) from job job_1504752158025_1484
Examining task ID: task_1504752158025_1484_m_000012 (and more) from job job_1504752158025_1484
Examining task ID: task_1504752158025_1484_m_000005 (and more) from job job_1504752158025_1484

Task with the most failures(4): 
-----
Task ID:
  task_1504752158025_1484_m_000028

URL:
  http://0.0.0.0:8088/taskdetails.jsp?jobid=job_1504752158025_1484&tipid=task_1504752158025_1484_m_000028
-----
Diagnostic Messages for this Task:
Error: java.io.IOException: java.io.IOException: org.apache.hadoop.hdfs.BlockMissingException: Could not obtain block: BP-1077754751-111.208.67.23-1473778005157:blk_1077580119_3842669 file=/asiainfo/hive/DWD/dwd_dns_up_stream1/pt_time=20170802/pt_hour=01/000006_0
	at org.apache.hadoop.hive.io.HiveIOExceptionHandlerChain.handleRecordReaderNextException(HiveIOExceptionHandlerChain.java:121)
	at org.apache.hadoop.hive.io.HiveIOExceptionHandlerUtil.handleRecordReaderNextException(HiveIOExceptionHandlerUtil.java:77)
	at org.apache.hadoop.hive.shims.HadoopShimsSecure$CombineFileRecordReader.doNextWithExceptionHandler(HadoopShimsSecure.java:226)
	at org.apache.hadoop.hive.shims.HadoopShimsSecure$CombineFileRecordReader.next(HadoopShimsSecure.java:136)
	at org.apache.hadoop.mapred.MapTask$TrackedRecordReader.moveToNext(MapTask.java:199)
	at org.apache.hadoop.mapred.MapTask$TrackedRecordReader.next(MapTask.java:185)
	at org.apache.hadoop.mapred.MapRunner.run(MapRunner.java:52)
	at org.apache.hadoop.mapred.MapTask.runOldMapper(MapTask.java:453)
	at org.apache.hadoop.mapred.MapTask.run(MapTask.java:343)
	at org.apache.hadoop.mapred.YarnChild$2.run(YarnChild.java:164)
	at java.security.AccessController.doPrivileged(Native Method)
	at javax.security.auth.Subject.doAs(Subject.java:422)
	at org.apache.hadoop.security.UserGroupInformation.doAs(UserGroupInformation.java:1707)
	at org.apache.hadoop.mapred.YarnChild.main(YarnChild.java:158)
Caused by: java.io.IOException: org.apache.hadoop.hdfs.BlockMissingException: Could not obtain block: BP-1077754751-111.208.67.23-1473778005157:blk_1077580119_3842669 file=/asiainfo/hive/DWD/dwd_dns_up_stream1/pt_time=20170802/pt_hour=01/000006_0
	at org.apache.hadoop.hive.io.HiveIOExceptionHandlerChain.handleRecordReaderNextException(HiveIOExceptionHandlerChain.java:121)
	at org.apache.hadoop.hive.io.HiveIOExceptionHandlerUtil.handleRecordReaderNextException(HiveIOExceptionHandlerUtil.java:77)
	at org.apache.hadoop.hive.ql.io.HiveContextAwareRecordReader.doNext(HiveContextAwareRecordReader.java:355)
	at org.apache.hadoop.hive.ql.io.CombineHiveRecordReader.doNext(CombineHiveRecordReader.java:105)
	at org.apache.hadoop.hive.ql.io.CombineHiveRecordReader.doNext(CombineHiveRecordReader.java:41)
	at org.apache.hadoop.hive.ql.io.HiveContextAwareRecordReader.next(HiveContextAwareRecordReader.java:116)
	at org.apache.hadoop.hive.shims.HadoopShimsSecure$CombineFileRecordReader.doNextWithExceptionHandler(HadoopShimsSecure.java:224)
	... 11 more
Caused by: org.apache.hadoop.hdfs.BlockMissingException: Could not obtain block: BP-1077754751-111.208.67.23-1473778005157:blk_1077580119_3842669 file=/asiainfo/hive/DWD/dwd_dns_up_stream1/pt_time=20170802/pt_hour=01/000006_0
	at org.apache.hadoop.hdfs.DFSInputStream.chooseDataNode(DFSInputStream.java:963)
	at org.apache.hadoop.hdfs.DFSInputStream.blockSeekTo(DFSInputStream.java:610)
	at org.apache.hadoop.hdfs.DFSInputStream.readWithStrategy(DFSInputStream.java:851)
	at org.apache.hadoop.hdfs.DFSInputStream.read(DFSInputStream.java:904)
	at java.io.DataInputStream.readFully(DataInputStream.java:195)
	at org.apache.hadoop.hive.common.io.NonSyncByteArrayOutputStream.write(NonSyncByteArrayOutputStream.java:56)
	at org.apache.hadoop.hive.ql.io.NonSyncDataOutputBuffer.write(NonSyncDataOutputBuffer.java:66)
	at org.apache.hadoop.hive.ql.io.RCFile$KeyBuffer.readFields(RCFile.java:480)
	at org.apache.hadoop.hive.ql.io.RCFile$Reader.nextKeyBuffer(RCFile.java:1691)
	at org.apache.hadoop.hive.ql.io.RCFile$Reader.next(RCFile.java:1838)
	at org.apache.hadoop.hive.ql.io.RCFileRecordReader.next(RCFileRecordReader.java:159)
	at org.apache.hadoop.hive.ql.io.RCFileRecordReader.next(RCFileRecordReader.java:146)
	at org.apache.hadoop.hive.ql.io.RCFileRecordReader.next(RCFileRecordReader.java:44)
	at org.apache.hadoop.hive.ql.io.HiveContextAwareRecordReader.doNext(HiveContextAwareRecordReader.java:350)
	... 15 more


FAILED: Execution Error, return code 2 from org.apache.hadoop.hive.ql.exec.mr.MapRedTask
MapReduce Jobs Launched: 
Stage-Stage-1: Map: 38   Cumulative CPU: 271.75 sec   HDFS Read: 4608898845 HDFS Write: 4543508669 FAIL
Total MapReduce CPU Time Spent: 4 minutes 31 seconds 750 msec
20170802
02
Java HotSpot(TM) 64-Bit Server VM warning: ignoring option MaxPermSize=512M; support was removed in 8.0
2017-09-11 10:09:28,342 WARN  [main] mapreduce.TableMapReduceUtil: The hbase-prefix-tree module jar containing PrefixTreeCodec is not present.  Continuing without it.
Java HotSpot(TM) 64-Bit Server VM warning: ignoring option MaxPermSize=512M; support was removed in 8.0

Logging initialized using configuration in jar:file:/opt/cloudera/parcels/CDH-5.6.1-1.cdh5.6.1.p0.3/jars/hive-common-1.1.0-cdh5.6.1.jar!/hive-log4j.properties
Query ID = hdfs_20170911100909_83bb59cc-9617-4c35-9211-2dbaf9bd3735
Total jobs = 1
Launching Job 1 out of 1
Number of reduce tasks is set to 0 since there's no reduce operator
Starting Job = job_1504752158025_1486, Tracking URL = http://jsgd6:8088/proxy/application_1504752158025_1486/
Kill Command = /opt/cloudera/parcels/CDH-5.6.1-1.cdh5.6.1.p0.3/lib/hadoop/bin/hadoop job  -kill job_1504752158025_1486
Hadoop job information for Stage-1: number of mappers: 36; number of reducers: 0
2017-09-11 10:11:25,236 Stage-1 map = 0%,  reduce = 0%
2017-09-11 10:11:51,088 Stage-1 map = 1%,  reduce = 0%, Cumulative CPU 11.86 sec
2017-09-11 10:11:58,301 Stage-1 map = 4%,  reduce = 0%, Cumulative CPU 37.33 sec
2017-09-11 10:12:13,747 Stage-1 map = 6%,  reduce = 0%, Cumulative CPU 42.68 sec
2017-09-11 10:12:19,926 Stage-1 map = 4%,  reduce = 0%, Cumulative CPU 38.95 sec
2017-09-11 10:12:23,013 Stage-1 map = 6%,  reduce = 0%, Cumulative CPU 41.34 sec
2017-09-11 10:12:30,221 Stage-1 map = 7%,  reduce = 0%, Cumulative CPU 61.37 sec
2017-09-11 10:12:33,307 Stage-1 map = 8%,  reduce = 0%, Cumulative CPU 76.89 sec
2017-09-11 10:12:43,585 Stage-1 map = 10%,  reduce = 0%, Cumulative CPU 65.05 sec
2017-09-11 10:12:48,720 Stage-1 map = 11%,  reduce = 0%, Cumulative CPU 99.8 sec
2017-09-11 10:12:49,746 Stage-1 map = 12%,  reduce = 0%, Cumulative CPU 118.17 sec
2017-09-11 10:12:51,799 Stage-1 map = 13%,  reduce = 0%, Cumulative CPU 126.63 sec
2017-09-11 10:12:55,931 Stage-1 map = 14%,  reduce = 0%, Cumulative CPU 147.3 sec
2017-09-11 10:12:58,001 Stage-1 map = 16%,  reduce = 0%, Cumulative CPU 170.84 sec
2017-09-11 10:12:59,030 Stage-1 map = 17%,  reduce = 0%, Cumulative CPU 174.09 sec
2017-09-11 10:13:06,217 Stage-1 map = 15%,  reduce = 0%, Cumulative CPU 159.01 sec
2017-09-11 10:13:11,343 Stage-1 map = 14%,  reduce = 0%, Cumulative CPU 113.37 sec
2017-09-11 10:13:14,422 Stage-1 map = 12%,  reduce = 0%, Cumulative CPU 96.61 sec
2017-09-11 10:13:20,683 Stage-1 map = 14%,  reduce = 0%, Cumulative CPU 98.33 sec
2017-09-11 10:13:25,811 Stage-1 map = 12%,  reduce = 0%, Cumulative CPU 106.41 sec
2017-09-11 10:13:29,914 Stage-1 map = 14%,  reduce = 0%, Cumulative CPU 117.47 sec
2017-09-11 10:13:36,086 Stage-1 map = 15%,  reduce = 0%, Cumulative CPU 133.68 sec
2017-09-11 10:13:45,321 Stage-1 map = 14%,  reduce = 0%, Cumulative CPU 110.11 sec
2017-09-11 10:13:52,491 Stage-1 map = 13%,  reduce = 0%, Cumulative CPU 105.45 sec
2017-09-11 10:13:55,576 Stage-1 map = 14%,  reduce = 0%, Cumulative CPU 116.58 sec
2017-09-11 10:13:57,641 Stage-1 map = 12%,  reduce = 0%, Cumulative CPU 91.22 sec
2017-09-11 10:14:03,788 Stage-1 map = 100%,  reduce = 0%, Cumulative CPU 68.31 sec
MapReduce Total cumulative CPU time: 1 minutes 8 seconds 310 msec
Ended Job = job_1504752158025_1486 with errors
Error during job, obtaining debugging information...
Examining task ID: task_1504752158025_1486_m_000012 (and more) from job job_1504752158025_1486
Examining task ID: task_1504752158025_1486_m_000006 (and more) from job job_1504752158025_1486
Examining task ID: task_1504752158025_1486_m_000008 (and more) from job job_1504752158025_1486

Task with the most failures(4): 
-----
Task ID:
  task_1504752158025_1486_m_000021

URL:
  http://0.0.0.0:8088/taskdetails.jsp?jobid=job_1504752158025_1486&tipid=task_1504752158025_1486_m_000021
-----
Diagnostic Messages for this Task:
Error: java.io.IOException: java.io.IOException: org.apache.hadoop.hdfs.BlockMissingException: Could not obtain block: BP-1077754751-111.208.67.23-1473778005157:blk_1077580238_3842788 file=/asiainfo/hive/DWD/dwd_dns_up_stream1/pt_time=20170802/pt_hour=02/000011_0
	at org.apache.hadoop.hive.io.HiveIOExceptionHandlerChain.handleRecordReaderNextException(HiveIOExceptionHandlerChain.java:121)
	at org.apache.hadoop.hive.io.HiveIOExceptionHandlerUtil.handleRecordReaderNextException(HiveIOExceptionHandlerUtil.java:77)
	at org.apache.hadoop.hive.shims.HadoopShimsSecure$CombineFileRecordReader.doNextWithExceptionHandler(HadoopShimsSecure.java:226)
	at org.apache.hadoop.hive.shims.HadoopShimsSecure$CombineFileRecordReader.next(HadoopShimsSecure.java:136)
	at org.apache.hadoop.mapred.MapTask$TrackedRecordReader.moveToNext(MapTask.java:199)
	at org.apache.hadoop.mapred.MapTask$TrackedRecordReader.next(MapTask.java:185)
	at org.apache.hadoop.mapred.MapRunner.run(MapRunner.java:52)
	at org.apache.hadoop.mapred.MapTask.runOldMapper(MapTask.java:453)
	at org.apache.hadoop.mapred.MapTask.run(MapTask.java:343)
	at org.apache.hadoop.mapred.YarnChild$2.run(YarnChild.java:164)
	at java.security.AccessController.doPrivileged(Native Method)
	at javax.security.auth.Subject.doAs(Subject.java:422)
	at org.apache.hadoop.security.UserGroupInformation.doAs(UserGroupInformation.java:1707)
	at org.apache.hadoop.mapred.YarnChild.main(YarnChild.java:158)
Caused by: java.io.IOException: org.apache.hadoop.hdfs.BlockMissingException: Could not obtain block: BP-1077754751-111.208.67.23-1473778005157:blk_1077580238_3842788 file=/asiainfo/hive/DWD/dwd_dns_up_stream1/pt_time=20170802/pt_hour=02/000011_0
	at org.apache.hadoop.hive.io.HiveIOExceptionHandlerChain.handleRecordReaderNextException(HiveIOExceptionHandlerChain.java:121)
	at org.apache.hadoop.hive.io.HiveIOExceptionHandlerUtil.handleRecordReaderNextException(HiveIOExceptionHandlerUtil.java:77)
	at org.apache.hadoop.hive.ql.io.HiveContextAwareRecordReader.doNext(HiveContextAwareRecordReader.java:355)
	at org.apache.hadoop.hive.ql.io.CombineHiveRecordReader.doNext(CombineHiveRecordReader.java:105)
	at org.apache.hadoop.hive.ql.io.CombineHiveRecordReader.doNext(CombineHiveRecordReader.java:41)
	at org.apache.hadoop.hive.ql.io.HiveContextAwareRecordReader.next(HiveContextAwareRecordReader.java:116)
	at org.apache.hadoop.hive.shims.HadoopShimsSecure$CombineFileRecordReader.doNextWithExceptionHandler(HadoopShimsSecure.java:224)
	... 11 more
Caused by: org.apache.hadoop.hdfs.BlockMissingException: Could not obtain block: BP-1077754751-111.208.67.23-1473778005157:blk_1077580238_3842788 file=/asiainfo/hive/DWD/dwd_dns_up_stream1/pt_time=20170802/pt_hour=02/000011_0
	at org.apache.hadoop.hdfs.DFSInputStream.chooseDataNode(DFSInputStream.java:963)
	at org.apache.hadoop.hdfs.DFSInputStream.blockSeekTo(DFSInputStream.java:610)
	at org.apache.hadoop.hdfs.DFSInputStream.readWithStrategy(DFSInputStream.java:851)
	at org.apache.hadoop.hdfs.DFSInputStream.read(DFSInputStream.java:904)
	at java.io.DataInputStream.readFully(DataInputStream.java:195)
	at org.apache.hadoop.hive.common.io.NonSyncByteArrayOutputStream.write(NonSyncByteArrayOutputStream.java:56)
	at org.apache.hadoop.hive.ql.io.NonSyncDataOutputBuffer.write(NonSyncDataOutputBuffer.java:66)
	at org.apache.hadoop.hive.ql.io.RCFile$KeyBuffer.readFields(RCFile.java:480)
	at org.apache.hadoop.hive.ql.io.RCFile$Reader.nextKeyBuffer(RCFile.java:1691)
	at org.apache.hadoop.hive.ql.io.RCFile$Reader.next(RCFile.java:1838)
	at org.apache.hadoop.hive.ql.io.RCFileRecordReader.next(RCFileRecordReader.java:159)
	at org.apache.hadoop.hive.ql.io.RCFileRecordReader.next(RCFileRecordReader.java:146)
	at org.apache.hadoop.hive.ql.io.RCFileRecordReader.next(RCFileRecordReader.java:44)
	at org.apache.hadoop.hive.ql.io.HiveContextAwareRecordReader.doNext(HiveContextAwareRecordReader.java:350)
	... 15 more


FAILED: Execution Error, return code 2 from org.apache.hadoop.hive.ql.exec.mr.MapRedTask
MapReduce Jobs Launched: 
Stage-Stage-1: Map: 36   Cumulative CPU: 68.31 sec   HDFS Read: 1161252310 HDFS Write: 1143846463 FAIL
Total MapReduce CPU Time Spent: 1 minutes 8 seconds 310 msec
20170802
03
Java HotSpot(TM) 64-Bit Server VM warning: ignoring option MaxPermSize=512M; support was removed in 8.0
2017-09-11 10:14:16,082 WARN  [main] mapreduce.TableMapReduceUtil: The hbase-prefix-tree module jar containing PrefixTreeCodec is not present.  Continuing without it.
Java HotSpot(TM) 64-Bit Server VM warning: ignoring option MaxPermSize=512M; support was removed in 8.0

Logging initialized using configuration in jar:file:/opt/cloudera/parcels/CDH-5.6.1-1.cdh5.6.1.p0.3/jars/hive-common-1.1.0-cdh5.6.1.jar!/hive-log4j.properties
Query ID = hdfs_20170911101414_1bdc11ad-640c-4776-af09-cd7692b7a250
Total jobs = 1
Launching Job 1 out of 1
Number of reduce tasks is set to 0 since there's no reduce operator
Starting Job = job_1504752158025_1488, Tracking URL = http://jsgd6:8088/proxy/application_1504752158025_1488/
Kill Command = /opt/cloudera/parcels/CDH-5.6.1-1.cdh5.6.1.p0.3/lib/hadoop/bin/hadoop job  -kill job_1504752158025_1488
Hadoop job information for Stage-1: number of mappers: 33; number of reducers: 0
2017-09-11 10:15:58,281 Stage-1 map = 0%,  reduce = 0%
2017-09-11 10:16:21,016 Stage-1 map = 1%,  reduce = 0%, Cumulative CPU 10.98 sec
2017-09-11 10:16:24,109 Stage-1 map = 2%,  reduce = 0%, Cumulative CPU 14.87 sec
2017-09-11 10:16:30,311 Stage-1 map = 3%,  reduce = 0%, Cumulative CPU 19.93 sec
2017-09-11 10:16:46,771 Stage-1 map = 5%,  reduce = 0%, Cumulative CPU 39.12 sec
2017-09-11 10:16:49,865 Stage-1 map = 7%,  reduce = 0%, Cumulative CPU 56.33 sec
2017-09-11 10:16:51,920 Stage-1 map = 8%,  reduce = 0%, Cumulative CPU 57.53 sec
2017-09-11 10:16:56,036 Stage-1 map = 9%,  reduce = 0%, Cumulative CPU 65.97 sec
2017-09-11 10:16:59,122 Stage-1 map = 10%,  reduce = 0%, Cumulative CPU 71.1 sec
2017-09-11 10:17:03,388 Stage-1 map = 12%,  reduce = 0%, Cumulative CPU 84.75 sec
2017-09-11 10:17:04,417 Stage-1 map = 14%,  reduce = 0%, Cumulative CPU 95.44 sec
2017-09-11 10:17:08,528 Stage-1 map = 15%,  reduce = 0%, Cumulative CPU 122.33 sec
2017-09-11 10:17:09,554 Stage-1 map = 16%,  reduce = 0%, Cumulative CPU 137.19 sec
2017-09-11 10:17:11,628 Stage-1 map = 18%,  reduce = 0%, Cumulative CPU 140.27 sec
2017-09-11 10:17:12,671 Stage-1 map = 20%,  reduce = 0%, Cumulative CPU 144.6 sec
2017-09-11 10:17:15,775 Stage-1 map = 24%,  reduce = 0%, Cumulative CPU 172.13 sec
2017-09-11 10:17:16,802 Stage-1 map = 25%,  reduce = 0%, Cumulative CPU 173.67 sec
2017-09-11 10:17:17,830 Stage-1 map = 27%,  reduce = 0%, Cumulative CPU 178.65 sec
2017-09-11 10:17:18,859 Stage-1 map = 28%,  reduce = 0%, Cumulative CPU 182.98 sec
2017-09-11 10:17:21,937 Stage-1 map = 35%,  reduce = 0%, Cumulative CPU 210.66 sec
2017-09-11 10:17:26,055 Stage-1 map = 36%,  reduce = 0%, Cumulative CPU 224.55 sec
2017-09-11 10:17:29,143 Stage-1 map = 39%,  reduce = 0%, Cumulative CPU 247.18 sec
2017-09-11 10:17:33,285 Stage-1 map = 40%,  reduce = 0%, Cumulative CPU 266.07 sec
2017-09-11 10:17:35,344 Stage-1 map = 44%,  reduce = 0%, Cumulative CPU 291.51 sec
2017-09-11 10:17:36,391 Stage-1 map = 47%,  reduce = 0%, Cumulative CPU 294.75 sec
2017-09-11 10:17:37,443 Stage-1 map = 48%,  reduce = 0%, Cumulative CPU 307.51 sec
2017-09-11 10:17:39,504 Stage-1 map = 49%,  reduce = 0%, Cumulative CPU 321.63 sec
2017-09-11 10:17:40,532 Stage-1 map = 51%,  reduce = 0%, Cumulative CPU 330.52 sec
2017-09-11 10:17:41,562 Stage-1 map = 52%,  reduce = 0%, Cumulative CPU 336.55 sec
2017-09-11 10:17:42,587 Stage-1 map = 55%,  reduce = 0%, Cumulative CPU 343.17 sec
2017-09-11 10:17:43,613 Stage-1 map = 57%,  reduce = 0%, Cumulative CPU 346.7 sec
2017-09-11 10:17:45,672 Stage-1 map = 60%,  reduce = 0%, Cumulative CPU 355.26 sec
2017-09-11 10:17:46,703 Stage-1 map = 61%,  reduce = 0%, Cumulative CPU 366.74 sec
2017-09-11 10:17:47,729 Stage-1 map = 62%,  reduce = 0%, Cumulative CPU 376.22 sec
2017-09-11 10:17:49,789 Stage-1 map = 64%,  reduce = 0%, Cumulative CPU 389.48 sec
2017-09-11 10:17:51,847 Stage-1 map = 65%,  reduce = 0%, Cumulative CPU 405.27 sec
2017-09-11 10:17:52,874 Stage-1 map = 67%,  reduce = 0%, Cumulative CPU 416.33 sec
2017-09-11 10:17:53,902 Stage-1 map = 70%,  reduce = 0%, Cumulative CPU 425.16 sec
2017-09-11 10:17:56,991 Stage-1 map = 74%,  reduce = 0%, Cumulative CPU 458.78 sec
2017-09-11 10:17:59,057 Stage-1 map = 79%,  reduce = 0%, Cumulative CPU 467.08 sec
2017-09-11 10:18:01,106 Stage-1 map = 82%,  reduce = 0%, Cumulative CPU 484.87 sec
2017-09-11 10:18:04,192 Stage-1 map = 83%,  reduce = 0%, Cumulative CPU 487.18 sec
2017-09-11 10:18:10,355 Stage-1 map = 85%,  reduce = 0%, Cumulative CPU 522.82 sec
2017-09-11 10:18:11,387 Stage-1 map = 88%,  reduce = 0%, Cumulative CPU 529.41 sec
2017-09-11 10:18:12,414 Stage-1 map = 89%,  reduce = 0%, Cumulative CPU 533.2 sec
2017-09-11 10:18:14,465 Stage-1 map = 92%,  reduce = 0%, Cumulative CPU 547.87 sec
2017-09-11 10:18:15,491 Stage-1 map = 94%,  reduce = 0%, Cumulative CPU 550.44 sec
2017-09-11 10:18:19,604 Stage-1 map = 95%,  reduce = 0%, Cumulative CPU 555.18 sec
2017-09-11 10:18:21,655 Stage-1 map = 97%,  reduce = 0%, Cumulative CPU 565.87 sec
2017-09-11 10:18:26,772 Stage-1 map = 98%,  reduce = 0%, Cumulative CPU 570.32 sec
2017-09-11 10:18:31,921 Stage-1 map = 100%,  reduce = 0%, Cumulative CPU 575.27 sec
MapReduce Total cumulative CPU time: 9 minutes 35 seconds 270 msec
Ended Job = job_1504752158025_1488
Stage-4 is selected by condition resolver.
Stage-3 is filtered out by condition resolver.
Stage-5 is filtered out by condition resolver.
Moving data to: hdfs://nameservice1/asiainfo/hive/DWD/dwd_dns_up_stream/pt_time=20170802/pt_hour=03/.hive-staging_hive_2017-09-11_10-14-19_492_4150935626928214556-1/-ext-10000
Loading data to table default.dwd_dns_up_stream partition (pt_time=20170802, pt_hour=03)
Moved: 'hdfs://nameservice1/asiainfo/hive/DWD/dwd_dns_up_stream/pt_time=20170802/pt_hour=03/000000_0' to trash at: hdfs://nameservice1/user/hdfs/.Trash/Current
Moved: 'hdfs://nameservice1/asiainfo/hive/DWD/dwd_dns_up_stream/pt_time=20170802/pt_hour=03/000001_0' to trash at: hdfs://nameservice1/user/hdfs/.Trash/Current
Moved: 'hdfs://nameservice1/asiainfo/hive/DWD/dwd_dns_up_stream/pt_time=20170802/pt_hour=03/000002_0' to trash at: hdfs://nameservice1/user/hdfs/.Trash/Current
Moved: 'hdfs://nameservice1/asiainfo/hive/DWD/dwd_dns_up_stream/pt_time=20170802/pt_hour=03/000003_0' to trash at: hdfs://nameservice1/user/hdfs/.Trash/Current
Moved: 'hdfs://nameservice1/asiainfo/hive/DWD/dwd_dns_up_stream/pt_time=20170802/pt_hour=03/000004_0' to trash at: hdfs://nameservice1/user/hdfs/.Trash/Current
Moved: 'hdfs://nameservice1/asiainfo/hive/DWD/dwd_dns_up_stream/pt_time=20170802/pt_hour=03/000005_0' to trash at: hdfs://nameservice1/user/hdfs/.Trash/Current
Moved: 'hdfs://nameservice1/asiainfo/hive/DWD/dwd_dns_up_stream/pt_time=20170802/pt_hour=03/000006_0' to trash at: hdfs://nameservice1/user/hdfs/.Trash/Current
Moved: 'hdfs://nameservice1/asiainfo/hive/DWD/dwd_dns_up_stream/pt_time=20170802/pt_hour=03/000007_0' to trash at: hdfs://nameservice1/user/hdfs/.Trash/Current
Moved: 'hdfs://nameservice1/asiainfo/hive/DWD/dwd_dns_up_stream/pt_time=20170802/pt_hour=03/000008_0' to trash at: hdfs://nameservice1/user/hdfs/.Trash/Current
Moved: 'hdfs://nameservice1/asiainfo/hive/DWD/dwd_dns_up_stream/pt_time=20170802/pt_hour=03/000009_0' to trash at: hdfs://nameservice1/user/hdfs/.Trash/Current
Moved: 'hdfs://nameservice1/asiainfo/hive/DWD/dwd_dns_up_stream/pt_time=20170802/pt_hour=03/000010_0' to trash at: hdfs://nameservice1/user/hdfs/.Trash/Current
Moved: 'hdfs://nameservice1/asiainfo/hive/DWD/dwd_dns_up_stream/pt_time=20170802/pt_hour=03/000011_0' to trash at: hdfs://nameservice1/user/hdfs/.Trash/Current
Moved: 'hdfs://nameservice1/asiainfo/hive/DWD/dwd_dns_up_stream/pt_time=20170802/pt_hour=03/000012_0' to trash at: hdfs://nameservice1/user/hdfs/.Trash/Current
Moved: 'hdfs://nameservice1/asiainfo/hive/DWD/dwd_dns_up_stream/pt_time=20170802/pt_hour=03/000013_0' to trash at: hdfs://nameservice1/user/hdfs/.Trash/Current
Moved: 'hdfs://nameservice1/asiainfo/hive/DWD/dwd_dns_up_stream/pt_time=20170802/pt_hour=03/000014_0' to trash at: hdfs://nameservice1/user/hdfs/.Trash/Current
Moved: 'hdfs://nameservice1/asiainfo/hive/DWD/dwd_dns_up_stream/pt_time=20170802/pt_hour=03/000015_0' to trash at: hdfs://nameservice1/user/hdfs/.Trash/Current
Moved: 'hdfs://nameservice1/asiainfo/hive/DWD/dwd_dns_up_stream/pt_time=20170802/pt_hour=03/000016_0' to trash at: hdfs://nameservice1/user/hdfs/.Trash/Current
Moved: 'hdfs://nameservice1/asiainfo/hive/DWD/dwd_dns_up_stream/pt_time=20170802/pt_hour=03/000017_0' to trash at: hdfs://nameservice1/user/hdfs/.Trash/Current
Moved: 'hdfs://nameservice1/asiainfo/hive/DWD/dwd_dns_up_stream/pt_time=20170802/pt_hour=03/000018_0' to trash at: hdfs://nameservice1/user/hdfs/.Trash/Current
Moved: 'hdfs://nameservice1/asiainfo/hive/DWD/dwd_dns_up_stream/pt_time=20170802/pt_hour=03/000019_0' to trash at: hdfs://nameservice1/user/hdfs/.Trash/Current
Moved: 'hdfs://nameservice1/asiainfo/hive/DWD/dwd_dns_up_stream/pt_time=20170802/pt_hour=03/000020_0' to trash at: hdfs://nameservice1/user/hdfs/.Trash/Current
Moved: 'hdfs://nameservice1/asiainfo/hive/DWD/dwd_dns_up_stream/pt_time=20170802/pt_hour=03/000021_0' to trash at: hdfs://nameservice1/user/hdfs/.Trash/Current
Moved: 'hdfs://nameservice1/asiainfo/hive/DWD/dwd_dns_up_stream/pt_time=20170802/pt_hour=03/000022_0' to trash at: hdfs://nameservice1/user/hdfs/.Trash/Current
Moved: 'hdfs://nameservice1/asiainfo/hive/DWD/dwd_dns_up_stream/pt_time=20170802/pt_hour=03/000023_0' to trash at: hdfs://nameservice1/user/hdfs/.Trash/Current
Moved: 'hdfs://nameservice1/asiainfo/hive/DWD/dwd_dns_up_stream/pt_time=20170802/pt_hour=03/000024_0' to trash at: hdfs://nameservice1/user/hdfs/.Trash/Current
Moved: 'hdfs://nameservice1/asiainfo/hive/DWD/dwd_dns_up_stream/pt_time=20170802/pt_hour=03/000025_0' to trash at: hdfs://nameservice1/user/hdfs/.Trash/Current
Moved: 'hdfs://nameservice1/asiainfo/hive/DWD/dwd_dns_up_stream/pt_time=20170802/pt_hour=03/000026_0' to trash at: hdfs://nameservice1/user/hdfs/.Trash/Current
Moved: 'hdfs://nameservice1/asiainfo/hive/DWD/dwd_dns_up_stream/pt_time=20170802/pt_hour=03/000027_0' to trash at: hdfs://nameservice1/user/hdfs/.Trash/Current
Moved: 'hdfs://nameservice1/asiainfo/hive/DWD/dwd_dns_up_stream/pt_time=20170802/pt_hour=03/000028_0' to trash at: hdfs://nameservice1/user/hdfs/.Trash/Current
Moved: 'hdfs://nameservice1/asiainfo/hive/DWD/dwd_dns_up_stream/pt_time=20170802/pt_hour=03/000029_0' to trash at: hdfs://nameservice1/user/hdfs/.Trash/Current
Moved: 'hdfs://nameservice1/asiainfo/hive/DWD/dwd_dns_up_stream/pt_time=20170802/pt_hour=03/000030_0' to trash at: hdfs://nameservice1/user/hdfs/.Trash/Current
Moved: 'hdfs://nameservice1/asiainfo/hive/DWD/dwd_dns_up_stream/pt_time=20170802/pt_hour=03/000031_0' to trash at: hdfs://nameservice1/user/hdfs/.Trash/Current
Moved: 'hdfs://nameservice1/asiainfo/hive/DWD/dwd_dns_up_stream/pt_time=20170802/pt_hour=03/000032_0' to trash at: hdfs://nameservice1/user/hdfs/.Trash/Current
Partition default.dwd_dns_up_stream{pt_time=20170802, pt_hour=03} stats: [numFiles=33, numRows=140237202, totalSize=9101284560, rawDataSize=8823791903]
MapReduce Jobs Launched: 
Stage-Stage-1: Map: 33   Cumulative CPU: 575.27 sec   HDFS Read: 9228462681 HDFS Write: 9101288553 SUCCESS
Total MapReduce CPU Time Spent: 9 minutes 35 seconds 270 msec
OK
Time taken: 258.189 seconds
20170802
04
Java HotSpot(TM) 64-Bit Server VM warning: ignoring option MaxPermSize=512M; support was removed in 8.0
2017-09-11 10:18:42,617 WARN  [main] mapreduce.TableMapReduceUtil: The hbase-prefix-tree module jar containing PrefixTreeCodec is not present.  Continuing without it.
Java HotSpot(TM) 64-Bit Server VM warning: ignoring option MaxPermSize=512M; support was removed in 8.0

Logging initialized using configuration in jar:file:/opt/cloudera/parcels/CDH-5.6.1-1.cdh5.6.1.p0.3/jars/hive-common-1.1.0-cdh5.6.1.jar!/hive-log4j.properties
Query ID = hdfs_20170911101818_14ca57f6-9245-4aac-b31b-d3751ad5f522
Total jobs = 1
Launching Job 1 out of 1
Number of reduce tasks is set to 0 since there's no reduce operator
Starting Job = job_1504752158025_1489, Tracking URL = http://jsgd6:8088/proxy/application_1504752158025_1489/
Kill Command = /opt/cloudera/parcels/CDH-5.6.1-1.cdh5.6.1.p0.3/lib/hadoop/bin/hadoop job  -kill job_1504752158025_1489
Hadoop job information for Stage-1: number of mappers: 32; number of reducers: 0
2017-09-11 10:19:32,623 Stage-1 map = 0%,  reduce = 0%
2017-09-11 10:19:57,429 Stage-1 map = 1%,  reduce = 0%, Cumulative CPU 11.04 sec
2017-09-11 10:20:03,614 Stage-1 map = 2%,  reduce = 0%, Cumulative CPU 17.54 sec
2017-09-11 10:20:26,250 Stage-1 map = 3%,  reduce = 0%, Cumulative CPU 33.31 sec
2017-09-11 10:20:28,305 Stage-1 map = 5%,  reduce = 0%, Cumulative CPU 41.36 sec
2017-09-11 10:20:39,639 Stage-1 map = 6%,  reduce = 0%, Cumulative CPU 47.31 sec
2017-09-11 10:20:42,722 Stage-1 map = 8%,  reduce = 0%, Cumulative CPU 58.15 sec
2017-09-11 10:20:43,749 Stage-1 map = 9%,  reduce = 0%, Cumulative CPU 59.34 sec
2017-09-11 10:20:49,990 Stage-1 map = 7%,  reduce = 0%, Cumulative CPU 54.28 sec
2017-09-11 10:20:53,103 Stage-1 map = 10%,  reduce = 0%, Cumulative CPU 69.77 sec
2017-09-11 10:20:55,157 Stage-1 map = 11%,  reduce = 0%, Cumulative CPU 82.46 sec
2017-09-11 10:20:57,208 Stage-1 map = 12%,  reduce = 0%, Cumulative CPU 91.21 sec
2017-09-11 10:20:59,261 Stage-1 map = 13%,  reduce = 0%, Cumulative CPU 95.79 sec
2017-09-11 10:21:04,396 Stage-1 map = 15%,  reduce = 0%, Cumulative CPU 104.34 sec
2017-09-11 10:21:07,471 Stage-1 map = 13%,  reduce = 0%, Cumulative CPU 85.27 sec
2017-09-11 10:21:09,520 Stage-1 map = 14%,  reduce = 0%, Cumulative CPU 98.21 sec
2017-09-11 10:21:11,589 Stage-1 map = 17%,  reduce = 0%, Cumulative CPU 109.61 sec
2017-09-11 10:21:16,807 Stage-1 map = 18%,  reduce = 0%, Cumulative CPU 132.88 sec
2017-09-11 10:21:19,897 Stage-1 map = 20%,  reduce = 0%, Cumulative CPU 142.07 sec
2017-09-11 10:21:21,946 Stage-1 map = 22%,  reduce = 0%, Cumulative CPU 145.71 sec
2017-09-11 10:21:22,971 Stage-1 map = 24%,  reduce = 0%, Cumulative CPU 162.4 sec
2017-09-11 10:21:24,007 Stage-1 map = 25%,  reduce = 0%, Cumulative CPU 163.21 sec
2017-09-11 10:21:25,053 Stage-1 map = 28%,  reduce = 0%, Cumulative CPU 167.64 sec
2017-09-11 10:21:28,172 Stage-1 map = 30%,  reduce = 0%, Cumulative CPU 177.6 sec
2017-09-11 10:21:29,199 Stage-1 map = 33%,  reduce = 0%, Cumulative CPU 194.29 sec
2017-09-11 10:21:31,246 Stage-1 map = 32%,  reduce = 0%, Cumulative CPU 178.54 sec
2017-09-11 10:21:32,274 Stage-1 map = 33%,  reduce = 0%, Cumulative CPU 189.58 sec
2017-09-11 10:21:39,475 Stage-1 map = 35%,  reduce = 0%, Cumulative CPU 245.34 sec
2017-09-11 10:21:42,562 Stage-1 map = 38%,  reduce = 0%, Cumulative CPU 269.17 sec
2017-09-11 10:21:46,667 Stage-1 map = 41%,  reduce = 0%, Cumulative CPU 264.02 sec
2017-09-11 10:21:55,941 Stage-1 map = 42%,  reduce = 0%, Cumulative CPU 262.14 sec
2017-09-11 10:21:59,082 Stage-1 map = 43%,  reduce = 0%, Cumulative CPU 258.12 sec
2017-09-11 10:22:02,202 Stage-1 map = 44%,  reduce = 0%, Cumulative CPU 271.86 sec
2017-09-11 10:22:03,237 Stage-1 map = 46%,  reduce = 0%, Cumulative CPU 276.54 sec
2017-09-11 10:22:13,500 Stage-1 map = 47%,  reduce = 0%, Cumulative CPU 317.18 sec
2017-09-11 10:22:16,571 Stage-1 map = 100%,  reduce = 0%, Cumulative CPU 217.04 sec
MapReduce Total cumulative CPU time: 3 minutes 37 seconds 40 msec
Ended Job = job_1504752158025_1489 with errors
Error during job, obtaining debugging information...
Examining task ID: task_1504752158025_1489_m_000002 (and more) from job job_1504752158025_1489
Examining task ID: task_1504752158025_1489_m_000006 (and more) from job job_1504752158025_1489
Examining task ID: task_1504752158025_1489_m_000027 (and more) from job job_1504752158025_1489

Task with the most failures(4): 
-----
Task ID:
  task_1504752158025_1489_m_000003

URL:
  http://0.0.0.0:8088/taskdetails.jsp?jobid=job_1504752158025_1489&tipid=task_1504752158025_1489_m_000003
-----
Diagnostic Messages for this Task:
Error: java.io.IOException: java.lang.reflect.InvocationTargetException
	at org.apache.hadoop.hive.io.HiveIOExceptionHandlerChain.handleRecordReaderCreationException(HiveIOExceptionHandlerChain.java:97)
	at org.apache.hadoop.hive.io.HiveIOExceptionHandlerUtil.handleRecordReaderCreationException(HiveIOExceptionHandlerUtil.java:57)
	at org.apache.hadoop.hive.shims.HadoopShimsSecure$CombineFileRecordReader.initNextRecordReader(HadoopShimsSecure.java:265)
	at org.apache.hadoop.hive.shims.HadoopShimsSecure$CombineFileRecordReader.next(HadoopShimsSecure.java:139)
	at org.apache.hadoop.mapred.MapTask$TrackedRecordReader.moveToNext(MapTask.java:199)
	at org.apache.hadoop.mapred.MapTask$TrackedRecordReader.next(MapTask.java:185)
	at org.apache.hadoop.mapred.MapRunner.run(MapRunner.java:52)
	at org.apache.hadoop.mapred.MapTask.runOldMapper(MapTask.java:453)
	at org.apache.hadoop.mapred.MapTask.run(MapTask.java:343)
	at org.apache.hadoop.mapred.YarnChild$2.run(YarnChild.java:164)
	at java.security.AccessController.doPrivileged(Native Method)
	at javax.security.auth.Subject.doAs(Subject.java:422)
	at org.apache.hadoop.security.UserGroupInformation.doAs(UserGroupInformation.java:1707)
	at org.apache.hadoop.mapred.YarnChild.main(YarnChild.java:158)
Caused by: java.lang.reflect.InvocationTargetException
	at sun.reflect.NativeConstructorAccessorImpl.newInstance0(Native Method)
	at sun.reflect.NativeConstructorAccessorImpl.newInstance(NativeConstructorAccessorImpl.java:62)
	at sun.reflect.DelegatingConstructorAccessorImpl.newInstance(DelegatingConstructorAccessorImpl.java:45)
	at java.lang.reflect.Constructor.newInstance(Constructor.java:423)
	at org.apache.hadoop.hive.shims.HadoopShimsSecure$CombineFileRecordReader.initNextRecordReader(HadoopShimsSecure.java:251)
	... 11 more
Caused by: org.apache.hadoop.hdfs.BlockMissingException: Could not obtain block: BP-1077754751-111.208.67.23-1473778005157:blk_1077580508_3843058 file=/asiainfo/hive/DWD/dwd_dns_up_stream1/pt_time=20170802/pt_hour=04/000027_0
	at org.apache.hadoop.hdfs.DFSInputStream.chooseDataNode(DFSInputStream.java:963)
	at org.apache.hadoop.hdfs.DFSInputStream.blockSeekTo(DFSInputStream.java:610)
	at org.apache.hadoop.hdfs.DFSInputStream.readWithStrategy(DFSInputStream.java:851)
	at org.apache.hadoop.hdfs.DFSInputStream.read(DFSInputStream.java:904)
	at java.io.DataInputStream.readFully(DataInputStream.java:195)
	at java.io.DataInputStream.readFully(DataInputStream.java:169)
	at org.apache.hadoop.hive.ql.io.RCFile$Reader.init(RCFile.java:1462)
	at org.apache.hadoop.hive.ql.io.RCFile$Reader.<init>(RCFile.java:1363)
	at org.apache.hadoop.hive.ql.io.RCFile$Reader.<init>(RCFile.java:1343)
	at org.apache.hadoop.hive.ql.io.RCFileRecordReader.<init>(RCFileRecordReader.java:100)
	at org.apache.hadoop.hive.ql.io.RCFileInputFormat.getRecordReader(RCFileInputFormat.java:57)
	at org.apache.hadoop.hive.ql.io.CombineHiveRecordReader.<init>(CombineHiveRecordReader.java:66)
	... 16 more


FAILED: Execution Error, return code 2 from org.apache.hadoop.hive.ql.exec.mr.MapRedTask
MapReduce Jobs Launched: 
Stage-Stage-1: Map: 32   Cumulative CPU: 217.04 sec   HDFS Read: 3628097441 HDFS Write: 3575821180 FAIL
Total MapReduce CPU Time Spent: 3 minutes 37 seconds 40 msec
20170802
05
Java HotSpot(TM) 64-Bit Server VM warning: ignoring option MaxPermSize=512M; support was removed in 8.0
2017-09-11 10:22:22,715 WARN  [main] mapreduce.TableMapReduceUtil: The hbase-prefix-tree module jar containing PrefixTreeCodec is not present.  Continuing without it.
Java HotSpot(TM) 64-Bit Server VM warning: ignoring option MaxPermSize=512M; support was removed in 8.0

Logging initialized using configuration in jar:file:/opt/cloudera/parcels/CDH-5.6.1-1.cdh5.6.1.p0.3/jars/hive-common-1.1.0-cdh5.6.1.jar!/hive-log4j.properties
Query ID = hdfs_20170911102222_2687d120-305b-45c5-ae54-d86b99a91c51
Total jobs = 1
Launching Job 1 out of 1
Number of reduce tasks is set to 0 since there's no reduce operator
Starting Job = job_1504752158025_1490, Tracking URL = http://jsgd6:8088/proxy/application_1504752158025_1490/
Kill Command = /opt/cloudera/parcels/CDH-5.6.1-1.cdh5.6.1.p0.3/lib/hadoop/bin/hadoop job  -kill job_1504752158025_1490
Hadoop job information for Stage-1: number of mappers: 31; number of reducers: 0
2017-09-11 10:22:49,602 Stage-1 map = 0%,  reduce = 0%
2017-09-11 10:23:50,282 Stage-1 map = 0%,  reduce = 0%
2017-09-11 10:24:23,160 Stage-1 map = 1%,  reduce = 0%, Cumulative CPU 11.03 sec
2017-09-11 10:24:29,334 Stage-1 map = 3%,  reduce = 0%, Cumulative CPU 27.31 sec
2017-09-11 10:24:32,418 Stage-1 map = 4%,  reduce = 0%, Cumulative CPU 33.22 sec
2017-09-11 10:24:35,518 Stage-1 map = 5%,  reduce = 0%, Cumulative CPU 39.9 sec
2017-09-11 10:24:38,623 Stage-1 map = 6%,  reduce = 0%, Cumulative CPU 58.58 sec
2017-09-11 10:24:39,654 Stage-1 map = 9%,  reduce = 0%, Cumulative CPU 67.49 sec
2017-09-11 10:24:42,734 Stage-1 map = 12%,  reduce = 0%, Cumulative CPU 82.13 sec
2017-09-11 10:24:43,761 Stage-1 map = 13%,  reduce = 0%, Cumulative CPU 83.45 sec
2017-09-11 10:24:44,788 Stage-1 map = 14%,  reduce = 0%, Cumulative CPU 85.75 sec
2017-09-11 10:24:49,954 Stage-1 map = 16%,  reduce = 0%, Cumulative CPU 91.61 sec
2017-09-11 10:24:53,034 Stage-1 map = 18%,  reduce = 0%, Cumulative CPU 107.3 sec
2017-09-11 10:24:55,087 Stage-1 map = 19%,  reduce = 0%, Cumulative CPU 122.39 sec
2017-09-11 10:24:57,143 Stage-1 map = 21%,  reduce = 0%, Cumulative CPU 123.18 sec
2017-09-11 10:24:58,171 Stage-1 map = 23%,  reduce = 0%, Cumulative CPU 137.72 sec
2017-09-11 10:24:59,198 Stage-1 map = 24%,  reduce = 0%, Cumulative CPU 149.38 sec
2017-09-11 10:25:03,300 Stage-1 map = 26%,  reduce = 0%, Cumulative CPU 167.85 sec
2017-09-11 10:25:05,360 Stage-1 map = 27%,  reduce = 0%, Cumulative CPU 169.56 sec
2017-09-11 10:25:06,387 Stage-1 map = 31%,  reduce = 0%, Cumulative CPU 192.9 sec
2017-09-11 10:25:10,530 Stage-1 map = 32%,  reduce = 0%, Cumulative CPU 204.86 sec
2017-09-11 10:25:11,557 Stage-1 map = 34%,  reduce = 0%, Cumulative CPU 222.29 sec
2017-09-11 10:25:12,592 Stage-1 map = 37%,  reduce = 0%, Cumulative CPU 224.0 sec
2017-09-11 10:25:14,656 Stage-1 map = 39%,  reduce = 0%, Cumulative CPU 229.87 sec
2017-09-11 10:25:15,699 Stage-1 map = 37%,  reduce = 0%, Cumulative CPU 213.42 sec
2017-09-11 10:25:16,747 Stage-1 map = 38%,  reduce = 0%, Cumulative CPU 224.86 sec
2017-09-11 10:25:19,859 Stage-1 map = 39%,  reduce = 0%, Cumulative CPU 250.42 sec
2017-09-11 10:25:20,904 Stage-1 map = 43%,  reduce = 0%, Cumulative CPU 266.75 sec
2017-09-11 10:25:21,953 Stage-1 map = 41%,  reduce = 0%, Cumulative CPU 249.69 sec
2017-09-11 10:25:24,039 Stage-1 map = 42%,  reduce = 0%, Cumulative CPU 269.06 sec
2017-09-11 10:25:25,072 Stage-1 map = 44%,  reduce = 0%, Cumulative CPU 271.46 sec
2017-09-11 10:25:27,126 Stage-1 map = 45%,  reduce = 0%, Cumulative CPU 288.43 sec
2017-09-11 10:25:29,182 Stage-1 map = 47%,  reduce = 0%, Cumulative CPU 289.49 sec
2017-09-11 10:25:30,206 Stage-1 map = 49%,  reduce = 0%, Cumulative CPU 295.01 sec
2017-09-11 10:25:33,298 Stage-1 map = 50%,  reduce = 0%, Cumulative CPU 296.62 sec
2017-09-11 10:25:35,373 Stage-1 map = 52%,  reduce = 0%, Cumulative CPU 313.1 sec
2017-09-11 10:25:36,405 Stage-1 map = 53%,  reduce = 0%, Cumulative CPU 316.65 sec
2017-09-11 10:25:41,534 Stage-1 map = 55%,  reduce = 0%, Cumulative CPU 349.0 sec
2017-09-11 10:25:42,560 Stage-1 map = 56%,  reduce = 0%, Cumulative CPU 351.31 sec
2017-09-11 10:25:43,584 Stage-1 map = 58%,  reduce = 0%, Cumulative CPU 352.57 sec
2017-09-11 10:25:45,652 Stage-1 map = 60%,  reduce = 0%, Cumulative CPU 361.28 sec
2017-09-11 10:25:47,702 Stage-1 map = 61%,  reduce = 0%, Cumulative CPU 372.62 sec
2017-09-11 10:25:49,766 Stage-1 map = 65%,  reduce = 0%, Cumulative CPU 377.3 sec
2017-09-11 10:25:51,814 Stage-1 map = 66%,  reduce = 0%, Cumulative CPU 382.1 sec
2017-09-11 10:25:54,921 Stage-1 map = 65%,  reduce = 0%, Cumulative CPU 379.5 sec
2017-09-11 10:25:59,036 Stage-1 map = 66%,  reduce = 0%, Cumulative CPU 394.95 sec
2017-09-11 10:26:00,064 Stage-1 map = 68%,  reduce = 0%, Cumulative CPU 416.47 sec
2017-09-11 10:26:02,118 Stage-1 map = 71%,  reduce = 0%, Cumulative CPU 421.93 sec
2017-09-11 10:26:03,151 Stage-1 map = 72%,  reduce = 0%, Cumulative CPU 427.42 sec
2017-09-11 10:26:05,203 Stage-1 map = 74%,  reduce = 0%, Cumulative CPU 429.55 sec
2017-09-11 10:26:07,254 Stage-1 map = 76%,  reduce = 0%, Cumulative CPU 439.96 sec
2017-09-11 10:26:09,305 Stage-1 map = 77%,  reduce = 0%, Cumulative CPU 446.68 sec
2017-09-11 10:26:12,377 Stage-1 map = 79%,  reduce = 0%, Cumulative CPU 438.2 sec
2017-09-11 10:26:15,449 Stage-1 map = 81%,  reduce = 0%, Cumulative CPU 451.91 sec
2017-09-11 10:26:34,903 Stage-1 map = 79%,  reduce = 0%, Cumulative CPU 449.78 sec
2017-09-11 10:26:36,952 Stage-1 map = 77%,  reduce = 0%, Cumulative CPU 434.66 sec
2017-09-11 10:27:08,790 Stage-1 map = 79%,  reduce = 0%, Cumulative CPU 438.54 sec
2017-09-11 10:27:10,838 Stage-1 map = 81%,  reduce = 0%, Cumulative CPU 458.62 sec
2017-09-11 10:27:25,194 Stage-1 map = 100%,  reduce = 0%, Cumulative CPU 424.86 sec
MapReduce Total cumulative CPU time: 7 minutes 4 seconds 860 msec
Ended Job = job_1504752158025_1490 with errors
Error during job, obtaining debugging information...
Examining task ID: task_1504752158025_1490_m_000000 (and more) from job job_1504752158025_1490
Examining task ID: task_1504752158025_1490_m_000017 (and more) from job job_1504752158025_1490
Examining task ID: task_1504752158025_1490_m_000015 (and more) from job job_1504752158025_1490
Examining task ID: task_1504752158025_1490_m_000006 (and more) from job job_1504752158025_1490
Examining task ID: task_1504752158025_1490_m_000006 (and more) from job job_1504752158025_1490

Task with the most failures(4): 
-----
Task ID:
  task_1504752158025_1490_m_000009

URL:
  http://0.0.0.0:8088/taskdetails.jsp?jobid=job_1504752158025_1490&tipid=task_1504752158025_1490_m_000009
-----
Diagnostic Messages for this Task:
Error: java.io.IOException: java.io.IOException: org.apache.hadoop.hdfs.BlockMissingException: Could not obtain block: BP-1077754751-111.208.67.23-1473778005157:blk_1077580618_3843168 file=/asiainfo/hive/DWD/dwd_dns_up_stream1/pt_time=20170802/pt_hour=05/000006_0
	at org.apache.hadoop.hive.io.HiveIOExceptionHandlerChain.handleRecordReaderNextException(HiveIOExceptionHandlerChain.java:121)
	at org.apache.hadoop.hive.io.HiveIOExceptionHandlerUtil.handleRecordReaderNextException(HiveIOExceptionHandlerUtil.java:77)
	at org.apache.hadoop.hive.shims.HadoopShimsSecure$CombineFileRecordReader.doNextWithExceptionHandler(HadoopShimsSecure.java:226)
	at org.apache.hadoop.hive.shims.HadoopShimsSecure$CombineFileRecordReader.next(HadoopShimsSecure.java:136)
	at org.apache.hadoop.mapred.MapTask$TrackedRecordReader.moveToNext(MapTask.java:199)
	at org.apache.hadoop.mapred.MapTask$TrackedRecordReader.next(MapTask.java:185)
	at org.apache.hadoop.mapred.MapRunner.run(MapRunner.java:52)
	at org.apache.hadoop.mapred.MapTask.runOldMapper(MapTask.java:453)
	at org.apache.hadoop.mapred.MapTask.run(MapTask.java:343)
	at org.apache.hadoop.mapred.YarnChild$2.run(YarnChild.java:164)
	at java.security.AccessController.doPrivileged(Native Method)
	at javax.security.auth.Subject.doAs(Subject.java:422)
	at org.apache.hadoop.security.UserGroupInformation.doAs(UserGroupInformation.java:1707)
	at org.apache.hadoop.mapred.YarnChild.main(YarnChild.java:158)
Caused by: java.io.IOException: org.apache.hadoop.hdfs.BlockMissingException: Could not obtain block: BP-1077754751-111.208.67.23-1473778005157:blk_1077580618_3843168 file=/asiainfo/hive/DWD/dwd_dns_up_stream1/pt_time=20170802/pt_hour=05/000006_0
	at org.apache.hadoop.hive.io.HiveIOExceptionHandlerChain.handleRecordReaderNextException(HiveIOExceptionHandlerChain.java:121)
	at org.apache.hadoop.hive.io.HiveIOExceptionHandlerUtil.handleRecordReaderNextException(HiveIOExceptionHandlerUtil.java:77)
	at org.apache.hadoop.hive.ql.io.HiveContextAwareRecordReader.doNext(HiveContextAwareRecordReader.java:355)
	at org.apache.hadoop.hive.ql.io.CombineHiveRecordReader.doNext(CombineHiveRecordReader.java:105)
	at org.apache.hadoop.hive.ql.io.CombineHiveRecordReader.doNext(CombineHiveRecordReader.java:41)
	at org.apache.hadoop.hive.ql.io.HiveContextAwareRecordReader.next(HiveContextAwareRecordReader.java:116)
	at org.apache.hadoop.hive.shims.HadoopShimsSecure$CombineFileRecordReader.doNextWithExceptionHandler(HadoopShimsSecure.java:224)
	... 11 more
Caused by: org.apache.hadoop.hdfs.BlockMissingException: Could not obtain block: BP-1077754751-111.208.67.23-1473778005157:blk_1077580618_3843168 file=/asiainfo/hive/DWD/dwd_dns_up_stream1/pt_time=20170802/pt_hour=05/000006_0
	at org.apache.hadoop.hdfs.DFSInputStream.chooseDataNode(DFSInputStream.java:963)
	at org.apache.hadoop.hdfs.DFSInputStream.blockSeekTo(DFSInputStream.java:610)
	at org.apache.hadoop.hdfs.DFSInputStream.readWithStrategy(DFSInputStream.java:851)
	at org.apache.hadoop.hdfs.DFSInputStream.read(DFSInputStream.java:904)
	at java.io.DataInputStream.readFully(DataInputStream.java:195)
	at org.apache.hadoop.hive.common.io.NonSyncByteArrayOutputStream.write(NonSyncByteArrayOutputStream.java:56)
	at org.apache.hadoop.hive.ql.io.NonSyncDataOutputBuffer.write(NonSyncDataOutputBuffer.java:66)
	at org.apache.hadoop.hive.ql.io.RCFile$KeyBuffer.readFields(RCFile.java:480)
	at org.apache.hadoop.hive.ql.io.RCFile$Reader.nextKeyBuffer(RCFile.java:1691)
	at org.apache.hadoop.hive.ql.io.RCFile$Reader.next(RCFile.java:1838)
	at org.apache.hadoop.hive.ql.io.RCFileRecordReader.next(RCFileRecordReader.java:159)
	at org.apache.hadoop.hive.ql.io.RCFileRecordReader.next(RCFileRecordReader.java:146)
	at org.apache.hadoop.hive.ql.io.RCFileRecordReader.next(RCFileRecordReader.java:44)
	at org.apache.hadoop.hive.ql.io.HiveContextAwareRecordReader.doNext(HiveContextAwareRecordReader.java:350)
	... 15 more


FAILED: Execution Error, return code 2 from org.apache.hadoop.hive.ql.exec.mr.MapRedTask
MapReduce Jobs Launched: 
Stage-Stage-1: Map: 31   Cumulative CPU: 424.86 sec   HDFS Read: 6910959380 HDFS Write: 6810337511 FAIL
Total MapReduce CPU Time Spent: 7 minutes 4 seconds 860 msec
20170802
06
Java HotSpot(TM) 64-Bit Server VM warning: ignoring option MaxPermSize=512M; support was removed in 8.0
2017-09-11 10:27:34,468 WARN  [main] mapreduce.TableMapReduceUtil: The hbase-prefix-tree module jar containing PrefixTreeCodec is not present.  Continuing without it.
Java HotSpot(TM) 64-Bit Server VM warning: ignoring option MaxPermSize=512M; support was removed in 8.0

Logging initialized using configuration in jar:file:/opt/cloudera/parcels/CDH-5.6.1-1.cdh5.6.1.p0.3/jars/hive-common-1.1.0-cdh5.6.1.jar!/hive-log4j.properties
Query ID = hdfs_20170911102727_40d86e72-a683-45a8-8caa-8b7ce758c51c
Total jobs = 1
Launching Job 1 out of 1
Number of reduce tasks is set to 0 since there's no reduce operator
Starting Job = job_1504752158025_1493, Tracking URL = http://jsgd6:8088/proxy/application_1504752158025_1493/
Kill Command = /opt/cloudera/parcels/CDH-5.6.1-1.cdh5.6.1.p0.3/lib/hadoop/bin/hadoop job  -kill job_1504752158025_1493
Hadoop job information for Stage-1: number of mappers: 30; number of reducers: 0
2017-09-11 10:28:10,594 Stage-1 map = 0%,  reduce = 0%
2017-09-11 10:28:53,063 Stage-1 map = 1%,  reduce = 0%, Cumulative CPU 21.45 sec
2017-09-11 10:28:56,163 Stage-1 map = 3%,  reduce = 0%, Cumulative CPU 37.02 sec
2017-09-11 10:29:00,303 Stage-1 map = 4%,  reduce = 0%, Cumulative CPU 35.65 sec
2017-09-11 10:29:02,370 Stage-1 map = 6%,  reduce = 0%, Cumulative CPU 37.46 sec
2017-09-11 10:29:08,555 Stage-1 map = 7%,  reduce = 0%, Cumulative CPU 40.45 sec
2017-09-11 10:29:12,672 Stage-1 map = 8%,  reduce = 0%, Cumulative CPU 65.07 sec
2017-09-11 10:29:14,738 Stage-1 map = 10%,  reduce = 0%, Cumulative CPU 67.47 sec
2017-09-11 10:29:18,847 Stage-1 map = 12%,  reduce = 0%, Cumulative CPU 89.11 sec
2017-09-11 10:29:25,012 Stage-1 map = 13%,  reduce = 0%, Cumulative CPU 116.45 sec
2017-09-11 10:29:35,289 Stage-1 map = 15%,  reduce = 0%, Cumulative CPU 100.09 sec
2017-09-11 10:29:39,390 Stage-1 map = 18%,  reduce = 0%, Cumulative CPU 115.31 sec
2017-09-11 10:29:42,529 Stage-1 map = 20%,  reduce = 0%, Cumulative CPU 110.87 sec
2017-09-11 10:29:48,714 Stage-1 map = 22%,  reduce = 0%, Cumulative CPU 135.59 sec
2017-09-11 10:29:49,739 Stage-1 map = 23%,  reduce = 0%, Cumulative CPU 147.02 sec
2017-09-11 10:29:52,821 Stage-1 map = 25%,  reduce = 0%, Cumulative CPU 166.56 sec
2017-09-11 10:30:03,076 Stage-1 map = 27%,  reduce = 0%, Cumulative CPU 184.4 sec
2017-09-11 10:30:07,173 Stage-1 map = 28%,  reduce = 0%, Cumulative CPU 190.23 sec
2017-09-11 10:30:08,206 Stage-1 map = 29%,  reduce = 0%, Cumulative CPU 192.3 sec
2017-09-11 10:30:10,256 Stage-1 map = 28%,  reduce = 0%, Cumulative CPU 175.96 sec
2017-09-11 10:30:11,282 Stage-1 map = 29%,  reduce = 0%, Cumulative CPU 179.04 sec
2017-09-11 10:30:13,337 Stage-1 map = 30%,  reduce = 0%, Cumulative CPU 159.47 sec
2017-09-11 10:30:21,569 Stage-1 map = 32%,  reduce = 0%, Cumulative CPU 189.41 sec
2017-09-11 10:30:23,630 Stage-1 map = 33%,  reduce = 0%, Cumulative CPU 207.81 sec
2017-09-11 10:30:28,752 Stage-1 map = 37%,  reduce = 0%, Cumulative CPU 233.4 sec
2017-09-11 10:30:36,938 Stage-1 map = 38%,  reduce = 0%, Cumulative CPU 233.22 sec
2017-09-11 10:30:40,021 Stage-1 map = 37%,  reduce = 0%, Cumulative CPU 216.48 sec
2017-09-11 10:30:41,055 Stage-1 map = 38%,  reduce = 0%, Cumulative CPU 218.52 sec
2017-09-11 10:30:45,245 Stage-1 map = 100%,  reduce = 0%, Cumulative CPU 191.52 sec
MapReduce Total cumulative CPU time: 3 minutes 11 seconds 520 msec
Ended Job = job_1504752158025_1493 with errors
Error during job, obtaining debugging information...
Examining task ID: task_1504752158025_1493_m_000001 (and more) from job job_1504752158025_1493
Examining task ID: task_1504752158025_1493_m_000016 (and more) from job job_1504752158025_1493
Examining task ID: task_1504752158025_1493_m_000008 (and more) from job job_1504752158025_1493

Task with the most failures(4): 
-----
Task ID:
  task_1504752158025_1493_m_000024

URL:
  http://0.0.0.0:8088/taskdetails.jsp?jobid=job_1504752158025_1493&tipid=task_1504752158025_1493_m_000024
-----
Diagnostic Messages for this Task:
Error: java.io.IOException: java.lang.reflect.InvocationTargetException
	at org.apache.hadoop.hive.io.HiveIOExceptionHandlerChain.handleRecordReaderCreationException(HiveIOExceptionHandlerChain.java:97)
	at org.apache.hadoop.hive.io.HiveIOExceptionHandlerUtil.handleRecordReaderCreationException(HiveIOExceptionHandlerUtil.java:57)
	at org.apache.hadoop.hive.shims.HadoopShimsSecure$CombineFileRecordReader.initNextRecordReader(HadoopShimsSecure.java:265)
	at org.apache.hadoop.hive.shims.HadoopShimsSecure$CombineFileRecordReader.next(HadoopShimsSecure.java:139)
	at org.apache.hadoop.mapred.MapTask$TrackedRecordReader.moveToNext(MapTask.java:199)
	at org.apache.hadoop.mapred.MapTask$TrackedRecordReader.next(MapTask.java:185)
	at org.apache.hadoop.mapred.MapRunner.run(MapRunner.java:52)
	at org.apache.hadoop.mapred.MapTask.runOldMapper(MapTask.java:453)
	at org.apache.hadoop.mapred.MapTask.run(MapTask.java:343)
	at org.apache.hadoop.mapred.YarnChild$2.run(YarnChild.java:164)
	at java.security.AccessController.doPrivileged(Native Method)
	at javax.security.auth.Subject.doAs(Subject.java:422)
	at org.apache.hadoop.security.UserGroupInformation.doAs(UserGroupInformation.java:1707)
	at org.apache.hadoop.mapred.YarnChild.main(YarnChild.java:158)
Caused by: java.lang.reflect.InvocationTargetException
	at sun.reflect.NativeConstructorAccessorImpl.newInstance0(Native Method)
	at sun.reflect.NativeConstructorAccessorImpl.newInstance(NativeConstructorAccessorImpl.java:62)
	at sun.reflect.DelegatingConstructorAccessorImpl.newInstance(DelegatingConstructorAccessorImpl.java:45)
	at java.lang.reflect.Constructor.newInstance(Constructor.java:423)
	at org.apache.hadoop.hive.shims.HadoopShimsSecure$CombineFileRecordReader.initNextRecordReader(HadoopShimsSecure.java:251)
	... 11 more
Caused by: org.apache.hadoop.hdfs.BlockMissingException: Could not obtain block: BP-1077754751-111.208.67.23-1473778005157:blk_1077580727_3843277 file=/asiainfo/hive/DWD/dwd_dns_up_stream1/pt_time=20170802/pt_hour=06/000025_0
	at org.apache.hadoop.hdfs.DFSInputStream.chooseDataNode(DFSInputStream.java:963)
	at org.apache.hadoop.hdfs.DFSInputStream.blockSeekTo(DFSInputStream.java:610)
	at org.apache.hadoop.hdfs.DFSInputStream.readWithStrategy(DFSInputStream.java:851)
	at org.apache.hadoop.hdfs.DFSInputStream.read(DFSInputStream.java:904)
	at java.io.DataInputStream.readFully(DataInputStream.java:195)
	at java.io.DataInputStream.readFully(DataInputStream.java:169)
	at org.apache.hadoop.hive.ql.io.RCFile$Reader.init(RCFile.java:1462)
	at org.apache.hadoop.hive.ql.io.RCFile$Reader.<init>(RCFile.java:1363)
	at org.apache.hadoop.hive.ql.io.RCFile$Reader.<init>(RCFile.java:1343)
	at org.apache.hadoop.hive.ql.io.RCFileRecordReader.<init>(RCFileRecordReader.java:100)
	at org.apache.hadoop.hive.ql.io.RCFileInputFormat.getRecordReader(RCFileInputFormat.java:57)
	at org.apache.hadoop.hive.ql.io.CombineHiveRecordReader.<init>(CombineHiveRecordReader.java:66)
	... 16 more


FAILED: Execution Error, return code 2 from org.apache.hadoop.hive.ql.exec.mr.MapRedTask
MapReduce Jobs Launched: 
Stage-Stage-1: Map: 30   Cumulative CPU: 191.52 sec   HDFS Read: 3243994755 HDFS Write: 3195887392 FAIL
Total MapReduce CPU Time Spent: 3 minutes 11 seconds 520 msec
20170802
07
Java HotSpot(TM) 64-Bit Server VM warning: ignoring option MaxPermSize=512M; support was removed in 8.0
2017-09-11 10:30:53,536 WARN  [main] mapreduce.TableMapReduceUtil: The hbase-prefix-tree module jar containing PrefixTreeCodec is not present.  Continuing without it.
Java HotSpot(TM) 64-Bit Server VM warning: ignoring option MaxPermSize=512M; support was removed in 8.0

Logging initialized using configuration in jar:file:/opt/cloudera/parcels/CDH-5.6.1-1.cdh5.6.1.p0.3/jars/hive-common-1.1.0-cdh5.6.1.jar!/hive-log4j.properties
Query ID = hdfs_20170911103030_4bf52f07-14e5-4043-b8d0-87dfac847b41
Total jobs = 1
Launching Job 1 out of 1
Number of reduce tasks is set to 0 since there's no reduce operator
Starting Job = job_1504752158025_1494, Tracking URL = http://jsgd6:8088/proxy/application_1504752158025_1494/
Kill Command = /opt/cloudera/parcels/CDH-5.6.1-1.cdh5.6.1.p0.3/lib/hadoop/bin/hadoop job  -kill job_1504752158025_1494
Hadoop job information for Stage-1: number of mappers: 30; number of reducers: 0
2017-09-11 10:31:07,984 Stage-1 map = 0%,  reduce = 0%
2017-09-11 10:32:08,682 Stage-1 map = 0%,  reduce = 0%
2017-09-11 10:32:55,871 Stage-1 map = 1%,  reduce = 0%, Cumulative CPU 11.42 sec
2017-09-11 10:33:04,119 Stage-1 map = 2%,  reduce = 0%, Cumulative CPU 28.19 sec
2017-09-11 10:33:05,146 Stage-1 map = 3%,  reduce = 0%, Cumulative CPU 29.04 sec
2017-09-11 10:33:09,264 Stage-1 map = 4%,  reduce = 0%, Cumulative CPU 33.47 sec
2017-09-11 10:33:12,356 Stage-1 map = 6%,  reduce = 0%, Cumulative CPU 37.39 sec
2017-09-11 10:33:13,384 Stage-1 map = 7%,  reduce = 0%, Cumulative CPU 39.31 sec
2017-09-11 10:33:20,570 Stage-1 map = 8%,  reduce = 0%, Cumulative CPU 68.53 sec
2017-09-11 10:33:23,658 Stage-1 map = 10%,  reduce = 0%, Cumulative CPU 91.95 sec
2017-09-11 10:33:24,691 Stage-1 map = 11%,  reduce = 0%, Cumulative CPU 93.37 sec
2017-09-11 10:33:26,758 Stage-1 map = 13%,  reduce = 0%, Cumulative CPU 100.77 sec
2017-09-11 10:33:28,806 Stage-1 map = 14%,  reduce = 0%, Cumulative CPU 106.68 sec
2017-09-11 10:33:29,840 Stage-1 map = 15%,  reduce = 0%, Cumulative CPU 109.69 sec
2017-09-11 10:33:31,893 Stage-1 map = 17%,  reduce = 0%, Cumulative CPU 111.41 sec
2017-09-11 10:33:33,942 Stage-1 map = 18%,  reduce = 0%, Cumulative CPU 122.55 sec
2017-09-11 10:33:37,033 Stage-1 map = 21%,  reduce = 0%, Cumulative CPU 131.25 sec
2017-09-11 10:33:39,101 Stage-1 map = 25%,  reduce = 0%, Cumulative CPU 147.37 sec
2017-09-11 10:33:42,217 Stage-1 map = 27%,  reduce = 0%, Cumulative CPU 174.56 sec
2017-09-11 10:33:47,364 Stage-1 map = 30%,  reduce = 0%, Cumulative CPU 200.19 sec
2017-09-11 10:33:58,630 Stage-1 map = 32%,  reduce = 0%, Cumulative CPU 200.19 sec
2017-09-11 10:34:13,017 Stage-1 map = 33%,  reduce = 0%, Cumulative CPU 213.06 sec
2017-09-11 10:34:15,273 Stage-1 map = 35%,  reduce = 0%, Cumulative CPU 222.57 sec
2017-09-11 10:34:16,314 Stage-1 map = 37%,  reduce = 0%, Cumulative CPU 226.99 sec
2017-09-11 10:34:17,338 Stage-1 map = 38%,  reduce = 0%, Cumulative CPU 238.98 sec
2017-09-11 10:34:23,500 Stage-1 map = 40%,  reduce = 0%, Cumulative CPU 254.3 sec
2017-09-11 10:34:27,593 Stage-1 map = 42%,  reduce = 0%, Cumulative CPU 255.61 sec
2017-09-11 10:34:39,867 Stage-1 map = 100%,  reduce = 0%, Cumulative CPU 206.98 sec
MapReduce Total cumulative CPU time: 3 minutes 26 seconds 980 msec
Ended Job = job_1504752158025_1494 with errors
Error during job, obtaining debugging information...
Examining task ID: task_1504752158025_1494_m_000003 (and more) from job job_1504752158025_1494
Examining task ID: task_1504752158025_1494_m_000027 (and more) from job job_1504752158025_1494
Examining task ID: task_1504752158025_1494_m_000011 (and more) from job job_1504752158025_1494

Task with the most failures(4): 
-----
Task ID:
  task_1504752158025_1494_m_000015

URL:
  http://0.0.0.0:8088/taskdetails.jsp?jobid=job_1504752158025_1494&tipid=task_1504752158025_1494_m_000015
-----
Diagnostic Messages for this Task:
Error: java.io.IOException: java.io.IOException: org.apache.hadoop.hdfs.BlockMissingException: Could not obtain block: BP-1077754751-111.208.67.23-1473778005157:blk_1077580917_3843467 file=/asiainfo/hive/DWD/dwd_dns_up_stream1/pt_time=20170802/pt_hour=07/000010_0
	at org.apache.hadoop.hive.io.HiveIOExceptionHandlerChain.handleRecordReaderNextException(HiveIOExceptionHandlerChain.java:121)
	at org.apache.hadoop.hive.io.HiveIOExceptionHandlerUtil.handleRecordReaderNextException(HiveIOExceptionHandlerUtil.java:77)
	at org.apache.hadoop.hive.shims.HadoopShimsSecure$CombineFileRecordReader.doNextWithExceptionHandler(HadoopShimsSecure.java:226)
	at org.apache.hadoop.hive.shims.HadoopShimsSecure$CombineFileRecordReader.next(HadoopShimsSecure.java:136)
	at org.apache.hadoop.mapred.MapTask$TrackedRecordReader.moveToNext(MapTask.java:199)
	at org.apache.hadoop.mapred.MapTask$TrackedRecordReader.next(MapTask.java:185)
	at org.apache.hadoop.mapred.MapRunner.run(MapRunner.java:52)
	at org.apache.hadoop.mapred.MapTask.runOldMapper(MapTask.java:453)
	at org.apache.hadoop.mapred.MapTask.run(MapTask.java:343)
	at org.apache.hadoop.mapred.YarnChild$2.run(YarnChild.java:164)
	at java.security.AccessController.doPrivileged(Native Method)
	at javax.security.auth.Subject.doAs(Subject.java:422)
	at org.apache.hadoop.security.UserGroupInformation.doAs(UserGroupInformation.java:1707)
	at org.apache.hadoop.mapred.YarnChild.main(YarnChild.java:158)
Caused by: java.io.IOException: org.apache.hadoop.hdfs.BlockMissingException: Could not obtain block: BP-1077754751-111.208.67.23-1473778005157:blk_1077580917_3843467 file=/asiainfo/hive/DWD/dwd_dns_up_stream1/pt_time=20170802/pt_hour=07/000010_0
	at org.apache.hadoop.hive.io.HiveIOExceptionHandlerChain.handleRecordReaderNextException(HiveIOExceptionHandlerChain.java:121)
	at org.apache.hadoop.hive.io.HiveIOExceptionHandlerUtil.handleRecordReaderNextException(HiveIOExceptionHandlerUtil.java:77)
	at org.apache.hadoop.hive.ql.io.HiveContextAwareRecordReader.doNext(HiveContextAwareRecordReader.java:355)
	at org.apache.hadoop.hive.ql.io.CombineHiveRecordReader.doNext(CombineHiveRecordReader.java:105)
	at org.apache.hadoop.hive.ql.io.CombineHiveRecordReader.doNext(CombineHiveRecordReader.java:41)
	at org.apache.hadoop.hive.ql.io.HiveContextAwareRecordReader.next(HiveContextAwareRecordReader.java:116)
	at org.apache.hadoop.hive.shims.HadoopShimsSecure$CombineFileRecordReader.doNextWithExceptionHandler(HadoopShimsSecure.java:224)
	... 11 more
Caused by: org.apache.hadoop.hdfs.BlockMissingException: Could not obtain block: BP-1077754751-111.208.67.23-1473778005157:blk_1077580917_3843467 file=/asiainfo/hive/DWD/dwd_dns_up_stream1/pt_time=20170802/pt_hour=07/000010_0
	at org.apache.hadoop.hdfs.DFSInputStream.chooseDataNode(DFSInputStream.java:963)
	at org.apache.hadoop.hdfs.DFSInputStream.blockSeekTo(DFSInputStream.java:610)
	at org.apache.hadoop.hdfs.DFSInputStream.readWithStrategy(DFSInputStream.java:851)
	at org.apache.hadoop.hdfs.DFSInputStream.read(DFSInputStream.java:904)
	at java.io.DataInputStream.readFully(DataInputStream.java:195)
	at org.apache.hadoop.hive.common.io.NonSyncByteArrayOutputStream.write(NonSyncByteArrayOutputStream.java:56)
	at org.apache.hadoop.hive.ql.io.NonSyncDataOutputBuffer.write(NonSyncDataOutputBuffer.java:66)
	at org.apache.hadoop.hive.ql.io.RCFile$KeyBuffer.readFields(RCFile.java:480)
	at org.apache.hadoop.hive.ql.io.RCFile$Reader.nextKeyBuffer(RCFile.java:1691)
	at org.apache.hadoop.hive.ql.io.RCFile$Reader.next(RCFile.java:1838)
	at org.apache.hadoop.hive.ql.io.RCFileRecordReader.next(RCFileRecordReader.java:159)
	at org.apache.hadoop.hive.ql.io.RCFileRecordReader.next(RCFileRecordReader.java:146)
	at org.apache.hadoop.hive.ql.io.RCFileRecordReader.next(RCFileRecordReader.java:44)
	at org.apache.hadoop.hive.ql.io.HiveContextAwareRecordReader.doNext(HiveContextAwareRecordReader.java:350)
	... 15 more


FAILED: Execution Error, return code 2 from org.apache.hadoop.hive.ql.exec.mr.MapRedTask
MapReduce Jobs Launched: 
Stage-Stage-1: Map: 30   Cumulative CPU: 206.98 sec   HDFS Read: 3564085095 HDFS Write: 3507460170 FAIL
Total MapReduce CPU Time Spent: 3 minutes 26 seconds 980 msec
20170802
08
Java HotSpot(TM) 64-Bit Server VM warning: ignoring option MaxPermSize=512M; support was removed in 8.0
2017-09-11 10:34:46,028 WARN  [main] mapreduce.TableMapReduceUtil: The hbase-prefix-tree module jar containing PrefixTreeCodec is not present.  Continuing without it.
Java HotSpot(TM) 64-Bit Server VM warning: ignoring option MaxPermSize=512M; support was removed in 8.0

Logging initialized using configuration in jar:file:/opt/cloudera/parcels/CDH-5.6.1-1.cdh5.6.1.p0.3/jars/hive-common-1.1.0-cdh5.6.1.jar!/hive-log4j.properties
Query ID = hdfs_20170911103434_c647e511-a8c9-4cfa-ac6a-72edf054e687
Total jobs = 1
Launching Job 1 out of 1
Number of reduce tasks is set to 0 since there's no reduce operator
Starting Job = job_1504752158025_1495, Tracking URL = http://jsgd6:8088/proxy/application_1504752158025_1495/
Kill Command = /opt/cloudera/parcels/CDH-5.6.1-1.cdh5.6.1.p0.3/lib/hadoop/bin/hadoop job  -kill job_1504752158025_1495
Hadoop job information for Stage-1: number of mappers: 30; number of reducers: 0
2017-09-11 10:36:12,832 Stage-1 map = 0%,  reduce = 0%
2017-09-11 10:36:24,339 Stage-1 map = 1%,  reduce = 0%, Cumulative CPU 11.2 sec
2017-09-11 10:36:26,410 Stage-1 map = 2%,  reduce = 0%, Cumulative CPU 11.2 sec
2017-09-11 10:36:31,591 Stage-1 map = 3%,  reduce = 0%, Cumulative CPU 19.28 sec
2017-09-11 10:36:34,680 Stage-1 map = 4%,  reduce = 0%, Cumulative CPU 29.99 sec
2017-09-11 10:36:42,930 Stage-1 map = 6%,  reduce = 0%, Cumulative CPU 41.58 sec
2017-09-11 10:36:43,959 Stage-1 map = 7%,  reduce = 0%, Cumulative CPU 48.24 sec
2017-09-11 10:36:44,992 Stage-1 map = 8%,  reduce = 0%, Cumulative CPU 50.29 sec
2017-09-11 10:36:49,108 Stage-1 map = 9%,  reduce = 0%, Cumulative CPU 58.54 sec
2017-09-11 10:36:50,136 Stage-1 map = 10%,  reduce = 0%, Cumulative CPU 59.5 sec
2017-09-11 10:36:56,297 Stage-1 map = 11%,  reduce = 0%, Cumulative CPU 70.12 sec
2017-09-11 10:36:59,390 Stage-1 map = 12%,  reduce = 0%, Cumulative CPU 74.15 sec
2017-09-11 10:37:00,417 Stage-1 map = 14%,  reduce = 0%, Cumulative CPU 95.65 sec
2017-09-11 10:37:02,470 Stage-1 map = 15%,  reduce = 0%, Cumulative CPU 98.99 sec
2017-09-11 10:37:03,496 Stage-1 map = 17%,  reduce = 0%, Cumulative CPU 101.71 sec
2017-09-11 10:37:38,346 Stage-1 map = 18%,  reduce = 0%, Cumulative CPU 142.99 sec
2017-09-11 10:37:40,395 Stage-1 map = 20%,  reduce = 0%, Cumulative CPU 145.13 sec
2017-09-11 10:37:41,419 Stage-1 map = 22%,  reduce = 0%, Cumulative CPU 150.22 sec
2017-09-11 10:37:51,683 Stage-1 map = 23%,  reduce = 0%, Cumulative CPU 169.92 sec
2017-09-11 10:37:53,731 Stage-1 map = 25%,  reduce = 0%, Cumulative CPU 192.29 sec
2017-09-11 10:37:54,760 Stage-1 map = 27%,  reduce = 0%, Cumulative CPU 198.66 sec
2017-09-11 10:37:56,821 Stage-1 map = 28%,  reduce = 0%, Cumulative CPU 195.75 sec
2017-09-11 10:37:57,851 Stage-1 map = 29%,  reduce = 0%, Cumulative CPU 201.21 sec
2017-09-11 10:37:58,880 Stage-1 map = 33%,  reduce = 0%, Cumulative CPU 205.17 sec
2017-09-11 10:38:01,957 Stage-1 map = 34%,  reduce = 0%, Cumulative CPU 223.42 sec
2017-09-11 10:38:05,027 Stage-1 map = 36%,  reduce = 0%, Cumulative CPU 230.18 sec
2017-09-11 10:38:10,142 Stage-1 map = 38%,  reduce = 0%, Cumulative CPU 233.08 sec
2017-09-11 10:38:35,716 Stage-1 map = 34%,  reduce = 0%, Cumulative CPU 200.64 sec
2017-09-11 10:38:44,938 Stage-1 map = 36%,  reduce = 0%, Cumulative CPU 232.72 sec
2017-09-11 10:38:45,962 Stage-1 map = 37%,  reduce = 0%, Cumulative CPU 233.28 sec
2017-09-11 10:38:50,073 Stage-1 map = 39%,  reduce = 0%, Cumulative CPU 259.45 sec
2017-09-11 10:38:51,097 Stage-1 map = 100%,  reduce = 0%, Cumulative CPU 184.09 sec
MapReduce Total cumulative CPU time: 3 minutes 4 seconds 90 msec
Ended Job = job_1504752158025_1495 with errors
Error during job, obtaining debugging information...
Examining task ID: task_1504752158025_1495_m_000001 (and more) from job job_1504752158025_1495
Examining task ID: task_1504752158025_1495_m_000007 (and more) from job job_1504752158025_1495

Task with the most failures(4): 
-----
Task ID:
  task_1504752158025_1495_m_000016

URL:
  http://0.0.0.0:8088/taskdetails.jsp?jobid=job_1504752158025_1495&tipid=task_1504752158025_1495_m_000016
-----
Diagnostic Messages for this Task:
Error: java.io.IOException: java.lang.reflect.InvocationTargetException
	at org.apache.hadoop.hive.io.HiveIOExceptionHandlerChain.handleRecordReaderCreationException(HiveIOExceptionHandlerChain.java:97)
	at org.apache.hadoop.hive.io.HiveIOExceptionHandlerUtil.handleRecordReaderCreationException(HiveIOExceptionHandlerUtil.java:57)
	at org.apache.hadoop.hive.shims.HadoopShimsSecure$CombineFileRecordReader.initNextRecordReader(HadoopShimsSecure.java:265)
	at org.apache.hadoop.hive.shims.HadoopShimsSecure$CombineFileRecordReader.<init>(HadoopShimsSecure.java:212)
	at org.apache.hadoop.hive.shims.HadoopShimsSecure$CombineFileInputFormatShim.getRecordReader(HadoopShimsSecure.java:332)
	at org.apache.hadoop.hive.ql.io.CombineHiveInputFormat.getRecordReader(CombineHiveInputFormat.java:721)
	at org.apache.hadoop.mapred.MapTask$TrackedRecordReader.<init>(MapTask.java:169)
	at org.apache.hadoop.mapred.MapTask.runOldMapper(MapTask.java:432)
	at org.apache.hadoop.mapred.MapTask.run(MapTask.java:343)
	at org.apache.hadoop.mapred.YarnChild$2.run(YarnChild.java:164)
	at java.security.AccessController.doPrivileged(Native Method)
	at javax.security.auth.Subject.doAs(Subject.java:422)
	at org.apache.hadoop.security.UserGroupInformation.doAs(UserGroupInformation.java:1707)
	at org.apache.hadoop.mapred.YarnChild.main(YarnChild.java:158)
Caused by: java.lang.reflect.InvocationTargetException
	at sun.reflect.NativeConstructorAccessorImpl.newInstance0(Native Method)
	at sun.reflect.NativeConstructorAccessorImpl.newInstance(NativeConstructorAccessorImpl.java:62)
	at sun.reflect.DelegatingConstructorAccessorImpl.newInstance(DelegatingConstructorAccessorImpl.java:45)
	at java.lang.reflect.Constructor.newInstance(Constructor.java:423)
	at org.apache.hadoop.hive.shims.HadoopShimsSecure$CombineFileRecordReader.initNextRecordReader(HadoopShimsSecure.java:251)
	... 11 more
Caused by: org.apache.hadoop.hdfs.BlockMissingException: Could not obtain block: BP-1077754751-111.208.67.23-1473778005157:blk_1077581015_3843565 file=/asiainfo/hive/DWD/dwd_dns_up_stream1/pt_time=20170802/pt_hour=08/000027_0
	at org.apache.hadoop.hdfs.DFSInputStream.chooseDataNode(DFSInputStream.java:963)
	at org.apache.hadoop.hdfs.DFSInputStream.blockSeekTo(DFSInputStream.java:610)
	at org.apache.hadoop.hdfs.DFSInputStream.readWithStrategy(DFSInputStream.java:851)
	at org.apache.hadoop.hdfs.DFSInputStream.read(DFSInputStream.java:904)
	at java.io.DataInputStream.readFully(DataInputStream.java:195)
	at java.io.DataInputStream.readFully(DataInputStream.java:169)
	at org.apache.hadoop.hive.ql.io.RCFile$Reader.init(RCFile.java:1462)
	at org.apache.hadoop.hive.ql.io.RCFile$Reader.<init>(RCFile.java:1363)
	at org.apache.hadoop.hive.ql.io.RCFile$Reader.<init>(RCFile.java:1343)
	at org.apache.hadoop.hive.ql.io.RCFileRecordReader.<init>(RCFileRecordReader.java:100)
	at org.apache.hadoop.hive.ql.io.RCFileInputFormat.getRecordReader(RCFileInputFormat.java:57)
	at org.apache.hadoop.hive.ql.io.CombineHiveRecordReader.<init>(CombineHiveRecordReader.java:66)
	... 16 more


FAILED: Execution Error, return code 2 from org.apache.hadoop.hive.ql.exec.mr.MapRedTask
MapReduce Jobs Launched: 
Stage-Stage-1: Map: 30   Cumulative CPU: 184.09 sec   HDFS Read: 3061896274 HDFS Write: 3005392752 FAIL
Total MapReduce CPU Time Spent: 3 minutes 4 seconds 90 msec
20170802
09
Java HotSpot(TM) 64-Bit Server VM warning: ignoring option MaxPermSize=512M; support was removed in 8.0
2017-09-11 10:38:58,265 WARN  [main] mapreduce.TableMapReduceUtil: The hbase-prefix-tree module jar containing PrefixTreeCodec is not present.  Continuing without it.
Java HotSpot(TM) 64-Bit Server VM warning: ignoring option MaxPermSize=512M; support was removed in 8.0

Logging initialized using configuration in jar:file:/opt/cloudera/parcels/CDH-5.6.1-1.cdh5.6.1.p0.3/jars/hive-common-1.1.0-cdh5.6.1.jar!/hive-log4j.properties
Query ID = hdfs_20170911103939_8da053c8-6c6a-4fb6-ba20-48ff5ffbf9cd
Total jobs = 1
Launching Job 1 out of 1
Number of reduce tasks is set to 0 since there's no reduce operator
Starting Job = job_1504752158025_1496, Tracking URL = http://jsgd6:8088/proxy/application_1504752158025_1496/
Kill Command = /opt/cloudera/parcels/CDH-5.6.1-1.cdh5.6.1.p0.3/lib/hadoop/bin/hadoop job  -kill job_1504752158025_1496
Hadoop job information for Stage-1: number of mappers: 32; number of reducers: 0
2017-09-11 10:39:25,591 Stage-1 map = 0%,  reduce = 0%
2017-09-11 10:40:26,155 Stage-1 map = 0%,  reduce = 0%
2017-09-11 10:40:41,581 Stage-1 map = 1%,  reduce = 0%, Cumulative CPU 11.52 sec
2017-09-11 10:40:44,696 Stage-1 map = 4%,  reduce = 0%, Cumulative CPU 36.73 sec
2017-09-11 10:40:45,725 Stage-1 map = 5%,  reduce = 0%, Cumulative CPU 40.98 sec
2017-09-11 10:40:47,786 Stage-1 map = 6%,  reduce = 0%, Cumulative CPU 49.33 sec
2017-09-11 10:40:48,814 Stage-1 map = 7%,  reduce = 0%, Cumulative CPU 51.15 sec
2017-09-11 10:40:51,894 Stage-1 map = 8%,  reduce = 0%, Cumulative CPU 52.95 sec
2017-09-11 10:40:58,091 Stage-1 map = 11%,  reduce = 0%, Cumulative CPU 67.74 sec
2017-09-11 10:40:59,124 Stage-1 map = 12%,  reduce = 0%, Cumulative CPU 80.33 sec
2017-09-11 10:41:01,179 Stage-1 map = 14%,  reduce = 0%, Cumulative CPU 85.24 sec
2017-09-11 10:41:02,205 Stage-1 map = 15%,  reduce = 0%, Cumulative CPU 89.43 sec
2017-09-11 10:41:04,256 Stage-1 map = 16%,  reduce = 0%, Cumulative CPU 92.66 sec
2017-09-11 10:41:13,478 Stage-1 map = 18%,  reduce = 0%, Cumulative CPU 114.0 sec
2017-09-11 10:41:17,589 Stage-1 map = 20%,  reduce = 0%, Cumulative CPU 121.07 sec
2017-09-11 10:41:20,667 Stage-1 map = 21%,  reduce = 0%, Cumulative CPU 133.07 sec
2017-09-11 10:41:25,876 Stage-1 map = 22%,  reduce = 0%, Cumulative CPU 138.02 sec
2017-09-11 10:41:26,914 Stage-1 map = 23%,  reduce = 0%, Cumulative CPU 140.94 sec
2017-09-11 10:41:27,976 Stage-1 map = 27%,  reduce = 0%, Cumulative CPU 185.12 sec
2017-09-11 10:41:30,031 Stage-1 map = 28%,  reduce = 0%, Cumulative CPU 194.44 sec
2017-09-11 10:41:33,112 Stage-1 map = 29%,  reduce = 0%, Cumulative CPU 215.31 sec
2017-09-11 10:41:34,136 Stage-1 map = 32%,  reduce = 0%, Cumulative CPU 230.52 sec
2017-09-11 10:41:35,160 Stage-1 map = 33%,  reduce = 0%, Cumulative CPU 230.76 sec
2017-09-11 10:41:39,300 Stage-1 map = 34%,  reduce = 0%, Cumulative CPU 241.14 sec
2017-09-11 10:41:40,324 Stage-1 map = 38%,  reduce = 0%, Cumulative CPU 250.66 sec
2017-09-11 10:41:43,397 Stage-1 map = 40%,  reduce = 0%, Cumulative CPU 258.81 sec
2017-09-11 10:41:45,447 Stage-1 map = 42%,  reduce = 0%, Cumulative CPU 262.35 sec
2017-09-11 10:41:46,472 Stage-1 map = 43%,  reduce = 0%, Cumulative CPU 281.04 sec
2017-09-11 10:41:50,567 Stage-1 map = 47%,  reduce = 0%, Cumulative CPU 321.38 sec
2017-09-11 10:41:51,593 Stage-1 map = 49%,  reduce = 0%, Cumulative CPU 327.46 sec
2017-09-11 10:41:52,617 Stage-1 map = 51%,  reduce = 0%, Cumulative CPU 330.03 sec
2017-09-11 10:41:53,641 Stage-1 map = 52%,  reduce = 0%, Cumulative CPU 350.06 sec
2017-09-11 10:41:54,664 Stage-1 map = 53%,  reduce = 0%, Cumulative CPU 351.19 sec
2017-09-11 10:41:56,716 Stage-1 map = 56%,  reduce = 0%, Cumulative CPU 361.74 sec
2017-09-11 10:41:58,791 Stage-1 map = 57%,  reduce = 0%, Cumulative CPU 364.15 sec
2017-09-11 10:41:59,832 Stage-1 map = 59%,  reduce = 0%, Cumulative CPU 374.13 sec
2017-09-11 10:42:00,859 Stage-1 map = 60%,  reduce = 0%, Cumulative CPU 384.94 sec
2017-09-11 10:42:01,890 Stage-1 map = 61%,  reduce = 0%, Cumulative CPU 387.1 sec
2017-09-11 10:42:02,916 Stage-1 map = 63%,  reduce = 0%, Cumulative CPU 393.09 sec
2017-09-11 10:42:03,944 Stage-1 map = 64%,  reduce = 0%, Cumulative CPU 407.18 sec
2017-09-11 10:42:06,008 Stage-1 map = 67%,  reduce = 0%, Cumulative CPU 419.48 sec
2017-09-11 10:42:07,034 Stage-1 map = 68%,  reduce = 0%, Cumulative CPU 422.99 sec
2017-09-11 10:42:09,084 Stage-1 map = 70%,  reduce = 0%, Cumulative CPU 427.83 sec
2017-09-11 10:42:10,110 Stage-1 map = 71%,  reduce = 0%, Cumulative CPU 443.61 sec
2017-09-11 10:42:13,188 Stage-1 map = 72%,  reduce = 0%, Cumulative CPU 457.93 sec
2017-09-11 10:42:15,243 Stage-1 map = 73%,  reduce = 0%, Cumulative CPU 469.89 sec
2017-09-11 10:42:16,273 Stage-1 map = 74%,  reduce = 0%, Cumulative CPU 482.35 sec
2017-09-11 10:42:18,356 Stage-1 map = 76%,  reduce = 0%, Cumulative CPU 495.71 sec
2017-09-11 10:42:19,422 Stage-1 map = 78%,  reduce = 0%, Cumulative CPU 509.36 sec
2017-09-11 10:42:20,478 Stage-1 map = 80%,  reduce = 0%, Cumulative CPU 524.36 sec
2017-09-11 10:42:21,527 Stage-1 map = 81%,  reduce = 0%, Cumulative CPU 527.93 sec
2017-09-11 10:42:22,556 Stage-1 map = 84%,  reduce = 0%, Cumulative CPU 537.7 sec
2017-09-11 10:42:23,579 Stage-1 map = 86%,  reduce = 0%, Cumulative CPU 538.84 sec
2017-09-11 10:42:25,627 Stage-1 map = 89%,  reduce = 0%, Cumulative CPU 550.26 sec
2017-09-11 10:42:27,673 Stage-1 map = 91%,  reduce = 0%, Cumulative CPU 561.04 sec
2017-09-11 10:42:28,697 Stage-1 map = 92%,  reduce = 0%, Cumulative CPU 567.04 sec
2017-09-11 10:42:31,770 Stage-1 map = 94%,  reduce = 0%, Cumulative CPU 580.37 sec
2017-09-11 10:42:32,793 Stage-1 map = 95%,  reduce = 0%, Cumulative CPU 583.12 sec
2017-09-11 10:42:33,816 Stage-1 map = 97%,  reduce = 0%, Cumulative CPU 585.25 sec
2017-09-11 10:42:36,884 Stage-1 map = 99%,  reduce = 0%, Cumulative CPU 590.88 sec
2017-09-11 10:42:38,937 Stage-1 map = 100%,  reduce = 0%, Cumulative CPU 592.31 sec
MapReduce Total cumulative CPU time: 9 minutes 52 seconds 310 msec
Ended Job = job_1504752158025_1496
Stage-4 is selected by condition resolver.
Stage-3 is filtered out by condition resolver.
Stage-5 is filtered out by condition resolver.
Moving data to: hdfs://nameservice1/asiainfo/hive/DWD/dwd_dns_up_stream/pt_time=20170802/pt_hour=09/.hive-staging_hive_2017-09-11_10-39-01_751_9162068540950215018-1/-ext-10000
Loading data to table default.dwd_dns_up_stream partition (pt_time=20170802, pt_hour=09)
Moved: 'hdfs://nameservice1/asiainfo/hive/DWD/dwd_dns_up_stream/pt_time=20170802/pt_hour=09/000000_0' to trash at: hdfs://nameservice1/user/hdfs/.Trash/Current
Moved: 'hdfs://nameservice1/asiainfo/hive/DWD/dwd_dns_up_stream/pt_time=20170802/pt_hour=09/000001_0' to trash at: hdfs://nameservice1/user/hdfs/.Trash/Current
Moved: 'hdfs://nameservice1/asiainfo/hive/DWD/dwd_dns_up_stream/pt_time=20170802/pt_hour=09/000002_0' to trash at: hdfs://nameservice1/user/hdfs/.Trash/Current
Moved: 'hdfs://nameservice1/asiainfo/hive/DWD/dwd_dns_up_stream/pt_time=20170802/pt_hour=09/000003_0' to trash at: hdfs://nameservice1/user/hdfs/.Trash/Current
Moved: 'hdfs://nameservice1/asiainfo/hive/DWD/dwd_dns_up_stream/pt_time=20170802/pt_hour=09/000004_0' to trash at: hdfs://nameservice1/user/hdfs/.Trash/Current
Moved: 'hdfs://nameservice1/asiainfo/hive/DWD/dwd_dns_up_stream/pt_time=20170802/pt_hour=09/000005_0' to trash at: hdfs://nameservice1/user/hdfs/.Trash/Current
Moved: 'hdfs://nameservice1/asiainfo/hive/DWD/dwd_dns_up_stream/pt_time=20170802/pt_hour=09/000006_0' to trash at: hdfs://nameservice1/user/hdfs/.Trash/Current
Moved: 'hdfs://nameservice1/asiainfo/hive/DWD/dwd_dns_up_stream/pt_time=20170802/pt_hour=09/000007_0' to trash at: hdfs://nameservice1/user/hdfs/.Trash/Current
Moved: 'hdfs://nameservice1/asiainfo/hive/DWD/dwd_dns_up_stream/pt_time=20170802/pt_hour=09/000008_0' to trash at: hdfs://nameservice1/user/hdfs/.Trash/Current
Moved: 'hdfs://nameservice1/asiainfo/hive/DWD/dwd_dns_up_stream/pt_time=20170802/pt_hour=09/000009_0' to trash at: hdfs://nameservice1/user/hdfs/.Trash/Current
Moved: 'hdfs://nameservice1/asiainfo/hive/DWD/dwd_dns_up_stream/pt_time=20170802/pt_hour=09/000010_0' to trash at: hdfs://nameservice1/user/hdfs/.Trash/Current
Moved: 'hdfs://nameservice1/asiainfo/hive/DWD/dwd_dns_up_stream/pt_time=20170802/pt_hour=09/000011_0' to trash at: hdfs://nameservice1/user/hdfs/.Trash/Current
Moved: 'hdfs://nameservice1/asiainfo/hive/DWD/dwd_dns_up_stream/pt_time=20170802/pt_hour=09/000012_0' to trash at: hdfs://nameservice1/user/hdfs/.Trash/Current
Moved: 'hdfs://nameservice1/asiainfo/hive/DWD/dwd_dns_up_stream/pt_time=20170802/pt_hour=09/000013_0' to trash at: hdfs://nameservice1/user/hdfs/.Trash/Current
Moved: 'hdfs://nameservice1/asiainfo/hive/DWD/dwd_dns_up_stream/pt_time=20170802/pt_hour=09/000014_0' to trash at: hdfs://nameservice1/user/hdfs/.Trash/Current
Moved: 'hdfs://nameservice1/asiainfo/hive/DWD/dwd_dns_up_stream/pt_time=20170802/pt_hour=09/000015_0' to trash at: hdfs://nameservice1/user/hdfs/.Trash/Current
Moved: 'hdfs://nameservice1/asiainfo/hive/DWD/dwd_dns_up_stream/pt_time=20170802/pt_hour=09/000016_0' to trash at: hdfs://nameservice1/user/hdfs/.Trash/Current
Moved: 'hdfs://nameservice1/asiainfo/hive/DWD/dwd_dns_up_stream/pt_time=20170802/pt_hour=09/000017_0' to trash at: hdfs://nameservice1/user/hdfs/.Trash/Current
Moved: 'hdfs://nameservice1/asiainfo/hive/DWD/dwd_dns_up_stream/pt_time=20170802/pt_hour=09/000018_0' to trash at: hdfs://nameservice1/user/hdfs/.Trash/Current
Moved: 'hdfs://nameservice1/asiainfo/hive/DWD/dwd_dns_up_stream/pt_time=20170802/pt_hour=09/000019_0' to trash at: hdfs://nameservice1/user/hdfs/.Trash/Current
Moved: 'hdfs://nameservice1/asiainfo/hive/DWD/dwd_dns_up_stream/pt_time=20170802/pt_hour=09/000020_0' to trash at: hdfs://nameservice1/user/hdfs/.Trash/Current
Moved: 'hdfs://nameservice1/asiainfo/hive/DWD/dwd_dns_up_stream/pt_time=20170802/pt_hour=09/000021_0' to trash at: hdfs://nameservice1/user/hdfs/.Trash/Current
Moved: 'hdfs://nameservice1/asiainfo/hive/DWD/dwd_dns_up_stream/pt_time=20170802/pt_hour=09/000022_0' to trash at: hdfs://nameservice1/user/hdfs/.Trash/Current
Moved: 'hdfs://nameservice1/asiainfo/hive/DWD/dwd_dns_up_stream/pt_time=20170802/pt_hour=09/000023_0' to trash at: hdfs://nameservice1/user/hdfs/.Trash/Current
Moved: 'hdfs://nameservice1/asiainfo/hive/DWD/dwd_dns_up_stream/pt_time=20170802/pt_hour=09/000024_0' to trash at: hdfs://nameservice1/user/hdfs/.Trash/Current
Moved: 'hdfs://nameservice1/asiainfo/hive/DWD/dwd_dns_up_stream/pt_time=20170802/pt_hour=09/000025_0' to trash at: hdfs://nameservice1/user/hdfs/.Trash/Current
Moved: 'hdfs://nameservice1/asiainfo/hive/DWD/dwd_dns_up_stream/pt_time=20170802/pt_hour=09/000026_0' to trash at: hdfs://nameservice1/user/hdfs/.Trash/Current
Moved: 'hdfs://nameservice1/asiainfo/hive/DWD/dwd_dns_up_stream/pt_time=20170802/pt_hour=09/000027_0' to trash at: hdfs://nameservice1/user/hdfs/.Trash/Current
Moved: 'hdfs://nameservice1/asiainfo/hive/DWD/dwd_dns_up_stream/pt_time=20170802/pt_hour=09/000028_0' to trash at: hdfs://nameservice1/user/hdfs/.Trash/Current
Moved: 'hdfs://nameservice1/asiainfo/hive/DWD/dwd_dns_up_stream/pt_time=20170802/pt_hour=09/000029_0' to trash at: hdfs://nameservice1/user/hdfs/.Trash/Current
Moved: 'hdfs://nameservice1/asiainfo/hive/DWD/dwd_dns_up_stream/pt_time=20170802/pt_hour=09/000030_0' to trash at: hdfs://nameservice1/user/hdfs/.Trash/Current
Moved: 'hdfs://nameservice1/asiainfo/hive/DWD/dwd_dns_up_stream/pt_time=20170802/pt_hour=09/000031_0' to trash at: hdfs://nameservice1/user/hdfs/.Trash/Current
Partition default.dwd_dns_up_stream{pt_time=20170802, pt_hour=09} stats: [numFiles=32, numRows=154085280, totalSize=9976028087, rawDataSize=9689032670]
MapReduce Jobs Launched: 
Stage-Stage-1: Map: 32   Cumulative CPU: 592.31 sec   HDFS Read: 10093309737 HDFS Write: 9976031959 SUCCESS
Total MapReduce CPU Time Spent: 9 minutes 52 seconds 310 msec
OK
Time taken: 220.801 seconds
20170802
10
Java HotSpot(TM) 64-Bit Server VM warning: ignoring option MaxPermSize=512M; support was removed in 8.0
2017-09-11 10:42:47,458 WARN  [main] mapreduce.TableMapReduceUtil: The hbase-prefix-tree module jar containing PrefixTreeCodec is not present.  Continuing without it.
Java HotSpot(TM) 64-Bit Server VM warning: ignoring option MaxPermSize=512M; support was removed in 8.0

Logging initialized using configuration in jar:file:/opt/cloudera/parcels/CDH-5.6.1-1.cdh5.6.1.p0.3/jars/hive-common-1.1.0-cdh5.6.1.jar!/hive-log4j.properties
Query ID = hdfs_20170911104242_31bb0b8b-0425-4a5c-8af6-dbcf4a976b14
Total jobs = 1
Launching Job 1 out of 1
Number of reduce tasks is set to 0 since there's no reduce operator
Starting Job = job_1504752158025_1498, Tracking URL = http://jsgd6:8088/proxy/application_1504752158025_1498/
Kill Command = /opt/cloudera/parcels/CDH-5.6.1-1.cdh5.6.1.p0.3/lib/hadoop/bin/hadoop job  -kill job_1504752158025_1498
Hadoop job information for Stage-1: number of mappers: 31; number of reducers: 0
2017-09-11 10:43:43,273 Stage-1 map = 0%,  reduce = 0%
2017-09-11 10:44:09,274 Stage-1 map = 2%,  reduce = 0%, Cumulative CPU 13.33 sec
2017-09-11 10:44:13,414 Stage-1 map = 3%,  reduce = 0%, Cumulative CPU 19.0 sec
2017-09-11 10:44:18,564 Stage-1 map = 4%,  reduce = 0%, Cumulative CPU 29.04 sec
2017-09-11 10:44:22,703 Stage-1 map = 6%,  reduce = 0%, Cumulative CPU 41.83 sec
2017-09-11 10:44:24,768 Stage-1 map = 7%,  reduce = 0%, Cumulative CPU 43.98 sec
2017-09-11 10:44:27,864 Stage-1 map = 8%,  reduce = 0%, Cumulative CPU 49.92 sec
2017-09-11 10:44:39,202 Stage-1 map = 11%,  reduce = 0%, Cumulative CPU 61.34 sec
2017-09-11 10:44:49,488 Stage-1 map = 10%,  reduce = 0%, Cumulative CPU 55.59 sec
2017-09-11 10:44:55,683 Stage-1 map = 11%,  reduce = 0%, Cumulative CPU 60.56 sec
2017-09-11 10:44:57,757 Stage-1 map = 12%,  reduce = 0%, Cumulative CPU 63.72 sec
2017-09-11 10:44:59,829 Stage-1 map = 13%,  reduce = 0%, Cumulative CPU 75.06 sec
2017-09-11 10:45:03,983 Stage-1 map = 14%,  reduce = 0%, Cumulative CPU 84.54 sec
2017-09-11 10:45:10,149 Stage-1 map = 15%,  reduce = 0%, Cumulative CPU 96.57 sec
2017-09-11 10:45:14,292 Stage-1 map = 17%,  reduce = 0%, Cumulative CPU 129.27 sec
2017-09-11 10:45:16,349 Stage-1 map = 18%,  reduce = 0%, Cumulative CPU 160.03 sec
2017-09-11 10:45:17,375 Stage-1 map = 20%,  reduce = 0%, Cumulative CPU 172.15 sec
2017-09-11 10:45:18,401 Stage-1 map = 23%,  reduce = 0%, Cumulative CPU 180.77 sec
2017-09-11 10:45:19,427 Stage-1 map = 26%,  reduce = 0%, Cumulative CPU 185.61 sec
2017-09-11 10:45:21,480 Stage-1 map = 29%,  reduce = 0%, Cumulative CPU 195.61 sec
2017-09-11 10:45:22,516 Stage-1 map = 28%,  reduce = 0%, Cumulative CPU 191.57 sec
2017-09-11 10:45:23,543 Stage-1 map = 31%,  reduce = 0%, Cumulative CPU 198.54 sec
2017-09-11 10:45:24,589 Stage-1 map = 32%,  reduce = 0%, Cumulative CPU 200.51 sec
2017-09-11 10:45:25,622 Stage-1 map = 36%,  reduce = 0%, Cumulative CPU 218.3 sec
2017-09-11 10:45:27,693 Stage-1 map = 38%,  reduce = 0%, Cumulative CPU 224.4 sec
2017-09-11 10:45:28,721 Stage-1 map = 41%,  reduce = 0%, Cumulative CPU 230.55 sec
2017-09-11 10:45:30,771 Stage-1 map = 42%,  reduce = 0%, Cumulative CPU 234.53 sec
2017-09-11 10:45:31,798 Stage-1 map = 43%,  reduce = 0%, Cumulative CPU 237.69 sec
2017-09-11 10:45:33,848 Stage-1 map = 45%,  reduce = 0%, Cumulative CPU 239.65 sec
2017-09-11 10:45:34,873 Stage-1 map = 47%,  reduce = 0%, Cumulative CPU 261.94 sec
2017-09-11 10:45:37,947 Stage-1 map = 48%,  reduce = 0%, Cumulative CPU 270.0 sec
2017-09-11 10:45:38,972 Stage-1 map = 50%,  reduce = 0%, Cumulative CPU 271.21 sec
2017-09-11 10:45:44,092 Stage-1 map = 52%,  reduce = 0%, Cumulative CPU 283.78 sec
2017-09-11 10:45:51,272 Stage-1 map = 53%,  reduce = 0%, Cumulative CPU 298.82 sec
2017-09-11 10:45:54,348 Stage-1 map = 55%,  reduce = 0%, Cumulative CPU 301.79 sec
2017-09-11 10:46:02,534 Stage-1 map = 53%,  reduce = 0%, Cumulative CPU 297.36 sec
2017-09-11 10:46:08,678 Stage-1 map = 55%,  reduce = 0%, Cumulative CPU 301.3 sec
2017-09-11 10:46:13,808 Stage-1 map = 56%,  reduce = 0%, Cumulative CPU 304.71 sec
2017-09-11 10:46:17,904 Stage-1 map = 55%,  reduce = 0%, Cumulative CPU 289.32 sec
2017-09-11 10:46:35,312 Stage-1 map = 56%,  reduce = 0%, Cumulative CPU 300.33 sec
2017-09-11 10:46:46,601 Stage-1 map = 58%,  reduce = 0%, Cumulative CPU 314.57 sec
2017-09-11 10:46:47,625 Stage-1 map = 60%,  reduce = 0%, Cumulative CPU 325.3 sec
2017-09-11 10:46:49,671 Stage-1 map = 61%,  reduce = 0%, Cumulative CPU 329.03 sec
2017-09-11 10:46:52,740 Stage-1 map = 100%,  reduce = 0%, Cumulative CPU 304.56 sec
MapReduce Total cumulative CPU time: 5 minutes 4 seconds 560 msec
Ended Job = job_1504752158025_1498 with errors
Error during job, obtaining debugging information...
Examining task ID: task_1504752158025_1498_m_000006 (and more) from job job_1504752158025_1498
Examining task ID: task_1504752158025_1498_m_000002 (and more) from job job_1504752158025_1498
Examining task ID: task_1504752158025_1498_m_000025 (and more) from job job_1504752158025_1498

Task with the most failures(4): 
-----
Task ID:
  task_1504752158025_1498_m_000028

URL:
  http://0.0.0.0:8088/taskdetails.jsp?jobid=job_1504752158025_1498&tipid=task_1504752158025_1498_m_000028
-----
Diagnostic Messages for this Task:
Error: java.io.IOException: java.io.IOException: org.apache.hadoop.hdfs.BlockMissingException: Could not obtain block: BP-1077754751-111.208.67.23-1473778005157:blk_1077581344_3843894 file=/asiainfo/hive/DWD/dwd_dns_up_stream1/pt_time=20170802/pt_hour=10/000025_0
	at org.apache.hadoop.hive.io.HiveIOExceptionHandlerChain.handleRecordReaderNextException(HiveIOExceptionHandlerChain.java:121)
	at org.apache.hadoop.hive.io.HiveIOExceptionHandlerUtil.handleRecordReaderNextException(HiveIOExceptionHandlerUtil.java:77)
	at org.apache.hadoop.hive.shims.HadoopShimsSecure$CombineFileRecordReader.doNextWithExceptionHandler(HadoopShimsSecure.java:226)
	at org.apache.hadoop.hive.shims.HadoopShimsSecure$CombineFileRecordReader.next(HadoopShimsSecure.java:136)
	at org.apache.hadoop.mapred.MapTask$TrackedRecordReader.moveToNext(MapTask.java:199)
	at org.apache.hadoop.mapred.MapTask$TrackedRecordReader.next(MapTask.java:185)
	at org.apache.hadoop.mapred.MapRunner.run(MapRunner.java:52)
	at org.apache.hadoop.mapred.MapTask.runOldMapper(MapTask.java:453)
	at org.apache.hadoop.mapred.MapTask.run(MapTask.java:343)
	at org.apache.hadoop.mapred.YarnChild$2.run(YarnChild.java:164)
	at java.security.AccessController.doPrivileged(Native Method)
	at javax.security.auth.Subject.doAs(Subject.java:422)
	at org.apache.hadoop.security.UserGroupInformation.doAs(UserGroupInformation.java:1707)
	at org.apache.hadoop.mapred.YarnChild.main(YarnChild.java:158)
Caused by: java.io.IOException: org.apache.hadoop.hdfs.BlockMissingException: Could not obtain block: BP-1077754751-111.208.67.23-1473778005157:blk_1077581344_3843894 file=/asiainfo/hive/DWD/dwd_dns_up_stream1/pt_time=20170802/pt_hour=10/000025_0
	at org.apache.hadoop.hive.io.HiveIOExceptionHandlerChain.handleRecordReaderNextException(HiveIOExceptionHandlerChain.java:121)
	at org.apache.hadoop.hive.io.HiveIOExceptionHandlerUtil.handleRecordReaderNextException(HiveIOExceptionHandlerUtil.java:77)
	at org.apache.hadoop.hive.ql.io.HiveContextAwareRecordReader.doNext(HiveContextAwareRecordReader.java:355)
	at org.apache.hadoop.hive.ql.io.CombineHiveRecordReader.doNext(CombineHiveRecordReader.java:105)
	at org.apache.hadoop.hive.ql.io.CombineHiveRecordReader.doNext(CombineHiveRecordReader.java:41)
	at org.apache.hadoop.hive.ql.io.HiveContextAwareRecordReader.next(HiveContextAwareRecordReader.java:116)
	at org.apache.hadoop.hive.shims.HadoopShimsSecure$CombineFileRecordReader.doNextWithExceptionHandler(HadoopShimsSecure.java:224)
	... 11 more
Caused by: org.apache.hadoop.hdfs.BlockMissingException: Could not obtain block: BP-1077754751-111.208.67.23-1473778005157:blk_1077581344_3843894 file=/asiainfo/hive/DWD/dwd_dns_up_stream1/pt_time=20170802/pt_hour=10/000025_0
	at org.apache.hadoop.hdfs.DFSInputStream.chooseDataNode(DFSInputStream.java:963)
	at org.apache.hadoop.hdfs.DFSInputStream.blockSeekTo(DFSInputStream.java:610)
	at org.apache.hadoop.hdfs.DFSInputStream.readWithStrategy(DFSInputStream.java:851)
	at org.apache.hadoop.hdfs.DFSInputStream.read(DFSInputStream.java:904)
	at java.io.DataInputStream.readFully(DataInputStream.java:195)
	at org.apache.hadoop.hive.common.io.NonSyncByteArrayOutputStream.write(NonSyncByteArrayOutputStream.java:56)
	at org.apache.hadoop.hive.ql.io.NonSyncDataOutputBuffer.write(NonSyncDataOutputBuffer.java:66)
	at org.apache.hadoop.hive.ql.io.RCFile$KeyBuffer.readFields(RCFile.java:480)
	at org.apache.hadoop.hive.ql.io.RCFile$Reader.nextKeyBuffer(RCFile.java:1691)
	at org.apache.hadoop.hive.ql.io.RCFile$Reader.next(RCFile.java:1838)
	at org.apache.hadoop.hive.ql.io.RCFileRecordReader.next(RCFileRecordReader.java:159)
	at org.apache.hadoop.hive.ql.io.RCFileRecordReader.next(RCFileRecordReader.java:146)
	at org.apache.hadoop.hive.ql.io.RCFileRecordReader.next(RCFileRecordReader.java:44)
	at org.apache.hadoop.hive.ql.io.HiveContextAwareRecordReader.doNext(HiveContextAwareRecordReader.java:350)
	... 15 more


FAILED: Execution Error, return code 2 from org.apache.hadoop.hive.ql.exec.mr.MapRedTask
MapReduce Jobs Launched: 
Stage-Stage-1: Map: 31   Cumulative CPU: 304.56 sec   HDFS Read: 5042425150 HDFS Write: 4989065978 FAIL
Total MapReduce CPU Time Spent: 5 minutes 4 seconds 560 msec
