00
Java HotSpot(TM) 64-Bit Server VM warning: ignoring option MaxPermSize=512M; support was removed in 8.0
2017-09-12 12:29:02,313 WARN  [main] mapreduce.TableMapReduceUtil: The hbase-prefix-tree module jar containing PrefixTreeCodec is not present.  Continuing without it.
Java HotSpot(TM) 64-Bit Server VM warning: ignoring option MaxPermSize=512M; support was removed in 8.0

Logging initialized using configuration in jar:file:/opt/cloudera/parcels/CDH-5.6.1-1.cdh5.6.1.p0.3/jars/hive-common-1.1.0-cdh5.6.1.jar!/hive-log4j.properties
Loading data to table default.stg_dns_updown partition (pt_time=20170813, pt_hour=00)
Moved: 'hdfs://nameservice1/asiainfo/hive/STG/stg_dns_updown/pt_time=20170813/pt_hour=00/total_00.gz' to trash at: hdfs://nameservice1/user/hdfs/.Trash/Current
Partition default.stg_dns_updown{pt_time=20170813, pt_hour=00} stats: [numFiles=1, numRows=0, totalSize=2947904274, rawDataSize=0]
OK
Time taken: 27.903 seconds
01
Java HotSpot(TM) 64-Bit Server VM warning: ignoring option MaxPermSize=512M; support was removed in 8.0
2017-09-12 12:29:59,902 WARN  [main] mapreduce.TableMapReduceUtil: The hbase-prefix-tree module jar containing PrefixTreeCodec is not present.  Continuing without it.
Java HotSpot(TM) 64-Bit Server VM warning: ignoring option MaxPermSize=512M; support was removed in 8.0

Logging initialized using configuration in jar:file:/opt/cloudera/parcels/CDH-5.6.1-1.cdh5.6.1.p0.3/jars/hive-common-1.1.0-cdh5.6.1.jar!/hive-log4j.properties
Loading data to table default.stg_dns_updown partition (pt_time=20170813, pt_hour=01)
Moved: 'hdfs://nameservice1/asiainfo/hive/STG/stg_dns_updown/pt_time=20170813/pt_hour=01/total_01.gz' to trash at: hdfs://nameservice1/user/hdfs/.Trash/Current
Partition default.stg_dns_updown{pt_time=20170813, pt_hour=01} stats: [numFiles=1, numRows=0, totalSize=2323310187, rawDataSize=0]
OK
Time taken: 25.778 seconds
02
Java HotSpot(TM) 64-Bit Server VM warning: ignoring option MaxPermSize=512M; support was removed in 8.0
2017-09-12 12:30:52,473 WARN  [main] mapreduce.TableMapReduceUtil: The hbase-prefix-tree module jar containing PrefixTreeCodec is not present.  Continuing without it.
Java HotSpot(TM) 64-Bit Server VM warning: ignoring option MaxPermSize=512M; support was removed in 8.0

Logging initialized using configuration in jar:file:/opt/cloudera/parcels/CDH-5.6.1-1.cdh5.6.1.p0.3/jars/hive-common-1.1.0-cdh5.6.1.jar!/hive-log4j.properties
Loading data to table default.stg_dns_updown partition (pt_time=20170813, pt_hour=02)
Moved: 'hdfs://nameservice1/asiainfo/hive/STG/stg_dns_updown/pt_time=20170813/pt_hour=02/total_02.gz' to trash at: hdfs://nameservice1/user/hdfs/.Trash/Current
Partition default.stg_dns_updown{pt_time=20170813, pt_hour=02} stats: [numFiles=1, numRows=0, totalSize=2027493067, rawDataSize=0]
OK
Time taken: 20.838 seconds
03
Java HotSpot(TM) 64-Bit Server VM warning: ignoring option MaxPermSize=512M; support was removed in 8.0
2017-09-12 12:31:41,081 WARN  [main] mapreduce.TableMapReduceUtil: The hbase-prefix-tree module jar containing PrefixTreeCodec is not present.  Continuing without it.
Java HotSpot(TM) 64-Bit Server VM warning: ignoring option MaxPermSize=512M; support was removed in 8.0

Logging initialized using configuration in jar:file:/opt/cloudera/parcels/CDH-5.6.1-1.cdh5.6.1.p0.3/jars/hive-common-1.1.0-cdh5.6.1.jar!/hive-log4j.properties
Loading data to table default.stg_dns_updown partition (pt_time=20170813, pt_hour=03)
Moved: 'hdfs://nameservice1/asiainfo/hive/STG/stg_dns_updown/pt_time=20170813/pt_hour=03/total_03.gz' to trash at: hdfs://nameservice1/user/hdfs/.Trash/Current
Partition default.stg_dns_updown{pt_time=20170813, pt_hour=03} stats: [numFiles=1, numRows=0, totalSize=1890531654, rawDataSize=0]
OK
Time taken: 21.556 seconds
04
Java HotSpot(TM) 64-Bit Server VM warning: ignoring option MaxPermSize=512M; support was removed in 8.0
2017-09-12 12:32:28,393 WARN  [main] mapreduce.TableMapReduceUtil: The hbase-prefix-tree module jar containing PrefixTreeCodec is not present.  Continuing without it.
Java HotSpot(TM) 64-Bit Server VM warning: ignoring option MaxPermSize=512M; support was removed in 8.0

Logging initialized using configuration in jar:file:/opt/cloudera/parcels/CDH-5.6.1-1.cdh5.6.1.p0.3/jars/hive-common-1.1.0-cdh5.6.1.jar!/hive-log4j.properties
Loading data to table default.stg_dns_updown partition (pt_time=20170813, pt_hour=04)
Moved: 'hdfs://nameservice1/asiainfo/hive/STG/stg_dns_updown/pt_time=20170813/pt_hour=04/total_04.gz' to trash at: hdfs://nameservice1/user/hdfs/.Trash/Current
Partition default.stg_dns_updown{pt_time=20170813, pt_hour=04} stats: [numFiles=1, numRows=0, totalSize=1890832463, rawDataSize=0]
OK
Time taken: 22.516 seconds
05
Java HotSpot(TM) 64-Bit Server VM warning: ignoring option MaxPermSize=512M; support was removed in 8.0
2017-09-12 12:34:04,278 WARN  [main] mapreduce.TableMapReduceUtil: The hbase-prefix-tree module jar containing PrefixTreeCodec is not present.  Continuing without it.
Java HotSpot(TM) 64-Bit Server VM warning: ignoring option MaxPermSize=512M; support was removed in 8.0

Logging initialized using configuration in jar:file:/opt/cloudera/parcels/CDH-5.6.1-1.cdh5.6.1.p0.3/jars/hive-common-1.1.0-cdh5.6.1.jar!/hive-log4j.properties
Loading data to table default.stg_dns_updown partition (pt_time=20170813, pt_hour=05)
Partition default.stg_dns_updown{pt_time=20170813, pt_hour=05} stats: [numFiles=1, numRows=0, totalSize=9224603043, rawDataSize=0]
OK
Time taken: 108.554 seconds
06
Java HotSpot(TM) 64-Bit Server VM warning: ignoring option MaxPermSize=512M; support was removed in 8.0
2017-09-12 12:37:29,355 WARN  [main] mapreduce.TableMapReduceUtil: The hbase-prefix-tree module jar containing PrefixTreeCodec is not present.  Continuing without it.
Java HotSpot(TM) 64-Bit Server VM warning: ignoring option MaxPermSize=512M; support was removed in 8.0

Logging initialized using configuration in jar:file:/opt/cloudera/parcels/CDH-5.6.1-1.cdh5.6.1.p0.3/jars/hive-common-1.1.0-cdh5.6.1.jar!/hive-log4j.properties
Loading data to table default.stg_dns_updown partition (pt_time=20170813, pt_hour=06)
Partition default.stg_dns_updown{pt_time=20170813, pt_hour=06} stats: [numFiles=1, numRows=0, totalSize=12962363057, rawDataSize=0]
OK
Time taken: 137.373 seconds
07
Java HotSpot(TM) 64-Bit Server VM warning: ignoring option MaxPermSize=512M; support was removed in 8.0
2017-09-12 12:40:18,299 WARN  [main] mapreduce.TableMapReduceUtil: The hbase-prefix-tree module jar containing PrefixTreeCodec is not present.  Continuing without it.
Java HotSpot(TM) 64-Bit Server VM warning: ignoring option MaxPermSize=512M; support was removed in 8.0

Logging initialized using configuration in jar:file:/opt/cloudera/parcels/CDH-5.6.1-1.cdh5.6.1.p0.3/jars/hive-common-1.1.0-cdh5.6.1.jar!/hive-log4j.properties
Loading data to table default.stg_dns_updown partition (pt_time=20170813, pt_hour=07)
Partition default.stg_dns_updown{pt_time=20170813, pt_hour=07} stats: [numFiles=1, numRows=0, totalSize=3436012567, rawDataSize=0]
OK
Time taken: 32.731 seconds
08
Java HotSpot(TM) 64-Bit Server VM warning: ignoring option MaxPermSize=512M; support was removed in 8.0
2017-09-12 12:41:37,685 WARN  [main] mapreduce.TableMapReduceUtil: The hbase-prefix-tree module jar containing PrefixTreeCodec is not present.  Continuing without it.
Java HotSpot(TM) 64-Bit Server VM warning: ignoring option MaxPermSize=512M; support was removed in 8.0

Logging initialized using configuration in jar:file:/opt/cloudera/parcels/CDH-5.6.1-1.cdh5.6.1.p0.3/jars/hive-common-1.1.0-cdh5.6.1.jar!/hive-log4j.properties
Loading data to table default.stg_dns_updown partition (pt_time=20170813, pt_hour=08)
Partition default.stg_dns_updown{pt_time=20170813, pt_hour=08} stats: [numFiles=1, numRows=0, totalSize=3973447273, rawDataSize=0]
OK
Time taken: 42.144 seconds
09
Java HotSpot(TM) 64-Bit Server VM warning: ignoring option MaxPermSize=512M; support was removed in 8.0
2017-09-12 12:42:59,021 WARN  [main] mapreduce.TableMapReduceUtil: The hbase-prefix-tree module jar containing PrefixTreeCodec is not present.  Continuing without it.
Java HotSpot(TM) 64-Bit Server VM warning: ignoring option MaxPermSize=512M; support was removed in 8.0

Logging initialized using configuration in jar:file:/opt/cloudera/parcels/CDH-5.6.1-1.cdh5.6.1.p0.3/jars/hive-common-1.1.0-cdh5.6.1.jar!/hive-log4j.properties
Loading data to table default.stg_dns_updown partition (pt_time=20170813, pt_hour=09)
Partition default.stg_dns_updown{pt_time=20170813, pt_hour=09} stats: [numFiles=1, numRows=0, totalSize=4388121320, rawDataSize=0]
OK
Time taken: 43.147 seconds
10
Java HotSpot(TM) 64-Bit Server VM warning: ignoring option MaxPermSize=512M; support was removed in 8.0
2017-09-12 12:44:21,026 WARN  [main] mapreduce.TableMapReduceUtil: The hbase-prefix-tree module jar containing PrefixTreeCodec is not present.  Continuing without it.
Java HotSpot(TM) 64-Bit Server VM warning: ignoring option MaxPermSize=512M; support was removed in 8.0

Logging initialized using configuration in jar:file:/opt/cloudera/parcels/CDH-5.6.1-1.cdh5.6.1.p0.3/jars/hive-common-1.1.0-cdh5.6.1.jar!/hive-log4j.properties
Loading data to table default.stg_dns_updown partition (pt_time=20170813, pt_hour=10)
Partition default.stg_dns_updown{pt_time=20170813, pt_hour=10} stats: [numFiles=1, numRows=0, totalSize=4644553257, rawDataSize=0]
OK
Time taken: 52.052 seconds
11
Java HotSpot(TM) 64-Bit Server VM warning: ignoring option MaxPermSize=512M; support was removed in 8.0
2017-09-12 12:45:51,464 WARN  [main] mapreduce.TableMapReduceUtil: The hbase-prefix-tree module jar containing PrefixTreeCodec is not present.  Continuing without it.
Java HotSpot(TM) 64-Bit Server VM warning: ignoring option MaxPermSize=512M; support was removed in 8.0

Logging initialized using configuration in jar:file:/opt/cloudera/parcels/CDH-5.6.1-1.cdh5.6.1.p0.3/jars/hive-common-1.1.0-cdh5.6.1.jar!/hive-log4j.properties
Loading data to table default.stg_dns_updown partition (pt_time=20170813, pt_hour=11)
Partition default.stg_dns_updown{pt_time=20170813, pt_hour=11} stats: [numFiles=1, numRows=0, totalSize=4656786966, rawDataSize=0]
OK
Time taken: 44.143 seconds
12
Java HotSpot(TM) 64-Bit Server VM warning: ignoring option MaxPermSize=512M; support was removed in 8.0
2017-09-12 12:47:24,688 WARN  [main] mapreduce.TableMapReduceUtil: The hbase-prefix-tree module jar containing PrefixTreeCodec is not present.  Continuing without it.
Java HotSpot(TM) 64-Bit Server VM warning: ignoring option MaxPermSize=512M; support was removed in 8.0

Logging initialized using configuration in jar:file:/opt/cloudera/parcels/CDH-5.6.1-1.cdh5.6.1.p0.3/jars/hive-common-1.1.0-cdh5.6.1.jar!/hive-log4j.properties
Loading data to table default.stg_dns_updown partition (pt_time=20170813, pt_hour=12)
Partition default.stg_dns_updown{pt_time=20170813, pt_hour=12} stats: [numFiles=1, numRows=0, totalSize=4792891239, rawDataSize=0]
OK
Time taken: 47.786 seconds
13
Java HotSpot(TM) 64-Bit Server VM warning: ignoring option MaxPermSize=512M; support was removed in 8.0
2017-09-12 12:48:49,618 WARN  [main] mapreduce.TableMapReduceUtil: The hbase-prefix-tree module jar containing PrefixTreeCodec is not present.  Continuing without it.
Java HotSpot(TM) 64-Bit Server VM warning: ignoring option MaxPermSize=512M; support was removed in 8.0

Logging initialized using configuration in jar:file:/opt/cloudera/parcels/CDH-5.6.1-1.cdh5.6.1.p0.3/jars/hive-common-1.1.0-cdh5.6.1.jar!/hive-log4j.properties
Loading data to table default.stg_dns_updown partition (pt_time=20170813, pt_hour=13)
Partition default.stg_dns_updown{pt_time=20170813, pt_hour=13} stats: [numFiles=1, numRows=0, totalSize=4624205902, rawDataSize=0]
OK
Time taken: 46.313 seconds
14
Java HotSpot(TM) 64-Bit Server VM warning: ignoring option MaxPermSize=512M; support was removed in 8.0
2017-09-12 12:50:12,816 WARN  [main] mapreduce.TableMapReduceUtil: The hbase-prefix-tree module jar containing PrefixTreeCodec is not present.  Continuing without it.
Java HotSpot(TM) 64-Bit Server VM warning: ignoring option MaxPermSize=512M; support was removed in 8.0

Logging initialized using configuration in jar:file:/opt/cloudera/parcels/CDH-5.6.1-1.cdh5.6.1.p0.3/jars/hive-common-1.1.0-cdh5.6.1.jar!/hive-log4j.properties
Loading data to table default.stg_dns_updown partition (pt_time=20170813, pt_hour=14)
Partition default.stg_dns_updown{pt_time=20170813, pt_hour=14} stats: [numFiles=1, numRows=0, totalSize=4485771452, rawDataSize=0]
OK
Time taken: 43.805 seconds
15
Java HotSpot(TM) 64-Bit Server VM warning: ignoring option MaxPermSize=512M; support was removed in 8.0
2017-09-12 12:51:32,335 WARN  [main] mapreduce.TableMapReduceUtil: The hbase-prefix-tree module jar containing PrefixTreeCodec is not present.  Continuing without it.
Java HotSpot(TM) 64-Bit Server VM warning: ignoring option MaxPermSize=512M; support was removed in 8.0

Logging initialized using configuration in jar:file:/opt/cloudera/parcels/CDH-5.6.1-1.cdh5.6.1.p0.3/jars/hive-common-1.1.0-cdh5.6.1.jar!/hive-log4j.properties
Loading data to table default.stg_dns_updown partition (pt_time=20170813, pt_hour=15)
Partition default.stg_dns_updown{pt_time=20170813, pt_hour=15} stats: [numFiles=1, numRows=0, totalSize=4467790395, rawDataSize=0]
OK
Time taken: 55.013 seconds
16
Java HotSpot(TM) 64-Bit Server VM warning: ignoring option MaxPermSize=512M; support was removed in 8.0
2017-09-12 12:53:03,177 WARN  [main] mapreduce.TableMapReduceUtil: The hbase-prefix-tree module jar containing PrefixTreeCodec is not present.  Continuing without it.
Java HotSpot(TM) 64-Bit Server VM warning: ignoring option MaxPermSize=512M; support was removed in 8.0

Logging initialized using configuration in jar:file:/opt/cloudera/parcels/CDH-5.6.1-1.cdh5.6.1.p0.3/jars/hive-common-1.1.0-cdh5.6.1.jar!/hive-log4j.properties
Loading data to table default.stg_dns_updown partition (pt_time=20170813, pt_hour=16)
Partition default.stg_dns_updown{pt_time=20170813, pt_hour=16} stats: [numFiles=1, numRows=0, totalSize=4537280972, rawDataSize=0]
OK
Time taken: 66.44 seconds
17
Java HotSpot(TM) 64-Bit Server VM warning: ignoring option MaxPermSize=512M; support was removed in 8.0
2017-09-12 12:54:43,905 WARN  [main] mapreduce.TableMapReduceUtil: The hbase-prefix-tree module jar containing PrefixTreeCodec is not present.  Continuing without it.
Java HotSpot(TM) 64-Bit Server VM warning: ignoring option MaxPermSize=512M; support was removed in 8.0

Logging initialized using configuration in jar:file:/opt/cloudera/parcels/CDH-5.6.1-1.cdh5.6.1.p0.3/jars/hive-common-1.1.0-cdh5.6.1.jar!/hive-log4j.properties
Loading data to table default.stg_dns_updown partition (pt_time=20170813, pt_hour=17)
Partition default.stg_dns_updown{pt_time=20170813, pt_hour=17} stats: [numFiles=1, numRows=0, totalSize=4582312571, rawDataSize=0]
OK
Time taken: 47.833 seconds
18
Java HotSpot(TM) 64-Bit Server VM warning: ignoring option MaxPermSize=512M; support was removed in 8.0
2017-09-12 12:56:07,679 WARN  [main] mapreduce.TableMapReduceUtil: The hbase-prefix-tree module jar containing PrefixTreeCodec is not present.  Continuing without it.
Java HotSpot(TM) 64-Bit Server VM warning: ignoring option MaxPermSize=512M; support was removed in 8.0

Logging initialized using configuration in jar:file:/opt/cloudera/parcels/CDH-5.6.1-1.cdh5.6.1.p0.3/jars/hive-common-1.1.0-cdh5.6.1.jar!/hive-log4j.properties
Loading data to table default.stg_dns_updown partition (pt_time=20170813, pt_hour=18)
Partition default.stg_dns_updown{pt_time=20170813, pt_hour=18} stats: [numFiles=1, numRows=0, totalSize=4713470657, rawDataSize=0]
OK
Time taken: 53.872 seconds
19
Java HotSpot(TM) 64-Bit Server VM warning: ignoring option MaxPermSize=512M; support was removed in 8.0
2017-09-12 12:57:48,140 WARN  [main] mapreduce.TableMapReduceUtil: The hbase-prefix-tree module jar containing PrefixTreeCodec is not present.  Continuing without it.
Java HotSpot(TM) 64-Bit Server VM warning: ignoring option MaxPermSize=512M; support was removed in 8.0

Logging initialized using configuration in jar:file:/opt/cloudera/parcels/CDH-5.6.1-1.cdh5.6.1.p0.3/jars/hive-common-1.1.0-cdh5.6.1.jar!/hive-log4j.properties
Loading data to table default.stg_dns_updown partition (pt_time=20170813, pt_hour=19)
Partition default.stg_dns_updown{pt_time=20170813, pt_hour=19} stats: [numFiles=1, numRows=0, totalSize=5194918882, rawDataSize=0]
OK
Time taken: 52.332 seconds
20
Java HotSpot(TM) 64-Bit Server VM warning: ignoring option MaxPermSize=512M; support was removed in 8.0
2017-09-12 12:59:20,956 WARN  [main] mapreduce.TableMapReduceUtil: The hbase-prefix-tree module jar containing PrefixTreeCodec is not present.  Continuing without it.
Java HotSpot(TM) 64-Bit Server VM warning: ignoring option MaxPermSize=512M; support was removed in 8.0

Logging initialized using configuration in jar:file:/opt/cloudera/parcels/CDH-5.6.1-1.cdh5.6.1.p0.3/jars/hive-common-1.1.0-cdh5.6.1.jar!/hive-log4j.properties
Loading data to table default.stg_dns_updown partition (pt_time=20170813, pt_hour=20)
Partition default.stg_dns_updown{pt_time=20170813, pt_hour=20} stats: [numFiles=1, numRows=0, totalSize=5729004899, rawDataSize=0]
OK
Time taken: 81.955 seconds
21
Java HotSpot(TM) 64-Bit Server VM warning: ignoring option MaxPermSize=512M; support was removed in 8.0
2017-09-12 13:01:28,547 WARN  [main] mapreduce.TableMapReduceUtil: The hbase-prefix-tree module jar containing PrefixTreeCodec is not present.  Continuing without it.
Java HotSpot(TM) 64-Bit Server VM warning: ignoring option MaxPermSize=512M; support was removed in 8.0

Logging initialized using configuration in jar:file:/opt/cloudera/parcels/CDH-5.6.1-1.cdh5.6.1.p0.3/jars/hive-common-1.1.0-cdh5.6.1.jar!/hive-log4j.properties
Loading data to table default.stg_dns_updown partition (pt_time=20170813, pt_hour=21)
Partition default.stg_dns_updown{pt_time=20170813, pt_hour=21} stats: [numFiles=1, numRows=0, totalSize=5730679597, rawDataSize=0]
OK
Time taken: 79.544 seconds
22
Java HotSpot(TM) 64-Bit Server VM warning: ignoring option MaxPermSize=512M; support was removed in 8.0
2017-09-12 13:03:29,313 WARN  [main] mapreduce.TableMapReduceUtil: The hbase-prefix-tree module jar containing PrefixTreeCodec is not present.  Continuing without it.
Java HotSpot(TM) 64-Bit Server VM warning: ignoring option MaxPermSize=512M; support was removed in 8.0

Logging initialized using configuration in jar:file:/opt/cloudera/parcels/CDH-5.6.1-1.cdh5.6.1.p0.3/jars/hive-common-1.1.0-cdh5.6.1.jar!/hive-log4j.properties
Loading data to table default.stg_dns_updown partition (pt_time=20170813, pt_hour=22)
Partition default.stg_dns_updown{pt_time=20170813, pt_hour=22} stats: [numFiles=1, numRows=0, totalSize=4850677151, rawDataSize=0]
OK
Time taken: 99.844 seconds
23
Java HotSpot(TM) 64-Bit Server VM warning: ignoring option MaxPermSize=512M; support was removed in 8.0
2017-09-12 13:05:43,933 WARN  [main] mapreduce.TableMapReduceUtil: The hbase-prefix-tree module jar containing PrefixTreeCodec is not present.  Continuing without it.
Java HotSpot(TM) 64-Bit Server VM warning: ignoring option MaxPermSize=512M; support was removed in 8.0

Logging initialized using configuration in jar:file:/opt/cloudera/parcels/CDH-5.6.1-1.cdh5.6.1.p0.3/jars/hive-common-1.1.0-cdh5.6.1.jar!/hive-log4j.properties
Loading data to table default.stg_dns_updown partition (pt_time=20170813, pt_hour=23)
Partition default.stg_dns_updown{pt_time=20170813, pt_hour=23} stats: [numFiles=1, numRows=0, totalSize=3853096647, rawDataSize=0]
OK
Time taken: 41.296 seconds
2017年 09月 12日 星期二 13:06:41 CST
