2017年 08月 31日 星期四 00:09:27 CST
别急！22服务器正在运行脚本
2017年 08月 31日 星期四 00:10:17 CST
别急！22服务器正在运行脚本
2017年 08月 31日 星期四 00:11:07 CST
别急！22服务器正在运行脚本
2017年 08月 31日 星期四 00:11:57 CST
别急！22服务器正在运行脚本
2017年 08月 31日 星期四 00:12:47 CST
别急！22服务器正在运行脚本
数据成功复制到21服务器
0x01+0x0300+M-JS-GD+XF+001+20170829000000
0x01+0x0300+M-JS-GD+XF+001+20170829000500
0x01+0x0300+M-JS-GD+XF+001+20170829001000
0x01+0x0300+M-JS-GD+XF+001+20170829001500
0x01+0x0300+M-JS-GD+XF+001+20170829002000
0x01+0x0300+M-JS-GD+XF+001+20170829002500
0x01+0x0300+M-JS-GD+XF+001+20170829003000
0x01+0x0300+M-JS-GD+XF+001+20170829003500
0x01+0x0300+M-JS-GD+XF+001+20170829004000
0x01+0x0300+M-JS-GD+XF+001+20170829004500
0x01+0x0300+M-JS-GD+XF+001+20170829005000
0x01+0x0300+M-JS-GD+XF+001+20170829005500
0x01+0x0300+M-JS-GD+XF+001+20170829010000
0x01+0x0300+M-JS-GD+XF+001+20170829010500
0x01+0x0300+M-JS-GD+XF+001+20170829011000
0x01+0x0300+M-JS-GD+XF+001+20170829011500
0x01+0x0300+M-JS-GD+XF+001+20170829012000
0x01+0x0300+M-JS-GD+XF+001+20170829012500
0x01+0x0300+M-JS-GD+XF+001+20170829013000
0x01+0x0300+M-JS-GD+XF+001+20170829013500
0x01+0x0300+M-JS-GD+XF+001+20170829014000
0x01+0x0300+M-JS-GD+XF+001+20170829014500
0x01+0x0300+M-JS-GD+XF+001+20170829015000
0x01+0x0300+M-JS-GD+XF+001+20170829015500
0x01+0x0300+M-JS-GD+XF+001+20170829020000
0x01+0x0300+M-JS-GD+XF+001+20170829020500
0x01+0x0300+M-JS-GD+XF+001+20170829021000
0x01+0x0300+M-JS-GD+XF+001+20170829021500
0x01+0x0300+M-JS-GD+XF+001+20170829022000
0x01+0x0300+M-JS-GD+XF+001+20170829022500
0x01+0x0300+M-JS-GD+XF+001+20170829023000
0x01+0x0300+M-JS-GD+XF+001+20170829023500
0x01+0x0300+M-JS-GD+XF+001+20170829024000
0x01+0x0300+M-JS-GD+XF+001+20170829024500
0x01+0x0300+M-JS-GD+XF+001+20170829025000
0x01+0x0300+M-JS-GD+XF+001+20170829025500
0x01+0x0300+M-JS-GD+XF+001+20170829030000
0x01+0x0300+M-JS-GD+XF+001+20170829030500
0x01+0x0300+M-JS-GD+XF+001+20170829031000
0x01+0x0300+M-JS-GD+XF+001+20170829031500
0x01+0x0300+M-JS-GD+XF+001+20170829032000
0x01+0x0300+M-JS-GD+XF+001+20170829032500
0x01+0x0300+M-JS-GD+XF+001+20170829033000
0x01+0x0300+M-JS-GD+XF+001+20170829033500
0x01+0x0300+M-JS-GD+XF+001+20170829034000
0x01+0x0300+M-JS-GD+XF+001+20170829034500
0x01+0x0300+M-JS-GD+XF+001+20170829035000
0x01+0x0300+M-JS-GD+XF+001+20170829035500
0x01+0x0300+M-JS-GD+XF+001+20170829040000
0x01+0x0300+M-JS-GD+XF+001+20170829040500
0x01+0x0300+M-JS-GD+XF+001+20170829041000
0x01+0x0300+M-JS-GD+XF+001+20170829041500
0x01+0x0300+M-JS-GD+XF+001+20170829042000
0x01+0x0300+M-JS-GD+XF+001+20170829042500
0x01+0x0300+M-JS-GD+XF+001+20170829043000
0x01+0x0300+M-JS-GD+XF+001+20170829043500
0x01+0x0300+M-JS-GD+XF+001+20170829044000
0x01+0x0300+M-JS-GD+XF+001+20170829044500
0x01+0x0300+M-JS-GD+XF+001+20170829045000
0x01+0x0300+M-JS-GD+XF+001+20170829045500
0x01+0x0300+M-JS-GD+XF+001+20170829050000
0x01+0x0300+M-JS-GD+XF+001+20170829050500
0x01+0x0300+M-JS-GD+XF+001+20170829051000
0x01+0x0300+M-JS-GD+XF+001+20170829051500
0x01+0x0300+M-JS-GD+XF+001+20170829052000
0x01+0x0300+M-JS-GD+XF+001+20170829052500
0x01+0x0300+M-JS-GD+XF+001+20170829053000
0x01+0x0300+M-JS-GD+XF+001+20170829053500
0x01+0x0300+M-JS-GD+XF+001+20170829054000
0x01+0x0300+M-JS-GD+XF+001+20170829054500
0x01+0x0300+M-JS-GD+XF+001+20170829055000
0x01+0x0300+M-JS-GD+XF+001+20170829055500
0x01+0x0300+M-JS-GD+XF+001+20170829060000
0x01+0x0300+M-JS-GD+XF+001+20170829060500
0x01+0x0300+M-JS-GD+XF+001+20170829061000
0x01+0x0300+M-JS-GD+XF+001+20170829061500
0x01+0x0300+M-JS-GD+XF+001+20170829062000
0x01+0x0300+M-JS-GD+XF+001+20170829062500
0x01+0x0300+M-JS-GD+XF+001+20170829063000
0x01+0x0300+M-JS-GD+XF+001+20170829063500
0x01+0x0300+M-JS-GD+XF+001+20170829064000
0x01+0x0300+M-JS-GD+XF+001+20170829064500
0x01+0x0300+M-JS-GD+XF+001+20170829065000
0x01+0x0300+M-JS-GD+XF+001+20170829065500
0x01+0x0300+M-JS-GD+XF+001+20170829070000
0x01+0x0300+M-JS-GD+XF+001+20170829070500
0x01+0x0300+M-JS-GD+XF+001+20170829071000
0x01+0x0300+M-JS-GD+XF+001+20170829071500
0x01+0x0300+M-JS-GD+XF+001+20170829072000
0x01+0x0300+M-JS-GD+XF+001+20170829072500
0x01+0x0300+M-JS-GD+XF+001+20170829073000
0x01+0x0300+M-JS-GD+XF+001+20170829073500
0x01+0x0300+M-JS-GD+XF+001+20170829074000
0x01+0x0300+M-JS-GD+XF+001+20170829074500
0x01+0x0300+M-JS-GD+XF+001+20170829075000
0x01+0x0300+M-JS-GD+XF+001+20170829075500
0x01+0x0300+M-JS-GD+XF+001+20170829080000
0x01+0x0300+M-JS-GD+XF+001+20170829080500
0x01+0x0300+M-JS-GD+XF+001+20170829081000
0x01+0x0300+M-JS-GD+XF+001+20170829081500
0x01+0x0300+M-JS-GD+XF+001+20170829082000
0x01+0x0300+M-JS-GD+XF+001+20170829082500
0x01+0x0300+M-JS-GD+XF+001+20170829083000
0x01+0x0300+M-JS-GD+XF+001+20170829083500
0x01+0x0300+M-JS-GD+XF+001+20170829084000
0x01+0x0300+M-JS-GD+XF+001+20170829084500
0x01+0x0300+M-JS-GD+XF+001+20170829085000
0x01+0x0300+M-JS-GD+XF+001+20170829085500
0x01+0x0300+M-JS-GD+XF+001+20170829090000
0x01+0x0300+M-JS-GD+XF+001+20170829090500
0x01+0x0300+M-JS-GD+XF+001+20170829091000
0x01+0x0300+M-JS-GD+XF+001+20170829091500
0x01+0x0300+M-JS-GD+XF+001+20170829092000
0x01+0x0300+M-JS-GD+XF+001+20170829092500
0x01+0x0300+M-JS-GD+XF+001+20170829093000
0x01+0x0300+M-JS-GD+XF+001+20170829093500
0x01+0x0300+M-JS-GD+XF+001+20170829094000
0x01+0x0300+M-JS-GD+XF+001+20170829094500
0x01+0x0300+M-JS-GD+XF+001+20170829095000
0x01+0x0300+M-JS-GD+XF+001+20170829095500
0x01+0x0300+M-JS-GD+XF+001+20170829100000
0x01+0x0300+M-JS-GD+XF+001+20170829100500
0x01+0x0300+M-JS-GD+XF+001+20170829101000
0x01+0x0300+M-JS-GD+XF+001+20170829101500
0x01+0x0300+M-JS-GD+XF+001+20170829102000
0x01+0x0300+M-JS-GD+XF+001+20170829102500
0x01+0x0300+M-JS-GD+XF+001+20170829103000
0x01+0x0300+M-JS-GD+XF+001+20170829103500
0x01+0x0300+M-JS-GD+XF+001+20170829104000
0x01+0x0300+M-JS-GD+XF+001+20170829104500
0x01+0x0300+M-JS-GD+XF+001+20170829105000
0x01+0x0300+M-JS-GD+XF+001+20170829105500
0x01+0x0300+M-JS-GD+XF+001+20170829110000
0x01+0x0300+M-JS-GD+XF+001+20170829110500
0x01+0x0300+M-JS-GD+XF+001+20170829111000
0x01+0x0300+M-JS-GD+XF+001+20170829111500
0x01+0x0300+M-JS-GD+XF+001+20170829112000
0x01+0x0300+M-JS-GD+XF+001+20170829112500
0x01+0x0300+M-JS-GD+XF+001+20170829113000
0x01+0x0300+M-JS-GD+XF+001+20170829113500
0x01+0x0300+M-JS-GD+XF+001+20170829114000
0x01+0x0300+M-JS-GD+XF+001+20170829114500
0x01+0x0300+M-JS-GD+XF+001+20170829115000
0x01+0x0300+M-JS-GD+XF+001+20170829115500
0x01+0x0300+M-JS-GD+XF+001+20170829120000
0x01+0x0300+M-JS-GD+XF+001+20170829120500
0x01+0x0300+M-JS-GD+XF+001+20170829121000
0x01+0x0300+M-JS-GD+XF+001+20170829121500
0x01+0x0300+M-JS-GD+XF+001+20170829122000
0x01+0x0300+M-JS-GD+XF+001+20170829122500
0x01+0x0300+M-JS-GD+XF+001+20170829123000
0x01+0x0300+M-JS-GD+XF+001+20170829123500
0x01+0x0300+M-JS-GD+XF+001+20170829124000
0x01+0x0300+M-JS-GD+XF+001+20170829124500
0x01+0x0300+M-JS-GD+XF+001+20170829125000
0x01+0x0300+M-JS-GD+XF+001+20170829125500
0x01+0x0300+M-JS-GD+XF+001+20170829130000
0x01+0x0300+M-JS-GD+XF+001+20170829130500
0x01+0x0300+M-JS-GD+XF+001+20170829131000
0x01+0x0300+M-JS-GD+XF+001+20170829131500
0x01+0x0300+M-JS-GD+XF+001+20170829132000
0x01+0x0300+M-JS-GD+XF+001+20170829132500
0x01+0x0300+M-JS-GD+XF+001+20170829133000
0x01+0x0300+M-JS-GD+XF+001+20170829133500
0x01+0x0300+M-JS-GD+XF+001+20170829134000
0x01+0x0300+M-JS-GD+XF+001+20170829134500
0x01+0x0300+M-JS-GD+XF+001+20170829135000
0x01+0x0300+M-JS-GD+XF+001+20170829135500
0x01+0x0300+M-JS-GD+XF+001+20170829140000
0x01+0x0300+M-JS-GD+XF+001+20170829140500
0x01+0x0300+M-JS-GD+XF+001+20170829141000
0x01+0x0300+M-JS-GD+XF+001+20170829141500
0x01+0x0300+M-JS-GD+XF+001+20170829142000
0x01+0x0300+M-JS-GD+XF+001+20170829142500
0x01+0x0300+M-JS-GD+XF+001+20170829143000
0x01+0x0300+M-JS-GD+XF+001+20170829143500
0x01+0x0300+M-JS-GD+XF+001+20170829144000
0x01+0x0300+M-JS-GD+XF+001+20170829144500
0x01+0x0300+M-JS-GD+XF+001+20170829145000
0x01+0x0300+M-JS-GD+XF+001+20170829145500
0x01+0x0300+M-JS-GD+XF+001+20170829150000
0x01+0x0300+M-JS-GD+XF+001+20170829150500
0x01+0x0300+M-JS-GD+XF+001+20170829151000
0x01+0x0300+M-JS-GD+XF+001+20170829151500
0x01+0x0300+M-JS-GD+XF+001+20170829152000
0x01+0x0300+M-JS-GD+XF+001+20170829152500
0x01+0x0300+M-JS-GD+XF+001+20170829153000
0x01+0x0300+M-JS-GD+XF+001+20170829153500
0x01+0x0300+M-JS-GD+XF+001+20170829154000
0x01+0x0300+M-JS-GD+XF+001+20170829154500
0x01+0x0300+M-JS-GD+XF+001+20170829155000
0x01+0x0300+M-JS-GD+XF+001+20170829155500
0x01+0x0300+M-JS-GD+XF+001+20170829160000
0x01+0x0300+M-JS-GD+XF+001+20170829160500
0x01+0x0300+M-JS-GD+XF+001+20170829161000
0x01+0x0300+M-JS-GD+XF+001+20170829161500
0x01+0x0300+M-JS-GD+XF+001+20170829162000
0x01+0x0300+M-JS-GD+XF+001+20170829162500
0x01+0x0300+M-JS-GD+XF+001+20170829163000
0x01+0x0300+M-JS-GD+XF+001+20170829163500
0x01+0x0300+M-JS-GD+XF+001+20170829164000
0x01+0x0300+M-JS-GD+XF+001+20170829164500
0x01+0x0300+M-JS-GD+XF+001+20170829165000
0x01+0x0300+M-JS-GD+XF+001+20170829165500
0x01+0x0300+M-JS-GD+XF+001+20170829170000
0x01+0x0300+M-JS-GD+XF+001+20170829170500
0x01+0x0300+M-JS-GD+XF+001+20170829171000
0x01+0x0300+M-JS-GD+XF+001+20170829171500
0x01+0x0300+M-JS-GD+XF+001+20170829172000
0x01+0x0300+M-JS-GD+XF+001+20170829172500
0x01+0x0300+M-JS-GD+XF+001+20170829173000
0x01+0x0300+M-JS-GD+XF+001+20170829173500
0x01+0x0300+M-JS-GD+XF+001+20170829174000
0x01+0x0300+M-JS-GD+XF+001+20170829174500
0x01+0x0300+M-JS-GD+XF+001+20170829175000
0x01+0x0300+M-JS-GD+XF+001+20170829175500
0x01+0x0300+M-JS-GD+XF+001+20170829180000
0x01+0x0300+M-JS-GD+XF+001+20170829180500
0x01+0x0300+M-JS-GD+XF+001+20170829181000
0x01+0x0300+M-JS-GD+XF+001+20170829181500
0x01+0x0300+M-JS-GD+XF+001+20170829182000
0x01+0x0300+M-JS-GD+XF+001+20170829182500
0x01+0x0300+M-JS-GD+XF+001+20170829183000
0x01+0x0300+M-JS-GD+XF+001+20170829183500
0x01+0x0300+M-JS-GD+XF+001+20170829184000
0x01+0x0300+M-JS-GD+XF+001+20170829184500
0x01+0x0300+M-JS-GD+XF+001+20170829185000
0x01+0x0300+M-JS-GD+XF+001+20170829185500
0x01+0x0300+M-JS-GD+XF+001+20170829190000
0x01+0x0300+M-JS-GD+XF+001+20170829190500
0x01+0x0300+M-JS-GD+XF+001+20170829191000
0x01+0x0300+M-JS-GD+XF+001+20170829191500
0x01+0x0300+M-JS-GD+XF+001+20170829192000
0x01+0x0300+M-JS-GD+XF+001+20170829192500
0x01+0x0300+M-JS-GD+XF+001+20170829193000
0x01+0x0300+M-JS-GD+XF+001+20170829193500
0x01+0x0300+M-JS-GD+XF+001+20170829194000
0x01+0x0300+M-JS-GD+XF+001+20170829194500
0x01+0x0300+M-JS-GD+XF+001+20170829195000
0x01+0x0300+M-JS-GD+XF+001+20170829195500
0x01+0x0300+M-JS-GD+XF+001+20170829200000
0x01+0x0300+M-JS-GD+XF+001+20170829200500
0x01+0x0300+M-JS-GD+XF+001+20170829201000
0x01+0x0300+M-JS-GD+XF+001+20170829201500
0x01+0x0300+M-JS-GD+XF+001+20170829202000
0x01+0x0300+M-JS-GD+XF+001+20170829202500
0x01+0x0300+M-JS-GD+XF+001+20170829203000
0x01+0x0300+M-JS-GD+XF+001+20170829203500
0x01+0x0300+M-JS-GD+XF+001+20170829204000
0x01+0x0300+M-JS-GD+XF+001+20170829204500
0x01+0x0300+M-JS-GD+XF+001+20170829205000
0x01+0x0300+M-JS-GD+XF+001+20170829205500
0x01+0x0300+M-JS-GD+XF+001+20170829210000
0x01+0x0300+M-JS-GD+XF+001+20170829210500
0x01+0x0300+M-JS-GD+XF+001+20170829211000
0x01+0x0300+M-JS-GD+XF+001+20170829211500
0x01+0x0300+M-JS-GD+XF+001+20170829212000
0x01+0x0300+M-JS-GD+XF+001+20170829212500
0x01+0x0300+M-JS-GD+XF+001+20170829213000
0x01+0x0300+M-JS-GD+XF+001+20170829213500
0x01+0x0300+M-JS-GD+XF+001+20170829214000
0x01+0x0300+M-JS-GD+XF+001+20170829214500
0x01+0x0300+M-JS-GD+XF+001+20170829215000
0x01+0x0300+M-JS-GD+XF+001+20170829215500
0x01+0x0300+M-JS-GD+XF+001+20170829220000
0x01+0x0300+M-JS-GD+XF+001+20170829220500
0x01+0x0300+M-JS-GD+XF+001+20170829221000
0x01+0x0300+M-JS-GD+XF+001+20170829221500
0x01+0x0300+M-JS-GD+XF+001+20170829222000
0x01+0x0300+M-JS-GD+XF+001+20170829222500
0x01+0x0300+M-JS-GD+XF+001+20170829223000
0x01+0x0300+M-JS-GD+XF+001+20170829223500
0x01+0x0300+M-JS-GD+XF+001+20170829224000
0x01+0x0300+M-JS-GD+XF+001+20170829224500
0x01+0x0300+M-JS-GD+XF+001+20170829225000
0x01+0x0300+M-JS-GD+XF+001+20170829225500
0x01+0x0300+M-JS-GD+XF+001+20170829230000
0x01+0x0300+M-JS-GD+XF+001+20170829230500
0x01+0x0300+M-JS-GD+XF+001+20170829231000
0x01+0x0300+M-JS-GD+XF+001+20170829231500
0x01+0x0300+M-JS-GD+XF+001+20170829232000
0x01+0x0300+M-JS-GD+XF+001+20170829232500
0x01+0x0300+M-JS-GD+XF+001+20170829233000
0x01+0x0300+M-JS-GD+XF+001+20170829233500
0x01+0x0300+M-JS-GD+XF+001+20170829234000
0x01+0x0300+M-JS-GD+XF+001+20170829234500
0x01+0x0300+M-JS-GD+XF+001+20170829235000
0x01+0x0300+M-JS-GD+XF+001+20170829235500
0x01+0x0300+M-JS-GD+XF+002+20170829000000
0x01+0x0300+M-JS-GD+XF+002+20170829000500
0x01+0x0300+M-JS-GD+XF+002+20170829001000
0x01+0x0300+M-JS-GD+XF+002+20170829001500
0x01+0x0300+M-JS-GD+XF+002+20170829002000
0x01+0x0300+M-JS-GD+XF+002+20170829002500
0x01+0x0300+M-JS-GD+XF+002+20170829003000
0x01+0x0300+M-JS-GD+XF+002+20170829003500
0x01+0x0300+M-JS-GD+XF+002+20170829004000
0x01+0x0300+M-JS-GD+XF+002+20170829004500
0x01+0x0300+M-JS-GD+XF+002+20170829005000
0x01+0x0300+M-JS-GD+XF+002+20170829005500
0x01+0x0300+M-JS-GD+XF+002+20170829010000
0x01+0x0300+M-JS-GD+XF+002+20170829010500
0x01+0x0300+M-JS-GD+XF+002+20170829011000
0x01+0x0300+M-JS-GD+XF+002+20170829011500
0x01+0x0300+M-JS-GD+XF+002+20170829012000
0x01+0x0300+M-JS-GD+XF+002+20170829012500
0x01+0x0300+M-JS-GD+XF+002+20170829013000
0x01+0x0300+M-JS-GD+XF+002+20170829013500
0x01+0x0300+M-JS-GD+XF+002+20170829014000
0x01+0x0300+M-JS-GD+XF+002+20170829014500
0x01+0x0300+M-JS-GD+XF+002+20170829015000
0x01+0x0300+M-JS-GD+XF+002+20170829015500
0x01+0x0300+M-JS-GD+XF+002+20170829020000
0x01+0x0300+M-JS-GD+XF+002+20170829020500
0x01+0x0300+M-JS-GD+XF+002+20170829021000
0x01+0x0300+M-JS-GD+XF+002+20170829021500
0x01+0x0300+M-JS-GD+XF+002+20170829022000
0x01+0x0300+M-JS-GD+XF+002+20170829022500
0x01+0x0300+M-JS-GD+XF+002+20170829023000
0x01+0x0300+M-JS-GD+XF+002+20170829023500
0x01+0x0300+M-JS-GD+XF+002+20170829024000
0x01+0x0300+M-JS-GD+XF+002+20170829024500
0x01+0x0300+M-JS-GD+XF+002+20170829025000
0x01+0x0300+M-JS-GD+XF+002+20170829025500
0x01+0x0300+M-JS-GD+XF+002+20170829030000
0x01+0x0300+M-JS-GD+XF+002+20170829030500
0x01+0x0300+M-JS-GD+XF+002+20170829031000
0x01+0x0300+M-JS-GD+XF+002+20170829031500
0x01+0x0300+M-JS-GD+XF+002+20170829032000
0x01+0x0300+M-JS-GD+XF+002+20170829032500
0x01+0x0300+M-JS-GD+XF+002+20170829033000
0x01+0x0300+M-JS-GD+XF+002+20170829033500
0x01+0x0300+M-JS-GD+XF+002+20170829034000
0x01+0x0300+M-JS-GD+XF+002+20170829034500
0x01+0x0300+M-JS-GD+XF+002+20170829035000
0x01+0x0300+M-JS-GD+XF+002+20170829035500
0x01+0x0300+M-JS-GD+XF+002+20170829040000
0x01+0x0300+M-JS-GD+XF+002+20170829040500
0x01+0x0300+M-JS-GD+XF+002+20170829041000
0x01+0x0300+M-JS-GD+XF+002+20170829041500
0x01+0x0300+M-JS-GD+XF+002+20170829042000
0x01+0x0300+M-JS-GD+XF+002+20170829042500
0x01+0x0300+M-JS-GD+XF+002+20170829043000
0x01+0x0300+M-JS-GD+XF+002+20170829043500
0x01+0x0300+M-JS-GD+XF+002+20170829044000
0x01+0x0300+M-JS-GD+XF+002+20170829044500
0x01+0x0300+M-JS-GD+XF+002+20170829045000
0x01+0x0300+M-JS-GD+XF+002+20170829045500
0x01+0x0300+M-JS-GD+XF+002+20170829050000
0x01+0x0300+M-JS-GD+XF+002+20170829050500
0x01+0x0300+M-JS-GD+XF+002+20170829051000
0x01+0x0300+M-JS-GD+XF+002+20170829051500
0x01+0x0300+M-JS-GD+XF+002+20170829052000
0x01+0x0300+M-JS-GD+XF+002+20170829052500
0x01+0x0300+M-JS-GD+XF+002+20170829053000
0x01+0x0300+M-JS-GD+XF+002+20170829053500
0x01+0x0300+M-JS-GD+XF+002+20170829054000
0x01+0x0300+M-JS-GD+XF+002+20170829054500
0x01+0x0300+M-JS-GD+XF+002+20170829055000
0x01+0x0300+M-JS-GD+XF+002+20170829055500
0x01+0x0300+M-JS-GD+XF+002+20170829060000
0x01+0x0300+M-JS-GD+XF+002+20170829060500
0x01+0x0300+M-JS-GD+XF+002+20170829061000
0x01+0x0300+M-JS-GD+XF+002+20170829061500
0x01+0x0300+M-JS-GD+XF+002+20170829062000
0x01+0x0300+M-JS-GD+XF+002+20170829062500
0x01+0x0300+M-JS-GD+XF+002+20170829063000
0x01+0x0300+M-JS-GD+XF+002+20170829063500
0x01+0x0300+M-JS-GD+XF+002+20170829064000
0x01+0x0300+M-JS-GD+XF+002+20170829064500
0x01+0x0300+M-JS-GD+XF+002+20170829065000
0x01+0x0300+M-JS-GD+XF+002+20170829065500
0x01+0x0300+M-JS-GD+XF+002+20170829070000
0x01+0x0300+M-JS-GD+XF+002+20170829070500
0x01+0x0300+M-JS-GD+XF+002+20170829071000
0x01+0x0300+M-JS-GD+XF+002+20170829071500
0x01+0x0300+M-JS-GD+XF+002+20170829072000
0x01+0x0300+M-JS-GD+XF+002+20170829072500
0x01+0x0300+M-JS-GD+XF+002+20170829073000
0x01+0x0300+M-JS-GD+XF+002+20170829073500
0x01+0x0300+M-JS-GD+XF+002+20170829074000
0x01+0x0300+M-JS-GD+XF+002+20170829074500
0x01+0x0300+M-JS-GD+XF+002+20170829075000
0x01+0x0300+M-JS-GD+XF+002+20170829075500
0x01+0x0300+M-JS-GD+XF+002+20170829080000
0x01+0x0300+M-JS-GD+XF+002+20170829080500
0x01+0x0300+M-JS-GD+XF+002+20170829081000
0x01+0x0300+M-JS-GD+XF+002+20170829081500
0x01+0x0300+M-JS-GD+XF+002+20170829082000
0x01+0x0300+M-JS-GD+XF+002+20170829082500
0x01+0x0300+M-JS-GD+XF+002+20170829083000
0x01+0x0300+M-JS-GD+XF+002+20170829083500
0x01+0x0300+M-JS-GD+XF+002+20170829084000
0x01+0x0300+M-JS-GD+XF+002+20170829084500
0x01+0x0300+M-JS-GD+XF+002+20170829085000
0x01+0x0300+M-JS-GD+XF+002+20170829085500
0x01+0x0300+M-JS-GD+XF+002+20170829090000
0x01+0x0300+M-JS-GD+XF+002+20170829090500
0x01+0x0300+M-JS-GD+XF+002+20170829091000
0x01+0x0300+M-JS-GD+XF+002+20170829091500
0x01+0x0300+M-JS-GD+XF+002+20170829092000
0x01+0x0300+M-JS-GD+XF+002+20170829092500
0x01+0x0300+M-JS-GD+XF+002+20170829093000
0x01+0x0300+M-JS-GD+XF+002+20170829093500
0x01+0x0300+M-JS-GD+XF+002+20170829094000
0x01+0x0300+M-JS-GD+XF+002+20170829094500
0x01+0x0300+M-JS-GD+XF+002+20170829095000
0x01+0x0300+M-JS-GD+XF+002+20170829095500
0x01+0x0300+M-JS-GD+XF+002+20170829100000
0x01+0x0300+M-JS-GD+XF+002+20170829100500
0x01+0x0300+M-JS-GD+XF+002+20170829101000
0x01+0x0300+M-JS-GD+XF+002+20170829101500
0x01+0x0300+M-JS-GD+XF+002+20170829102000
0x01+0x0300+M-JS-GD+XF+002+20170829102500
0x01+0x0300+M-JS-GD+XF+002+20170829103000
0x01+0x0300+M-JS-GD+XF+002+20170829103500
0x01+0x0300+M-JS-GD+XF+002+20170829104000
0x01+0x0300+M-JS-GD+XF+002+20170829104500
0x01+0x0300+M-JS-GD+XF+002+20170829105000
0x01+0x0300+M-JS-GD+XF+002+20170829105500
0x01+0x0300+M-JS-GD+XF+002+20170829110000
0x01+0x0300+M-JS-GD+XF+002+20170829110500
0x01+0x0300+M-JS-GD+XF+002+20170829111000
0x01+0x0300+M-JS-GD+XF+002+20170829111500
0x01+0x0300+M-JS-GD+XF+002+20170829112000
0x01+0x0300+M-JS-GD+XF+002+20170829112500
0x01+0x0300+M-JS-GD+XF+002+20170829113000
0x01+0x0300+M-JS-GD+XF+002+20170829113500
0x01+0x0300+M-JS-GD+XF+002+20170829114000
0x01+0x0300+M-JS-GD+XF+002+20170829114500
0x01+0x0300+M-JS-GD+XF+002+20170829115000
0x01+0x0300+M-JS-GD+XF+002+20170829115500
0x01+0x0300+M-JS-GD+XF+002+20170829120000
0x01+0x0300+M-JS-GD+XF+002+20170829120500
0x01+0x0300+M-JS-GD+XF+002+20170829121000
0x01+0x0300+M-JS-GD+XF+002+20170829121500
0x01+0x0300+M-JS-GD+XF+002+20170829122000
0x01+0x0300+M-JS-GD+XF+002+20170829122500
0x01+0x0300+M-JS-GD+XF+002+20170829123000
0x01+0x0300+M-JS-GD+XF+002+20170829123500
0x01+0x0300+M-JS-GD+XF+002+20170829124000
0x01+0x0300+M-JS-GD+XF+002+20170829124500
0x01+0x0300+M-JS-GD+XF+002+20170829125000
0x01+0x0300+M-JS-GD+XF+002+20170829125500
0x01+0x0300+M-JS-GD+XF+002+20170829130000
0x01+0x0300+M-JS-GD+XF+002+20170829130500
0x01+0x0300+M-JS-GD+XF+002+20170829131000
0x01+0x0300+M-JS-GD+XF+002+20170829131500
0x01+0x0300+M-JS-GD+XF+002+20170829132000
0x01+0x0300+M-JS-GD+XF+002+20170829132500
0x01+0x0300+M-JS-GD+XF+002+20170829133000
0x01+0x0300+M-JS-GD+XF+002+20170829133500
0x01+0x0300+M-JS-GD+XF+002+20170829134000
0x01+0x0300+M-JS-GD+XF+002+20170829134500
0x01+0x0300+M-JS-GD+XF+002+20170829135000
0x01+0x0300+M-JS-GD+XF+002+20170829135500
0x01+0x0300+M-JS-GD+XF+002+20170829140000
0x01+0x0300+M-JS-GD+XF+002+20170829140500
0x01+0x0300+M-JS-GD+XF+002+20170829141000
0x01+0x0300+M-JS-GD+XF+002+20170829141500
0x01+0x0300+M-JS-GD+XF+002+20170829142000
0x01+0x0300+M-JS-GD+XF+002+20170829142500
0x01+0x0300+M-JS-GD+XF+002+20170829143000
0x01+0x0300+M-JS-GD+XF+002+20170829143500
0x01+0x0300+M-JS-GD+XF+002+20170829144000
0x01+0x0300+M-JS-GD+XF+002+20170829144500
0x01+0x0300+M-JS-GD+XF+002+20170829145000
0x01+0x0300+M-JS-GD+XF+002+20170829145500
0x01+0x0300+M-JS-GD+XF+002+20170829150000
0x01+0x0300+M-JS-GD+XF+002+20170829150500
0x01+0x0300+M-JS-GD+XF+002+20170829151000
0x01+0x0300+M-JS-GD+XF+002+20170829151500
0x01+0x0300+M-JS-GD+XF+002+20170829152000
0x01+0x0300+M-JS-GD+XF+002+20170829152500
0x01+0x0300+M-JS-GD+XF+002+20170829153000
0x01+0x0300+M-JS-GD+XF+002+20170829153500
0x01+0x0300+M-JS-GD+XF+002+20170829154000
0x01+0x0300+M-JS-GD+XF+002+20170829154500
0x01+0x0300+M-JS-GD+XF+002+20170829155000
0x01+0x0300+M-JS-GD+XF+002+20170829155500
0x01+0x0300+M-JS-GD+XF+002+20170829160000
0x01+0x0300+M-JS-GD+XF+002+20170829160500
0x01+0x0300+M-JS-GD+XF+002+20170829161000
0x01+0x0300+M-JS-GD+XF+002+20170829161500
0x01+0x0300+M-JS-GD+XF+002+20170829162000
0x01+0x0300+M-JS-GD+XF+002+20170829162500
0x01+0x0300+M-JS-GD+XF+002+20170829163000
0x01+0x0300+M-JS-GD+XF+002+20170829163500
0x01+0x0300+M-JS-GD+XF+002+20170829164000
0x01+0x0300+M-JS-GD+XF+002+20170829164500
0x01+0x0300+M-JS-GD+XF+002+20170829165000
0x01+0x0300+M-JS-GD+XF+002+20170829165500
0x01+0x0300+M-JS-GD+XF+002+20170829170000
0x01+0x0300+M-JS-GD+XF+002+20170829170500
0x01+0x0300+M-JS-GD+XF+002+20170829171000
0x01+0x0300+M-JS-GD+XF+002+20170829171500
0x01+0x0300+M-JS-GD+XF+002+20170829172000
0x01+0x0300+M-JS-GD+XF+002+20170829172500
0x01+0x0300+M-JS-GD+XF+002+20170829173000
0x01+0x0300+M-JS-GD+XF+002+20170829173500
0x01+0x0300+M-JS-GD+XF+002+20170829174000
0x01+0x0300+M-JS-GD+XF+002+20170829174500
0x01+0x0300+M-JS-GD+XF+002+20170829175000
0x01+0x0300+M-JS-GD+XF+002+20170829175500
0x01+0x0300+M-JS-GD+XF+002+20170829180000
0x01+0x0300+M-JS-GD+XF+002+20170829180500
0x01+0x0300+M-JS-GD+XF+002+20170829181000
0x01+0x0300+M-JS-GD+XF+002+20170829181500
0x01+0x0300+M-JS-GD+XF+002+20170829182000
0x01+0x0300+M-JS-GD+XF+002+20170829182500
0x01+0x0300+M-JS-GD+XF+002+20170829183000
0x01+0x0300+M-JS-GD+XF+002+20170829183500
0x01+0x0300+M-JS-GD+XF+002+20170829184000
0x01+0x0300+M-JS-GD+XF+002+20170829184500
0x01+0x0300+M-JS-GD+XF+002+20170829185000
0x01+0x0300+M-JS-GD+XF+002+20170829185500
0x01+0x0300+M-JS-GD+XF+002+20170829190000
0x01+0x0300+M-JS-GD+XF+002+20170829190500
0x01+0x0300+M-JS-GD+XF+002+20170829191000
0x01+0x0300+M-JS-GD+XF+002+20170829191500
0x01+0x0300+M-JS-GD+XF+002+20170829192000
0x01+0x0300+M-JS-GD+XF+002+20170829192500
0x01+0x0300+M-JS-GD+XF+002+20170829193000
0x01+0x0300+M-JS-GD+XF+002+20170829193500
0x01+0x0300+M-JS-GD+XF+002+20170829194000
0x01+0x0300+M-JS-GD+XF+002+20170829194500
0x01+0x0300+M-JS-GD+XF+002+20170829195000
0x01+0x0300+M-JS-GD+XF+002+20170829195500
0x01+0x0300+M-JS-GD+XF+002+20170829200000
0x01+0x0300+M-JS-GD+XF+002+20170829200500
0x01+0x0300+M-JS-GD+XF+002+20170829201000
0x01+0x0300+M-JS-GD+XF+002+20170829201500
0x01+0x0300+M-JS-GD+XF+002+20170829202000
0x01+0x0300+M-JS-GD+XF+002+20170829202500
0x01+0x0300+M-JS-GD+XF+002+20170829203000
0x01+0x0300+M-JS-GD+XF+002+20170829203500
0x01+0x0300+M-JS-GD+XF+002+20170829204000
0x01+0x0300+M-JS-GD+XF+002+20170829204500
0x01+0x0300+M-JS-GD+XF+002+20170829205000
0x01+0x0300+M-JS-GD+XF+002+20170829205500
0x01+0x0300+M-JS-GD+XF+002+20170829210000
0x01+0x0300+M-JS-GD+XF+002+20170829210500
0x01+0x0300+M-JS-GD+XF+002+20170829211000
0x01+0x0300+M-JS-GD+XF+002+20170829211500
0x01+0x0300+M-JS-GD+XF+002+20170829212000
0x01+0x0300+M-JS-GD+XF+002+20170829212500
0x01+0x0300+M-JS-GD+XF+002+20170829213000
0x01+0x0300+M-JS-GD+XF+002+20170829213500
0x01+0x0300+M-JS-GD+XF+002+20170829214000
0x01+0x0300+M-JS-GD+XF+002+20170829214500
0x01+0x0300+M-JS-GD+XF+002+20170829215000
0x01+0x0300+M-JS-GD+XF+002+20170829215500
0x01+0x0300+M-JS-GD+XF+002+20170829220000
0x01+0x0300+M-JS-GD+XF+002+20170829220500
0x01+0x0300+M-JS-GD+XF+002+20170829221000
0x01+0x0300+M-JS-GD+XF+002+20170829221500
0x01+0x0300+M-JS-GD+XF+002+20170829222000
0x01+0x0300+M-JS-GD+XF+002+20170829222500
0x01+0x0300+M-JS-GD+XF+002+20170829223000
0x01+0x0300+M-JS-GD+XF+002+20170829223500
0x01+0x0300+M-JS-GD+XF+002+20170829224000
0x01+0x0300+M-JS-GD+XF+002+20170829224500
0x01+0x0300+M-JS-GD+XF+002+20170829225000
0x01+0x0300+M-JS-GD+XF+002+20170829225500
0x01+0x0300+M-JS-GD+XF+002+20170829230000
0x01+0x0300+M-JS-GD+XF+002+20170829230500
0x01+0x0300+M-JS-GD+XF+002+20170829231000
0x01+0x0300+M-JS-GD+XF+002+20170829231500
0x01+0x0300+M-JS-GD+XF+002+20170829232000
0x01+0x0300+M-JS-GD+XF+002+20170829232500
0x01+0x0300+M-JS-GD+XF+002+20170829233000
0x01+0x0300+M-JS-GD+XF+002+20170829233500
0x01+0x0300+M-JS-GD+XF+002+20170829234000
0x01+0x0300+M-JS-GD+XF+002+20170829234500
0x01+0x0300+M-JS-GD+XF+002+20170829235000
0x01+0x0300+M-JS-GD+XF+002+20170829235500
0x01+0x0300+M-JS-GD+XF+003+20170829000000
0x01+0x0300+M-JS-GD+XF+003+20170829000500
0x01+0x0300+M-JS-GD+XF+003+20170829001000
0x01+0x0300+M-JS-GD+XF+003+20170829001500
0x01+0x0300+M-JS-GD+XF+003+20170829002000
0x01+0x0300+M-JS-GD+XF+003+20170829002500
0x01+0x0300+M-JS-GD+XF+003+20170829003000
0x01+0x0300+M-JS-GD+XF+003+20170829003500
0x01+0x0300+M-JS-GD+XF+003+20170829004000
0x01+0x0300+M-JS-GD+XF+003+20170829004500
0x01+0x0300+M-JS-GD+XF+003+20170829005000
0x01+0x0300+M-JS-GD+XF+003+20170829005500
0x01+0x0300+M-JS-GD+XF+003+20170829010000
0x01+0x0300+M-JS-GD+XF+003+20170829010500
0x01+0x0300+M-JS-GD+XF+003+20170829011000
0x01+0x0300+M-JS-GD+XF+003+20170829011500
0x01+0x0300+M-JS-GD+XF+003+20170829012000
0x01+0x0300+M-JS-GD+XF+003+20170829012500
0x01+0x0300+M-JS-GD+XF+003+20170829013000
0x01+0x0300+M-JS-GD+XF+003+20170829013500
0x01+0x0300+M-JS-GD+XF+003+20170829014000
0x01+0x0300+M-JS-GD+XF+003+20170829014500
0x01+0x0300+M-JS-GD+XF+003+20170829015000
0x01+0x0300+M-JS-GD+XF+003+20170829015500
0x01+0x0300+M-JS-GD+XF+003+20170829020000
0x01+0x0300+M-JS-GD+XF+003+20170829020500
0x01+0x0300+M-JS-GD+XF+003+20170829021000
0x01+0x0300+M-JS-GD+XF+003+20170829021500
0x01+0x0300+M-JS-GD+XF+003+20170829022000
0x01+0x0300+M-JS-GD+XF+003+20170829022500
0x01+0x0300+M-JS-GD+XF+003+20170829023000
0x01+0x0300+M-JS-GD+XF+003+20170829023500
0x01+0x0300+M-JS-GD+XF+003+20170829024000
0x01+0x0300+M-JS-GD+XF+003+20170829024500
0x01+0x0300+M-JS-GD+XF+003+20170829025000
0x01+0x0300+M-JS-GD+XF+003+20170829025500
0x01+0x0300+M-JS-GD+XF+003+20170829030000
0x01+0x0300+M-JS-GD+XF+003+20170829030500
0x01+0x0300+M-JS-GD+XF+003+20170829031000
0x01+0x0300+M-JS-GD+XF+003+20170829031500
0x01+0x0300+M-JS-GD+XF+003+20170829032000
0x01+0x0300+M-JS-GD+XF+003+20170829032500
0x01+0x0300+M-JS-GD+XF+003+20170829033000
0x01+0x0300+M-JS-GD+XF+003+20170829033500
0x01+0x0300+M-JS-GD+XF+003+20170829034000
0x01+0x0300+M-JS-GD+XF+003+20170829034500
0x01+0x0300+M-JS-GD+XF+003+20170829035000
0x01+0x0300+M-JS-GD+XF+003+20170829035500
0x01+0x0300+M-JS-GD+XF+003+20170829040000
0x01+0x0300+M-JS-GD+XF+003+20170829040500
0x01+0x0300+M-JS-GD+XF+003+20170829041000
0x01+0x0300+M-JS-GD+XF+003+20170829041500
0x01+0x0300+M-JS-GD+XF+003+20170829042000
0x01+0x0300+M-JS-GD+XF+003+20170829042500
0x01+0x0300+M-JS-GD+XF+003+20170829043000
0x01+0x0300+M-JS-GD+XF+003+20170829043500
0x01+0x0300+M-JS-GD+XF+003+20170829044000
0x01+0x0300+M-JS-GD+XF+003+20170829044500
0x01+0x0300+M-JS-GD+XF+003+20170829045000
0x01+0x0300+M-JS-GD+XF+003+20170829045500
0x01+0x0300+M-JS-GD+XF+003+20170829050000
0x01+0x0300+M-JS-GD+XF+003+20170829050500
0x01+0x0300+M-JS-GD+XF+003+20170829051000
0x01+0x0300+M-JS-GD+XF+003+20170829051500
0x01+0x0300+M-JS-GD+XF+003+20170829052000
0x01+0x0300+M-JS-GD+XF+003+20170829052500
0x01+0x0300+M-JS-GD+XF+003+20170829053000
0x01+0x0300+M-JS-GD+XF+003+20170829053500
0x01+0x0300+M-JS-GD+XF+003+20170829054000
0x01+0x0300+M-JS-GD+XF+003+20170829054500
0x01+0x0300+M-JS-GD+XF+003+20170829055000
0x01+0x0300+M-JS-GD+XF+003+20170829055500
0x01+0x0300+M-JS-GD+XF+003+20170829060000
0x01+0x0300+M-JS-GD+XF+003+20170829060500
0x01+0x0300+M-JS-GD+XF+003+20170829061000
0x01+0x0300+M-JS-GD+XF+003+20170829061500
0x01+0x0300+M-JS-GD+XF+003+20170829062000
0x01+0x0300+M-JS-GD+XF+003+20170829062500
0x01+0x0300+M-JS-GD+XF+003+20170829063000
0x01+0x0300+M-JS-GD+XF+003+20170829063500
0x01+0x0300+M-JS-GD+XF+003+20170829064000
0x01+0x0300+M-JS-GD+XF+003+20170829064500
0x01+0x0300+M-JS-GD+XF+003+20170829065000
0x01+0x0300+M-JS-GD+XF+003+20170829065500
0x01+0x0300+M-JS-GD+XF+003+20170829070000
0x01+0x0300+M-JS-GD+XF+003+20170829070500
0x01+0x0300+M-JS-GD+XF+003+20170829071000
0x01+0x0300+M-JS-GD+XF+003+20170829071500
0x01+0x0300+M-JS-GD+XF+003+20170829072000
0x01+0x0300+M-JS-GD+XF+003+20170829072500
0x01+0x0300+M-JS-GD+XF+003+20170829073000
0x01+0x0300+M-JS-GD+XF+003+20170829073500
0x01+0x0300+M-JS-GD+XF+003+20170829074000
0x01+0x0300+M-JS-GD+XF+003+20170829074500
0x01+0x0300+M-JS-GD+XF+003+20170829075000
0x01+0x0300+M-JS-GD+XF+003+20170829075500
0x01+0x0300+M-JS-GD+XF+003+20170829080000
0x01+0x0300+M-JS-GD+XF+003+20170829080500
0x01+0x0300+M-JS-GD+XF+003+20170829081000
0x01+0x0300+M-JS-GD+XF+003+20170829081500
0x01+0x0300+M-JS-GD+XF+003+20170829082000
0x01+0x0300+M-JS-GD+XF+003+20170829082500
0x01+0x0300+M-JS-GD+XF+003+20170829083000
0x01+0x0300+M-JS-GD+XF+003+20170829083500
0x01+0x0300+M-JS-GD+XF+003+20170829084000
0x01+0x0300+M-JS-GD+XF+003+20170829084500
0x01+0x0300+M-JS-GD+XF+003+20170829085000
0x01+0x0300+M-JS-GD+XF+003+20170829085500
0x01+0x0300+M-JS-GD+XF+003+20170829090000
0x01+0x0300+M-JS-GD+XF+003+20170829090500
0x01+0x0300+M-JS-GD+XF+003+20170829091000
0x01+0x0300+M-JS-GD+XF+003+20170829091500
0x01+0x0300+M-JS-GD+XF+003+20170829092000
0x01+0x0300+M-JS-GD+XF+003+20170829092500
0x01+0x0300+M-JS-GD+XF+003+20170829093000
0x01+0x0300+M-JS-GD+XF+003+20170829093500
0x01+0x0300+M-JS-GD+XF+003+20170829094000
0x01+0x0300+M-JS-GD+XF+003+20170829094500
0x01+0x0300+M-JS-GD+XF+003+20170829095000
0x01+0x0300+M-JS-GD+XF+003+20170829095500
0x01+0x0300+M-JS-GD+XF+003+20170829100000
0x01+0x0300+M-JS-GD+XF+003+20170829100500
0x01+0x0300+M-JS-GD+XF+003+20170829101000
0x01+0x0300+M-JS-GD+XF+003+20170829101500
0x01+0x0300+M-JS-GD+XF+003+20170829102000
0x01+0x0300+M-JS-GD+XF+003+20170829102500
0x01+0x0300+M-JS-GD+XF+003+20170829103000
0x01+0x0300+M-JS-GD+XF+003+20170829103500
0x01+0x0300+M-JS-GD+XF+003+20170829104000
0x01+0x0300+M-JS-GD+XF+003+20170829104500
0x01+0x0300+M-JS-GD+XF+003+20170829105000
0x01+0x0300+M-JS-GD+XF+003+20170829105500
0x01+0x0300+M-JS-GD+XF+003+20170829110000
0x01+0x0300+M-JS-GD+XF+003+20170829110500
0x01+0x0300+M-JS-GD+XF+003+20170829111000
0x01+0x0300+M-JS-GD+XF+003+20170829111500
0x01+0x0300+M-JS-GD+XF+003+20170829112000
0x01+0x0300+M-JS-GD+XF+003+20170829112500
0x01+0x0300+M-JS-GD+XF+003+20170829113000
0x01+0x0300+M-JS-GD+XF+003+20170829113500
0x01+0x0300+M-JS-GD+XF+003+20170829114000
0x01+0x0300+M-JS-GD+XF+003+20170829114500
0x01+0x0300+M-JS-GD+XF+003+20170829115000
0x01+0x0300+M-JS-GD+XF+003+20170829115500
0x01+0x0300+M-JS-GD+XF+003+20170829120000
0x01+0x0300+M-JS-GD+XF+003+20170829120500
0x01+0x0300+M-JS-GD+XF+003+20170829121000
0x01+0x0300+M-JS-GD+XF+003+20170829121500
0x01+0x0300+M-JS-GD+XF+003+20170829122000
0x01+0x0300+M-JS-GD+XF+003+20170829122500
0x01+0x0300+M-JS-GD+XF+003+20170829123000
0x01+0x0300+M-JS-GD+XF+003+20170829123500
0x01+0x0300+M-JS-GD+XF+003+20170829124000
0x01+0x0300+M-JS-GD+XF+003+20170829124500
0x01+0x0300+M-JS-GD+XF+003+20170829125000
0x01+0x0300+M-JS-GD+XF+003+20170829125500
0x01+0x0300+M-JS-GD+XF+003+20170829130000
0x01+0x0300+M-JS-GD+XF+003+20170829130500
0x01+0x0300+M-JS-GD+XF+003+20170829131000
0x01+0x0300+M-JS-GD+XF+003+20170829131500
0x01+0x0300+M-JS-GD+XF+003+20170829132000
0x01+0x0300+M-JS-GD+XF+003+20170829132500
0x01+0x0300+M-JS-GD+XF+003+20170829133000
0x01+0x0300+M-JS-GD+XF+003+20170829133500
0x01+0x0300+M-JS-GD+XF+003+20170829134000
0x01+0x0300+M-JS-GD+XF+003+20170829134500
0x01+0x0300+M-JS-GD+XF+003+20170829135000
0x01+0x0300+M-JS-GD+XF+003+20170829135500
0x01+0x0300+M-JS-GD+XF+003+20170829140000
0x01+0x0300+M-JS-GD+XF+003+20170829140500
0x01+0x0300+M-JS-GD+XF+003+20170829141000
0x01+0x0300+M-JS-GD+XF+003+20170829141500
0x01+0x0300+M-JS-GD+XF+003+20170829142000
0x01+0x0300+M-JS-GD+XF+003+20170829142500
0x01+0x0300+M-JS-GD+XF+003+20170829143000
0x01+0x0300+M-JS-GD+XF+003+20170829143500
0x01+0x0300+M-JS-GD+XF+003+20170829144000
0x01+0x0300+M-JS-GD+XF+003+20170829144500
0x01+0x0300+M-JS-GD+XF+003+20170829145000
0x01+0x0300+M-JS-GD+XF+003+20170829145500
0x01+0x0300+M-JS-GD+XF+003+20170829150000
0x01+0x0300+M-JS-GD+XF+003+20170829150500
0x01+0x0300+M-JS-GD+XF+003+20170829151000
0x01+0x0300+M-JS-GD+XF+003+20170829151500
0x01+0x0300+M-JS-GD+XF+003+20170829152000
0x01+0x0300+M-JS-GD+XF+003+20170829152500
0x01+0x0300+M-JS-GD+XF+003+20170829153000
0x01+0x0300+M-JS-GD+XF+003+20170829153500
0x01+0x0300+M-JS-GD+XF+003+20170829154000
0x01+0x0300+M-JS-GD+XF+003+20170829154500
0x01+0x0300+M-JS-GD+XF+003+20170829155000
0x01+0x0300+M-JS-GD+XF+003+20170829155500
0x01+0x0300+M-JS-GD+XF+003+20170829160000
0x01+0x0300+M-JS-GD+XF+003+20170829160500
0x01+0x0300+M-JS-GD+XF+003+20170829161000
0x01+0x0300+M-JS-GD+XF+003+20170829161500
0x01+0x0300+M-JS-GD+XF+003+20170829162000
0x01+0x0300+M-JS-GD+XF+003+20170829162500
0x01+0x0300+M-JS-GD+XF+003+20170829163000
0x01+0x0300+M-JS-GD+XF+003+20170829163500
0x01+0x0300+M-JS-GD+XF+003+20170829164000
0x01+0x0300+M-JS-GD+XF+003+20170829164500
0x01+0x0300+M-JS-GD+XF+003+20170829165000
0x01+0x0300+M-JS-GD+XF+003+20170829165500
0x01+0x0300+M-JS-GD+XF+003+20170829170000
0x01+0x0300+M-JS-GD+XF+003+20170829170500
0x01+0x0300+M-JS-GD+XF+003+20170829171000
0x01+0x0300+M-JS-GD+XF+003+20170829171500
0x01+0x0300+M-JS-GD+XF+003+20170829172000
0x01+0x0300+M-JS-GD+XF+003+20170829172500
0x01+0x0300+M-JS-GD+XF+003+20170829173000
0x01+0x0300+M-JS-GD+XF+003+20170829173500
0x01+0x0300+M-JS-GD+XF+003+20170829174000
0x01+0x0300+M-JS-GD+XF+003+20170829174500
0x01+0x0300+M-JS-GD+XF+003+20170829175000
0x01+0x0300+M-JS-GD+XF+003+20170829175500
0x01+0x0300+M-JS-GD+XF+003+20170829180000
0x01+0x0300+M-JS-GD+XF+003+20170829180500
0x01+0x0300+M-JS-GD+XF+003+20170829181000
0x01+0x0300+M-JS-GD+XF+003+20170829181500
0x01+0x0300+M-JS-GD+XF+003+20170829182000
0x01+0x0300+M-JS-GD+XF+003+20170829182500
0x01+0x0300+M-JS-GD+XF+003+20170829183000
0x01+0x0300+M-JS-GD+XF+003+20170829183500
0x01+0x0300+M-JS-GD+XF+003+20170829184000
0x01+0x0300+M-JS-GD+XF+003+20170829184500
0x01+0x0300+M-JS-GD+XF+003+20170829185000
0x01+0x0300+M-JS-GD+XF+003+20170829185500
0x01+0x0300+M-JS-GD+XF+003+20170829190000
0x01+0x0300+M-JS-GD+XF+003+20170829190500
0x01+0x0300+M-JS-GD+XF+003+20170829191000
0x01+0x0300+M-JS-GD+XF+003+20170829191500
0x01+0x0300+M-JS-GD+XF+003+20170829192000
0x01+0x0300+M-JS-GD+XF+003+20170829192500
0x01+0x0300+M-JS-GD+XF+003+20170829193000
0x01+0x0300+M-JS-GD+XF+003+20170829193500
0x01+0x0300+M-JS-GD+XF+003+20170829194000
0x01+0x0300+M-JS-GD+XF+003+20170829194500
0x01+0x0300+M-JS-GD+XF+003+20170829195000
0x01+0x0300+M-JS-GD+XF+003+20170829195500
0x01+0x0300+M-JS-GD+XF+003+20170829200000
0x01+0x0300+M-JS-GD+XF+003+20170829200500
0x01+0x0300+M-JS-GD+XF+003+20170829201000
0x01+0x0300+M-JS-GD+XF+003+20170829201500
0x01+0x0300+M-JS-GD+XF+003+20170829202000
0x01+0x0300+M-JS-GD+XF+003+20170829202500
0x01+0x0300+M-JS-GD+XF+003+20170829203000
0x01+0x0300+M-JS-GD+XF+003+20170829203500
0x01+0x0300+M-JS-GD+XF+003+20170829204000
0x01+0x0300+M-JS-GD+XF+003+20170829204500
0x01+0x0300+M-JS-GD+XF+003+20170829205000
0x01+0x0300+M-JS-GD+XF+003+20170829205500
0x01+0x0300+M-JS-GD+XF+003+20170829210000
0x01+0x0300+M-JS-GD+XF+003+20170829210500
0x01+0x0300+M-JS-GD+XF+003+20170829211000
0x01+0x0300+M-JS-GD+XF+003+20170829211500
0x01+0x0300+M-JS-GD+XF+003+20170829212000
0x01+0x0300+M-JS-GD+XF+003+20170829212500
0x01+0x0300+M-JS-GD+XF+003+20170829213000
0x01+0x0300+M-JS-GD+XF+003+20170829213500
0x01+0x0300+M-JS-GD+XF+003+20170829214000
0x01+0x0300+M-JS-GD+XF+003+20170829214500
0x01+0x0300+M-JS-GD+XF+003+20170829215000
0x01+0x0300+M-JS-GD+XF+003+20170829215500
0x01+0x0300+M-JS-GD+XF+003+20170829220000
0x01+0x0300+M-JS-GD+XF+003+20170829220500
0x01+0x0300+M-JS-GD+XF+003+20170829221000
0x01+0x0300+M-JS-GD+XF+003+20170829221500
0x01+0x0300+M-JS-GD+XF+003+20170829222000
0x01+0x0300+M-JS-GD+XF+003+20170829222500
0x01+0x0300+M-JS-GD+XF+003+20170829223000
0x01+0x0300+M-JS-GD+XF+003+20170829223500
0x01+0x0300+M-JS-GD+XF+003+20170829224000
0x01+0x0300+M-JS-GD+XF+003+20170829224500
0x01+0x0300+M-JS-GD+XF+003+20170829225000
0x01+0x0300+M-JS-GD+XF+003+20170829225500
0x01+0x0300+M-JS-GD+XF+003+20170829230000
0x01+0x0300+M-JS-GD+XF+003+20170829230500
0x01+0x0300+M-JS-GD+XF+003+20170829231000
0x01+0x0300+M-JS-GD+XF+003+20170829231500
0x01+0x0300+M-JS-GD+XF+003+20170829232000
0x01+0x0300+M-JS-GD+XF+003+20170829232500
0x01+0x0300+M-JS-GD+XF+003+20170829233000
0x01+0x0300+M-JS-GD+XF+003+20170829233500
0x01+0x0300+M-JS-GD+XF+003+20170829234000
0x01+0x0300+M-JS-GD+XF+003+20170829234500
0x01+0x0300+M-JS-GD+XF+003+20170829235000
0x01+0x0300+M-JS-GD+XF+003+20170829235500
0x01+0x0300+M-JS-GD+XF+004+20170829000000
0x01+0x0300+M-JS-GD+XF+004+20170829000500
0x01+0x0300+M-JS-GD+XF+004+20170829001000
0x01+0x0300+M-JS-GD+XF+004+20170829001500
0x01+0x0300+M-JS-GD+XF+004+20170829002000
0x01+0x0300+M-JS-GD+XF+004+20170829002500
0x01+0x0300+M-JS-GD+XF+004+20170829003000
0x01+0x0300+M-JS-GD+XF+004+20170829003500
0x01+0x0300+M-JS-GD+XF+004+20170829004000
0x01+0x0300+M-JS-GD+XF+004+20170829004500
0x01+0x0300+M-JS-GD+XF+004+20170829005000
0x01+0x0300+M-JS-GD+XF+004+20170829005500
0x01+0x0300+M-JS-GD+XF+004+20170829010000
0x01+0x0300+M-JS-GD+XF+004+20170829010500
0x01+0x0300+M-JS-GD+XF+004+20170829011000
0x01+0x0300+M-JS-GD+XF+004+20170829011500
0x01+0x0300+M-JS-GD+XF+004+20170829012000
0x01+0x0300+M-JS-GD+XF+004+20170829012500
0x01+0x0300+M-JS-GD+XF+004+20170829013000
0x01+0x0300+M-JS-GD+XF+004+20170829013500
0x01+0x0300+M-JS-GD+XF+004+20170829014000
0x01+0x0300+M-JS-GD+XF+004+20170829014500
0x01+0x0300+M-JS-GD+XF+004+20170829015000
0x01+0x0300+M-JS-GD+XF+004+20170829015500
0x01+0x0300+M-JS-GD+XF+004+20170829020000
0x01+0x0300+M-JS-GD+XF+004+20170829020500
0x01+0x0300+M-JS-GD+XF+004+20170829021000
0x01+0x0300+M-JS-GD+XF+004+20170829021500
0x01+0x0300+M-JS-GD+XF+004+20170829022000
0x01+0x0300+M-JS-GD+XF+004+20170829022500
0x01+0x0300+M-JS-GD+XF+004+20170829023000
0x01+0x0300+M-JS-GD+XF+004+20170829023500
0x01+0x0300+M-JS-GD+XF+004+20170829024000
0x01+0x0300+M-JS-GD+XF+004+20170829024500
0x01+0x0300+M-JS-GD+XF+004+20170829025000
0x01+0x0300+M-JS-GD+XF+004+20170829025500
0x01+0x0300+M-JS-GD+XF+004+20170829030000
0x01+0x0300+M-JS-GD+XF+004+20170829030500
0x01+0x0300+M-JS-GD+XF+004+20170829031000
0x01+0x0300+M-JS-GD+XF+004+20170829031500
0x01+0x0300+M-JS-GD+XF+004+20170829032000
0x01+0x0300+M-JS-GD+XF+004+20170829032500
0x01+0x0300+M-JS-GD+XF+004+20170829033000
0x01+0x0300+M-JS-GD+XF+004+20170829033500
0x01+0x0300+M-JS-GD+XF+004+20170829034000
0x01+0x0300+M-JS-GD+XF+004+20170829034500
0x01+0x0300+M-JS-GD+XF+004+20170829035000
0x01+0x0300+M-JS-GD+XF+004+20170829035500
0x01+0x0300+M-JS-GD+XF+004+20170829040000
0x01+0x0300+M-JS-GD+XF+004+20170829040500
0x01+0x0300+M-JS-GD+XF+004+20170829041000
0x01+0x0300+M-JS-GD+XF+004+20170829041500
0x01+0x0300+M-JS-GD+XF+004+20170829042000
0x01+0x0300+M-JS-GD+XF+004+20170829042500
0x01+0x0300+M-JS-GD+XF+004+20170829043000
0x01+0x0300+M-JS-GD+XF+004+20170829043500
0x01+0x0300+M-JS-GD+XF+004+20170829044000
0x01+0x0300+M-JS-GD+XF+004+20170829044500
0x01+0x0300+M-JS-GD+XF+004+20170829045000
0x01+0x0300+M-JS-GD+XF+004+20170829045500
0x01+0x0300+M-JS-GD+XF+004+20170829050000
0x01+0x0300+M-JS-GD+XF+004+20170829050500
0x01+0x0300+M-JS-GD+XF+004+20170829051000
0x01+0x0300+M-JS-GD+XF+004+20170829051500
0x01+0x0300+M-JS-GD+XF+004+20170829052000
0x01+0x0300+M-JS-GD+XF+004+20170829052500
0x01+0x0300+M-JS-GD+XF+004+20170829053000
0x01+0x0300+M-JS-GD+XF+004+20170829053500
0x01+0x0300+M-JS-GD+XF+004+20170829054000
0x01+0x0300+M-JS-GD+XF+004+20170829054500
0x01+0x0300+M-JS-GD+XF+004+20170829055000
0x01+0x0300+M-JS-GD+XF+004+20170829055500
0x01+0x0300+M-JS-GD+XF+004+20170829060000
0x01+0x0300+M-JS-GD+XF+004+20170829060500
0x01+0x0300+M-JS-GD+XF+004+20170829061000
0x01+0x0300+M-JS-GD+XF+004+20170829061500
0x01+0x0300+M-JS-GD+XF+004+20170829062000
0x01+0x0300+M-JS-GD+XF+004+20170829062500
0x01+0x0300+M-JS-GD+XF+004+20170829063000
0x01+0x0300+M-JS-GD+XF+004+20170829063500
0x01+0x0300+M-JS-GD+XF+004+20170829064000
0x01+0x0300+M-JS-GD+XF+004+20170829064500
0x01+0x0300+M-JS-GD+XF+004+20170829065000
0x01+0x0300+M-JS-GD+XF+004+20170829065500
0x01+0x0300+M-JS-GD+XF+004+20170829070000
0x01+0x0300+M-JS-GD+XF+004+20170829070500
0x01+0x0300+M-JS-GD+XF+004+20170829071000
0x01+0x0300+M-JS-GD+XF+004+20170829071500
0x01+0x0300+M-JS-GD+XF+004+20170829072000
0x01+0x0300+M-JS-GD+XF+004+20170829072500
0x01+0x0300+M-JS-GD+XF+004+20170829073000
0x01+0x0300+M-JS-GD+XF+004+20170829073500
0x01+0x0300+M-JS-GD+XF+004+20170829074000
0x01+0x0300+M-JS-GD+XF+004+20170829074500
0x01+0x0300+M-JS-GD+XF+004+20170829075000
0x01+0x0300+M-JS-GD+XF+004+20170829075500
0x01+0x0300+M-JS-GD+XF+004+20170829080000
0x01+0x0300+M-JS-GD+XF+004+20170829080500
0x01+0x0300+M-JS-GD+XF+004+20170829081000
0x01+0x0300+M-JS-GD+XF+004+20170829081500
0x01+0x0300+M-JS-GD+XF+004+20170829082000
0x01+0x0300+M-JS-GD+XF+004+20170829082500
0x01+0x0300+M-JS-GD+XF+004+20170829083000
0x01+0x0300+M-JS-GD+XF+004+20170829083500
0x01+0x0300+M-JS-GD+XF+004+20170829084000
0x01+0x0300+M-JS-GD+XF+004+20170829084500
0x01+0x0300+M-JS-GD+XF+004+20170829085000
0x01+0x0300+M-JS-GD+XF+004+20170829085500
0x01+0x0300+M-JS-GD+XF+004+20170829090000
0x01+0x0300+M-JS-GD+XF+004+20170829090500
0x01+0x0300+M-JS-GD+XF+004+20170829091000
0x01+0x0300+M-JS-GD+XF+004+20170829091500
0x01+0x0300+M-JS-GD+XF+004+20170829092000
0x01+0x0300+M-JS-GD+XF+004+20170829092500
0x01+0x0300+M-JS-GD+XF+004+20170829093000
0x01+0x0300+M-JS-GD+XF+004+20170829093500
0x01+0x0300+M-JS-GD+XF+004+20170829094000
0x01+0x0300+M-JS-GD+XF+004+20170829094500
0x01+0x0300+M-JS-GD+XF+004+20170829095000
0x01+0x0300+M-JS-GD+XF+004+20170829095500
0x01+0x0300+M-JS-GD+XF+004+20170829100000
0x01+0x0300+M-JS-GD+XF+004+20170829100500
0x01+0x0300+M-JS-GD+XF+004+20170829101000
0x01+0x0300+M-JS-GD+XF+004+20170829101500
0x01+0x0300+M-JS-GD+XF+004+20170829102000
0x01+0x0300+M-JS-GD+XF+004+20170829102500
0x01+0x0300+M-JS-GD+XF+004+20170829103000
0x01+0x0300+M-JS-GD+XF+004+20170829103500
0x01+0x0300+M-JS-GD+XF+004+20170829104000
0x01+0x0300+M-JS-GD+XF+004+20170829104500
0x01+0x0300+M-JS-GD+XF+004+20170829105000
0x01+0x0300+M-JS-GD+XF+004+20170829105500
0x01+0x0300+M-JS-GD+XF+004+20170829110000
0x01+0x0300+M-JS-GD+XF+004+20170829110500
0x01+0x0300+M-JS-GD+XF+004+20170829111000
0x01+0x0300+M-JS-GD+XF+004+20170829111500
0x01+0x0300+M-JS-GD+XF+004+20170829112000
0x01+0x0300+M-JS-GD+XF+004+20170829112500
0x01+0x0300+M-JS-GD+XF+004+20170829113000
0x01+0x0300+M-JS-GD+XF+004+20170829113500
0x01+0x0300+M-JS-GD+XF+004+20170829114000
0x01+0x0300+M-JS-GD+XF+004+20170829114500
0x01+0x0300+M-JS-GD+XF+004+20170829115000
0x01+0x0300+M-JS-GD+XF+004+20170829115500
0x01+0x0300+M-JS-GD+XF+004+20170829120000
0x01+0x0300+M-JS-GD+XF+004+20170829120500
0x01+0x0300+M-JS-GD+XF+004+20170829121000
0x01+0x0300+M-JS-GD+XF+004+20170829121500
0x01+0x0300+M-JS-GD+XF+004+20170829122000
0x01+0x0300+M-JS-GD+XF+004+20170829122500
0x01+0x0300+M-JS-GD+XF+004+20170829123000
0x01+0x0300+M-JS-GD+XF+004+20170829123500
0x01+0x0300+M-JS-GD+XF+004+20170829124000
0x01+0x0300+M-JS-GD+XF+004+20170829124500
0x01+0x0300+M-JS-GD+XF+004+20170829125000
0x01+0x0300+M-JS-GD+XF+004+20170829125500
0x01+0x0300+M-JS-GD+XF+004+20170829130000
0x01+0x0300+M-JS-GD+XF+004+20170829130500
0x01+0x0300+M-JS-GD+XF+004+20170829131000
0x01+0x0300+M-JS-GD+XF+004+20170829131500
0x01+0x0300+M-JS-GD+XF+004+20170829132000
0x01+0x0300+M-JS-GD+XF+004+20170829132500
0x01+0x0300+M-JS-GD+XF+004+20170829133000
0x01+0x0300+M-JS-GD+XF+004+20170829133500
0x01+0x0300+M-JS-GD+XF+004+20170829134000
0x01+0x0300+M-JS-GD+XF+004+20170829134500
0x01+0x0300+M-JS-GD+XF+004+20170829135000
0x01+0x0300+M-JS-GD+XF+004+20170829135500
0x01+0x0300+M-JS-GD+XF+004+20170829140000
0x01+0x0300+M-JS-GD+XF+004+20170829140500
0x01+0x0300+M-JS-GD+XF+004+20170829141000
0x01+0x0300+M-JS-GD+XF+004+20170829141500
0x01+0x0300+M-JS-GD+XF+004+20170829142000
0x01+0x0300+M-JS-GD+XF+004+20170829142500
0x01+0x0300+M-JS-GD+XF+004+20170829143000
0x01+0x0300+M-JS-GD+XF+004+20170829143500
0x01+0x0300+M-JS-GD+XF+004+20170829144000
0x01+0x0300+M-JS-GD+XF+004+20170829144500
0x01+0x0300+M-JS-GD+XF+004+20170829145000
0x01+0x0300+M-JS-GD+XF+004+20170829145500
0x01+0x0300+M-JS-GD+XF+004+20170829150000
0x01+0x0300+M-JS-GD+XF+004+20170829150500
0x01+0x0300+M-JS-GD+XF+004+20170829151000
0x01+0x0300+M-JS-GD+XF+004+20170829151500
0x01+0x0300+M-JS-GD+XF+004+20170829152000
0x01+0x0300+M-JS-GD+XF+004+20170829152500
0x01+0x0300+M-JS-GD+XF+004+20170829153000
0x01+0x0300+M-JS-GD+XF+004+20170829153500
0x01+0x0300+M-JS-GD+XF+004+20170829154000
0x01+0x0300+M-JS-GD+XF+004+20170829154500
0x01+0x0300+M-JS-GD+XF+004+20170829155000
0x01+0x0300+M-JS-GD+XF+004+20170829155500
0x01+0x0300+M-JS-GD+XF+004+20170829160000
0x01+0x0300+M-JS-GD+XF+004+20170829160500
0x01+0x0300+M-JS-GD+XF+004+20170829161000
0x01+0x0300+M-JS-GD+XF+004+20170829161500
0x01+0x0300+M-JS-GD+XF+004+20170829162000
0x01+0x0300+M-JS-GD+XF+004+20170829162500
0x01+0x0300+M-JS-GD+XF+004+20170829163000
0x01+0x0300+M-JS-GD+XF+004+20170829163500
0x01+0x0300+M-JS-GD+XF+004+20170829164000
0x01+0x0300+M-JS-GD+XF+004+20170829164500
0x01+0x0300+M-JS-GD+XF+004+20170829165000
0x01+0x0300+M-JS-GD+XF+004+20170829165500
0x01+0x0300+M-JS-GD+XF+004+20170829170000
0x01+0x0300+M-JS-GD+XF+004+20170829170500
0x01+0x0300+M-JS-GD+XF+004+20170829171000
0x01+0x0300+M-JS-GD+XF+004+20170829171500
0x01+0x0300+M-JS-GD+XF+004+20170829172000
0x01+0x0300+M-JS-GD+XF+004+20170829172500
0x01+0x0300+M-JS-GD+XF+004+20170829173000
0x01+0x0300+M-JS-GD+XF+004+20170829173500
0x01+0x0300+M-JS-GD+XF+004+20170829174000
0x01+0x0300+M-JS-GD+XF+004+20170829174500
0x01+0x0300+M-JS-GD+XF+004+20170829175000
0x01+0x0300+M-JS-GD+XF+004+20170829175500
0x01+0x0300+M-JS-GD+XF+004+20170829180000
0x01+0x0300+M-JS-GD+XF+004+20170829180500
0x01+0x0300+M-JS-GD+XF+004+20170829181000
0x01+0x0300+M-JS-GD+XF+004+20170829181500
0x01+0x0300+M-JS-GD+XF+004+20170829182000
0x01+0x0300+M-JS-GD+XF+004+20170829182500
0x01+0x0300+M-JS-GD+XF+004+20170829183000
0x01+0x0300+M-JS-GD+XF+004+20170829183500
0x01+0x0300+M-JS-GD+XF+004+20170829184000
0x01+0x0300+M-JS-GD+XF+004+20170829184500
0x01+0x0300+M-JS-GD+XF+004+20170829185000
0x01+0x0300+M-JS-GD+XF+004+20170829185500
0x01+0x0300+M-JS-GD+XF+004+20170829190000
0x01+0x0300+M-JS-GD+XF+004+20170829190500
0x01+0x0300+M-JS-GD+XF+004+20170829191000
0x01+0x0300+M-JS-GD+XF+004+20170829191500
0x01+0x0300+M-JS-GD+XF+004+20170829192000
0x01+0x0300+M-JS-GD+XF+004+20170829192500
0x01+0x0300+M-JS-GD+XF+004+20170829193000
0x01+0x0300+M-JS-GD+XF+004+20170829193500
0x01+0x0300+M-JS-GD+XF+004+20170829194000
0x01+0x0300+M-JS-GD+XF+004+20170829194500
0x01+0x0300+M-JS-GD+XF+004+20170829195000
0x01+0x0300+M-JS-GD+XF+004+20170829195500
0x01+0x0300+M-JS-GD+XF+004+20170829200000
0x01+0x0300+M-JS-GD+XF+004+20170829200500
0x01+0x0300+M-JS-GD+XF+004+20170829201000
0x01+0x0300+M-JS-GD+XF+004+20170829201500
0x01+0x0300+M-JS-GD+XF+004+20170829202000
0x01+0x0300+M-JS-GD+XF+004+20170829202500
0x01+0x0300+M-JS-GD+XF+004+20170829203000
0x01+0x0300+M-JS-GD+XF+004+20170829203500
0x01+0x0300+M-JS-GD+XF+004+20170829204000
0x01+0x0300+M-JS-GD+XF+004+20170829204500
0x01+0x0300+M-JS-GD+XF+004+20170829205000
0x01+0x0300+M-JS-GD+XF+004+20170829205500
0x01+0x0300+M-JS-GD+XF+004+20170829210000
0x01+0x0300+M-JS-GD+XF+004+20170829210500
0x01+0x0300+M-JS-GD+XF+004+20170829211000
0x01+0x0300+M-JS-GD+XF+004+20170829211500
0x01+0x0300+M-JS-GD+XF+004+20170829212000
0x01+0x0300+M-JS-GD+XF+004+20170829212500
0x01+0x0300+M-JS-GD+XF+004+20170829213000
0x01+0x0300+M-JS-GD+XF+004+20170829213500
0x01+0x0300+M-JS-GD+XF+004+20170829214000
0x01+0x0300+M-JS-GD+XF+004+20170829214500
0x01+0x0300+M-JS-GD+XF+004+20170829215000
0x01+0x0300+M-JS-GD+XF+004+20170829215500
0x01+0x0300+M-JS-GD+XF+004+20170829220000
0x01+0x0300+M-JS-GD+XF+004+20170829220500
0x01+0x0300+M-JS-GD+XF+004+20170829221000
0x01+0x0300+M-JS-GD+XF+004+20170829221500
0x01+0x0300+M-JS-GD+XF+004+20170829222000
0x01+0x0300+M-JS-GD+XF+004+20170829222500
0x01+0x0300+M-JS-GD+XF+004+20170829223000
0x01+0x0300+M-JS-GD+XF+004+20170829223500
0x01+0x0300+M-JS-GD+XF+004+20170829224000
0x01+0x0300+M-JS-GD+XF+004+20170829224500
0x01+0x0300+M-JS-GD+XF+004+20170829225000
0x01+0x0300+M-JS-GD+XF+004+20170829225500
0x01+0x0300+M-JS-GD+XF+004+20170829230000
0x01+0x0300+M-JS-GD+XF+004+20170829230500
0x01+0x0300+M-JS-GD+XF+004+20170829231000
0x01+0x0300+M-JS-GD+XF+004+20170829231500
0x01+0x0300+M-JS-GD+XF+004+20170829232000
0x01+0x0300+M-JS-GD+XF+004+20170829232500
0x01+0x0300+M-JS-GD+XF+004+20170829233000
0x01+0x0300+M-JS-GD+XF+004+20170829233500
0x01+0x0300+M-JS-GD+XF+004+20170829234000
0x01+0x0300+M-JS-GD+XF+004+20170829234500
0x01+0x0300+M-JS-GD+XF+004+20170829235000
0x01+0x0300+M-JS-GD+XF+004+20170829235500
0x01+0x0300+M-JS-GD+XF+005+20170829000000
0x01+0x0300+M-JS-GD+XF+005+20170829000500
0x01+0x0300+M-JS-GD+XF+005+20170829001000
0x01+0x0300+M-JS-GD+XF+005+20170829001500
0x01+0x0300+M-JS-GD+XF+005+20170829002000
0x01+0x0300+M-JS-GD+XF+005+20170829002500
0x01+0x0300+M-JS-GD+XF+005+20170829003000
0x01+0x0300+M-JS-GD+XF+005+20170829003500
0x01+0x0300+M-JS-GD+XF+005+20170829004000
0x01+0x0300+M-JS-GD+XF+005+20170829004500
0x01+0x0300+M-JS-GD+XF+005+20170829005000
0x01+0x0300+M-JS-GD+XF+005+20170829005500
0x01+0x0300+M-JS-GD+XF+005+20170829010000
0x01+0x0300+M-JS-GD+XF+005+20170829010500
0x01+0x0300+M-JS-GD+XF+005+20170829011000
0x01+0x0300+M-JS-GD+XF+005+20170829011500
0x01+0x0300+M-JS-GD+XF+005+20170829012000
0x01+0x0300+M-JS-GD+XF+005+20170829012500
0x01+0x0300+M-JS-GD+XF+005+20170829013000
0x01+0x0300+M-JS-GD+XF+005+20170829013500
0x01+0x0300+M-JS-GD+XF+005+20170829014000
0x01+0x0300+M-JS-GD+XF+005+20170829014500
0x01+0x0300+M-JS-GD+XF+005+20170829015000
0x01+0x0300+M-JS-GD+XF+005+20170829015500
0x01+0x0300+M-JS-GD+XF+005+20170829020000
0x01+0x0300+M-JS-GD+XF+005+20170829020500
0x01+0x0300+M-JS-GD+XF+005+20170829021000
0x01+0x0300+M-JS-GD+XF+005+20170829021500
0x01+0x0300+M-JS-GD+XF+005+20170829022000
0x01+0x0300+M-JS-GD+XF+005+20170829022500
0x01+0x0300+M-JS-GD+XF+005+20170829023000
0x01+0x0300+M-JS-GD+XF+005+20170829023500
0x01+0x0300+M-JS-GD+XF+005+20170829024000
0x01+0x0300+M-JS-GD+XF+005+20170829024500
0x01+0x0300+M-JS-GD+XF+005+20170829025000
0x01+0x0300+M-JS-GD+XF+005+20170829025500
0x01+0x0300+M-JS-GD+XF+005+20170829030000
0x01+0x0300+M-JS-GD+XF+005+20170829030500
0x01+0x0300+M-JS-GD+XF+005+20170829031000
0x01+0x0300+M-JS-GD+XF+005+20170829031500
0x01+0x0300+M-JS-GD+XF+005+20170829032000
0x01+0x0300+M-JS-GD+XF+005+20170829032500
0x01+0x0300+M-JS-GD+XF+005+20170829033000
0x01+0x0300+M-JS-GD+XF+005+20170829033500
0x01+0x0300+M-JS-GD+XF+005+20170829034000
0x01+0x0300+M-JS-GD+XF+005+20170829034500
0x01+0x0300+M-JS-GD+XF+005+20170829035000
0x01+0x0300+M-JS-GD+XF+005+20170829035500
0x01+0x0300+M-JS-GD+XF+005+20170829040000
0x01+0x0300+M-JS-GD+XF+005+20170829040500
0x01+0x0300+M-JS-GD+XF+005+20170829041000
0x01+0x0300+M-JS-GD+XF+005+20170829041500
0x01+0x0300+M-JS-GD+XF+005+20170829042000
0x01+0x0300+M-JS-GD+XF+005+20170829042500
0x01+0x0300+M-JS-GD+XF+005+20170829043000
0x01+0x0300+M-JS-GD+XF+005+20170829043500
0x01+0x0300+M-JS-GD+XF+005+20170829044000
0x01+0x0300+M-JS-GD+XF+005+20170829044500
0x01+0x0300+M-JS-GD+XF+005+20170829045000
0x01+0x0300+M-JS-GD+XF+005+20170829045500
0x01+0x0300+M-JS-GD+XF+005+20170829050000
0x01+0x0300+M-JS-GD+XF+005+20170829050500
0x01+0x0300+M-JS-GD+XF+005+20170829051000
0x01+0x0300+M-JS-GD+XF+005+20170829051500
0x01+0x0300+M-JS-GD+XF+005+20170829052000
0x01+0x0300+M-JS-GD+XF+005+20170829052500
0x01+0x0300+M-JS-GD+XF+005+20170829053000
0x01+0x0300+M-JS-GD+XF+005+20170829053500
0x01+0x0300+M-JS-GD+XF+005+20170829054000
0x01+0x0300+M-JS-GD+XF+005+20170829054500
0x01+0x0300+M-JS-GD+XF+005+20170829055000
0x01+0x0300+M-JS-GD+XF+005+20170829055500
0x01+0x0300+M-JS-GD+XF+005+20170829060000
0x01+0x0300+M-JS-GD+XF+005+20170829060500
0x01+0x0300+M-JS-GD+XF+005+20170829061000
0x01+0x0300+M-JS-GD+XF+005+20170829061500
0x01+0x0300+M-JS-GD+XF+005+20170829062000
0x01+0x0300+M-JS-GD+XF+005+20170829062500
0x01+0x0300+M-JS-GD+XF+005+20170829063000
0x01+0x0300+M-JS-GD+XF+005+20170829063500
0x01+0x0300+M-JS-GD+XF+005+20170829064000
0x01+0x0300+M-JS-GD+XF+005+20170829064500
0x01+0x0300+M-JS-GD+XF+005+20170829065000
0x01+0x0300+M-JS-GD+XF+005+20170829065500
0x01+0x0300+M-JS-GD+XF+005+20170829070000
0x01+0x0300+M-JS-GD+XF+005+20170829070500
0x01+0x0300+M-JS-GD+XF+005+20170829071000
0x01+0x0300+M-JS-GD+XF+005+20170829071500
0x01+0x0300+M-JS-GD+XF+005+20170829072000
0x01+0x0300+M-JS-GD+XF+005+20170829072500
0x01+0x0300+M-JS-GD+XF+005+20170829073000
0x01+0x0300+M-JS-GD+XF+005+20170829073500
0x01+0x0300+M-JS-GD+XF+005+20170829074000
0x01+0x0300+M-JS-GD+XF+005+20170829074500
0x01+0x0300+M-JS-GD+XF+005+20170829075000
0x01+0x0300+M-JS-GD+XF+005+20170829075500
0x01+0x0300+M-JS-GD+XF+005+20170829080000
0x01+0x0300+M-JS-GD+XF+005+20170829080500
0x01+0x0300+M-JS-GD+XF+005+20170829081000
0x01+0x0300+M-JS-GD+XF+005+20170829081500
0x01+0x0300+M-JS-GD+XF+005+20170829082000
0x01+0x0300+M-JS-GD+XF+005+20170829082500
0x01+0x0300+M-JS-GD+XF+005+20170829083000
0x01+0x0300+M-JS-GD+XF+005+20170829083500
0x01+0x0300+M-JS-GD+XF+005+20170829084000
0x01+0x0300+M-JS-GD+XF+005+20170829084500
0x01+0x0300+M-JS-GD+XF+005+20170829085000
0x01+0x0300+M-JS-GD+XF+005+20170829085500
0x01+0x0300+M-JS-GD+XF+005+20170829090000
0x01+0x0300+M-JS-GD+XF+005+20170829090500
0x01+0x0300+M-JS-GD+XF+005+20170829091000
0x01+0x0300+M-JS-GD+XF+005+20170829091500
0x01+0x0300+M-JS-GD+XF+005+20170829092000
0x01+0x0300+M-JS-GD+XF+005+20170829092500
0x01+0x0300+M-JS-GD+XF+005+20170829093000
0x01+0x0300+M-JS-GD+XF+005+20170829093500
0x01+0x0300+M-JS-GD+XF+005+20170829094000
0x01+0x0300+M-JS-GD+XF+005+20170829094500
0x01+0x0300+M-JS-GD+XF+005+20170829095000
0x01+0x0300+M-JS-GD+XF+005+20170829095500
0x01+0x0300+M-JS-GD+XF+005+20170829100000
0x01+0x0300+M-JS-GD+XF+005+20170829100500
0x01+0x0300+M-JS-GD+XF+005+20170829101000
0x01+0x0300+M-JS-GD+XF+005+20170829101500
0x01+0x0300+M-JS-GD+XF+005+20170829102000
0x01+0x0300+M-JS-GD+XF+005+20170829102500
0x01+0x0300+M-JS-GD+XF+005+20170829103000
0x01+0x0300+M-JS-GD+XF+005+20170829103500
0x01+0x0300+M-JS-GD+XF+005+20170829104000
0x01+0x0300+M-JS-GD+XF+005+20170829104500
0x01+0x0300+M-JS-GD+XF+005+20170829105000
0x01+0x0300+M-JS-GD+XF+005+20170829105500
0x01+0x0300+M-JS-GD+XF+005+20170829110000
0x01+0x0300+M-JS-GD+XF+005+20170829110500
0x01+0x0300+M-JS-GD+XF+005+20170829111000
0x01+0x0300+M-JS-GD+XF+005+20170829111500
0x01+0x0300+M-JS-GD+XF+005+20170829112000
0x01+0x0300+M-JS-GD+XF+005+20170829112500
0x01+0x0300+M-JS-GD+XF+005+20170829113000
0x01+0x0300+M-JS-GD+XF+005+20170829113500
0x01+0x0300+M-JS-GD+XF+005+20170829114000
0x01+0x0300+M-JS-GD+XF+005+20170829114500
0x01+0x0300+M-JS-GD+XF+005+20170829115000
0x01+0x0300+M-JS-GD+XF+005+20170829115500
0x01+0x0300+M-JS-GD+XF+005+20170829120000
0x01+0x0300+M-JS-GD+XF+005+20170829120500
0x01+0x0300+M-JS-GD+XF+005+20170829121000
0x01+0x0300+M-JS-GD+XF+005+20170829121500
0x01+0x0300+M-JS-GD+XF+005+20170829122000
0x01+0x0300+M-JS-GD+XF+005+20170829122500
0x01+0x0300+M-JS-GD+XF+005+20170829123000
0x01+0x0300+M-JS-GD+XF+005+20170829123500
0x01+0x0300+M-JS-GD+XF+005+20170829124000
0x01+0x0300+M-JS-GD+XF+005+20170829124500
0x01+0x0300+M-JS-GD+XF+005+20170829125000
0x01+0x0300+M-JS-GD+XF+005+20170829125500
0x01+0x0300+M-JS-GD+XF+005+20170829130000
0x01+0x0300+M-JS-GD+XF+005+20170829130500
0x01+0x0300+M-JS-GD+XF+005+20170829131000
0x01+0x0300+M-JS-GD+XF+005+20170829131500
0x01+0x0300+M-JS-GD+XF+005+20170829132000
0x01+0x0300+M-JS-GD+XF+005+20170829132500
0x01+0x0300+M-JS-GD+XF+005+20170829133000
0x01+0x0300+M-JS-GD+XF+005+20170829133500
0x01+0x0300+M-JS-GD+XF+005+20170829134000
0x01+0x0300+M-JS-GD+XF+005+20170829134500
0x01+0x0300+M-JS-GD+XF+005+20170829135000
0x01+0x0300+M-JS-GD+XF+005+20170829135500
0x01+0x0300+M-JS-GD+XF+005+20170829140000
0x01+0x0300+M-JS-GD+XF+005+20170829140500
0x01+0x0300+M-JS-GD+XF+005+20170829141000
0x01+0x0300+M-JS-GD+XF+005+20170829141500
0x01+0x0300+M-JS-GD+XF+005+20170829142000
0x01+0x0300+M-JS-GD+XF+005+20170829142500
0x01+0x0300+M-JS-GD+XF+005+20170829143000
0x01+0x0300+M-JS-GD+XF+005+20170829143500
0x01+0x0300+M-JS-GD+XF+005+20170829144000
0x01+0x0300+M-JS-GD+XF+005+20170829144500
0x01+0x0300+M-JS-GD+XF+005+20170829145000
0x01+0x0300+M-JS-GD+XF+005+20170829145500
0x01+0x0300+M-JS-GD+XF+005+20170829150000
0x01+0x0300+M-JS-GD+XF+005+20170829150500
0x01+0x0300+M-JS-GD+XF+005+20170829151000
0x01+0x0300+M-JS-GD+XF+005+20170829151500
0x01+0x0300+M-JS-GD+XF+005+20170829152000
0x01+0x0300+M-JS-GD+XF+005+20170829152500
0x01+0x0300+M-JS-GD+XF+005+20170829153000
0x01+0x0300+M-JS-GD+XF+005+20170829153500
0x01+0x0300+M-JS-GD+XF+005+20170829154000
0x01+0x0300+M-JS-GD+XF+005+20170829154500
0x01+0x0300+M-JS-GD+XF+005+20170829155000
0x01+0x0300+M-JS-GD+XF+005+20170829155500
0x01+0x0300+M-JS-GD+XF+005+20170829160000
0x01+0x0300+M-JS-GD+XF+005+20170829160500
0x01+0x0300+M-JS-GD+XF+005+20170829161000
0x01+0x0300+M-JS-GD+XF+005+20170829161500
0x01+0x0300+M-JS-GD+XF+005+20170829162000
0x01+0x0300+M-JS-GD+XF+005+20170829162500
0x01+0x0300+M-JS-GD+XF+005+20170829163000
0x01+0x0300+M-JS-GD+XF+005+20170829163500
0x01+0x0300+M-JS-GD+XF+005+20170829164000
0x01+0x0300+M-JS-GD+XF+005+20170829164500
0x01+0x0300+M-JS-GD+XF+005+20170829165000
0x01+0x0300+M-JS-GD+XF+005+20170829165500
0x01+0x0300+M-JS-GD+XF+005+20170829170000
0x01+0x0300+M-JS-GD+XF+005+20170829170500
0x01+0x0300+M-JS-GD+XF+005+20170829171000
0x01+0x0300+M-JS-GD+XF+005+20170829171500
0x01+0x0300+M-JS-GD+XF+005+20170829172000
0x01+0x0300+M-JS-GD+XF+005+20170829172500
0x01+0x0300+M-JS-GD+XF+005+20170829173000
0x01+0x0300+M-JS-GD+XF+005+20170829173500
0x01+0x0300+M-JS-GD+XF+005+20170829174000
0x01+0x0300+M-JS-GD+XF+005+20170829174500
0x01+0x0300+M-JS-GD+XF+005+20170829175000
0x01+0x0300+M-JS-GD+XF+005+20170829175500
0x01+0x0300+M-JS-GD+XF+005+20170829180000
0x01+0x0300+M-JS-GD+XF+005+20170829180500
0x01+0x0300+M-JS-GD+XF+005+20170829181000
0x01+0x0300+M-JS-GD+XF+005+20170829181500
0x01+0x0300+M-JS-GD+XF+005+20170829182000
0x01+0x0300+M-JS-GD+XF+005+20170829182500
0x01+0x0300+M-JS-GD+XF+005+20170829183000
0x01+0x0300+M-JS-GD+XF+005+20170829183500
0x01+0x0300+M-JS-GD+XF+005+20170829184000
0x01+0x0300+M-JS-GD+XF+005+20170829184500
0x01+0x0300+M-JS-GD+XF+005+20170829185000
0x01+0x0300+M-JS-GD+XF+005+20170829185500
0x01+0x0300+M-JS-GD+XF+005+20170829190000
0x01+0x0300+M-JS-GD+XF+005+20170829190500
0x01+0x0300+M-JS-GD+XF+005+20170829191000
0x01+0x0300+M-JS-GD+XF+005+20170829191500
0x01+0x0300+M-JS-GD+XF+005+20170829192000
0x01+0x0300+M-JS-GD+XF+005+20170829192500
0x01+0x0300+M-JS-GD+XF+005+20170829193000
0x01+0x0300+M-JS-GD+XF+005+20170829193500
0x01+0x0300+M-JS-GD+XF+005+20170829194000
0x01+0x0300+M-JS-GD+XF+005+20170829194500
0x01+0x0300+M-JS-GD+XF+005+20170829195000
0x01+0x0300+M-JS-GD+XF+005+20170829195500
0x01+0x0300+M-JS-GD+XF+005+20170829200000
0x01+0x0300+M-JS-GD+XF+005+20170829200500
0x01+0x0300+M-JS-GD+XF+005+20170829201000
0x01+0x0300+M-JS-GD+XF+005+20170829201500
0x01+0x0300+M-JS-GD+XF+005+20170829202000
0x01+0x0300+M-JS-GD+XF+005+20170829202500
0x01+0x0300+M-JS-GD+XF+005+20170829203000
0x01+0x0300+M-JS-GD+XF+005+20170829203500
0x01+0x0300+M-JS-GD+XF+005+20170829204000
0x01+0x0300+M-JS-GD+XF+005+20170829204500
0x01+0x0300+M-JS-GD+XF+005+20170829205000
0x01+0x0300+M-JS-GD+XF+005+20170829205500
0x01+0x0300+M-JS-GD+XF+005+20170829210000
0x01+0x0300+M-JS-GD+XF+005+20170829210500
0x01+0x0300+M-JS-GD+XF+005+20170829211000
0x01+0x0300+M-JS-GD+XF+005+20170829211500
0x01+0x0300+M-JS-GD+XF+005+20170829212000
0x01+0x0300+M-JS-GD+XF+005+20170829212500
0x01+0x0300+M-JS-GD+XF+005+20170829213000
0x01+0x0300+M-JS-GD+XF+005+20170829213500
0x01+0x0300+M-JS-GD+XF+005+20170829214000
0x01+0x0300+M-JS-GD+XF+005+20170829214500
0x01+0x0300+M-JS-GD+XF+005+20170829215000
0x01+0x0300+M-JS-GD+XF+005+20170829215500
0x01+0x0300+M-JS-GD+XF+005+20170829220000
0x01+0x0300+M-JS-GD+XF+005+20170829220500
0x01+0x0300+M-JS-GD+XF+005+20170829221000
0x01+0x0300+M-JS-GD+XF+005+20170829221500
0x01+0x0300+M-JS-GD+XF+005+20170829222000
0x01+0x0300+M-JS-GD+XF+005+20170829222500
0x01+0x0300+M-JS-GD+XF+005+20170829223000
0x01+0x0300+M-JS-GD+XF+005+20170829223500
0x01+0x0300+M-JS-GD+XF+005+20170829224000
0x01+0x0300+M-JS-GD+XF+005+20170829224500
0x01+0x0300+M-JS-GD+XF+005+20170829225000
0x01+0x0300+M-JS-GD+XF+005+20170829225500
0x01+0x0300+M-JS-GD+XF+005+20170829230000
0x01+0x0300+M-JS-GD+XF+005+20170829230500
0x01+0x0300+M-JS-GD+XF+005+20170829231000
0x01+0x0300+M-JS-GD+XF+005+20170829231500
0x01+0x0300+M-JS-GD+XF+005+20170829232000
0x01+0x0300+M-JS-GD+XF+005+20170829232500
0x01+0x0300+M-JS-GD+XF+005+20170829233000
0x01+0x0300+M-JS-GD+XF+005+20170829233500
0x01+0x0300+M-JS-GD+XF+005+20170829234000
0x01+0x0300+M-JS-GD+XF+005+20170829234500
0x01+0x0300+M-JS-GD+XF+005+20170829235000
0x01+0x0300+M-JS-GD+XF+005+20170829235500
0x01+0x0300+M-JS-GD+XF+006+20170829000000
0x01+0x0300+M-JS-GD+XF+006+20170829000500
0x01+0x0300+M-JS-GD+XF+006+20170829001000
0x01+0x0300+M-JS-GD+XF+006+20170829001500
0x01+0x0300+M-JS-GD+XF+006+20170829002000
0x01+0x0300+M-JS-GD+XF+006+20170829002500
0x01+0x0300+M-JS-GD+XF+006+20170829003000
0x01+0x0300+M-JS-GD+XF+006+20170829003500
0x01+0x0300+M-JS-GD+XF+006+20170829004000
0x01+0x0300+M-JS-GD+XF+006+20170829004500
0x01+0x0300+M-JS-GD+XF+006+20170829005000
0x01+0x0300+M-JS-GD+XF+006+20170829005500
0x01+0x0300+M-JS-GD+XF+006+20170829010000
0x01+0x0300+M-JS-GD+XF+006+20170829010500
0x01+0x0300+M-JS-GD+XF+006+20170829011000
0x01+0x0300+M-JS-GD+XF+006+20170829011500
0x01+0x0300+M-JS-GD+XF+006+20170829012000
0x01+0x0300+M-JS-GD+XF+006+20170829012500
0x01+0x0300+M-JS-GD+XF+006+20170829013000
0x01+0x0300+M-JS-GD+XF+006+20170829013500
0x01+0x0300+M-JS-GD+XF+006+20170829014000
0x01+0x0300+M-JS-GD+XF+006+20170829014500
0x01+0x0300+M-JS-GD+XF+006+20170829015000
0x01+0x0300+M-JS-GD+XF+006+20170829015500
0x01+0x0300+M-JS-GD+XF+006+20170829020000
0x01+0x0300+M-JS-GD+XF+006+20170829020500
0x01+0x0300+M-JS-GD+XF+006+20170829021000
0x01+0x0300+M-JS-GD+XF+006+20170829021500
0x01+0x0300+M-JS-GD+XF+006+20170829022000
0x01+0x0300+M-JS-GD+XF+006+20170829022500
0x01+0x0300+M-JS-GD+XF+006+20170829023000
0x01+0x0300+M-JS-GD+XF+006+20170829023500
0x01+0x0300+M-JS-GD+XF+006+20170829024000
0x01+0x0300+M-JS-GD+XF+006+20170829024500
0x01+0x0300+M-JS-GD+XF+006+20170829025000
0x01+0x0300+M-JS-GD+XF+006+20170829025500
0x01+0x0300+M-JS-GD+XF+006+20170829030000
0x01+0x0300+M-JS-GD+XF+006+20170829030500
0x01+0x0300+M-JS-GD+XF+006+20170829031000
0x01+0x0300+M-JS-GD+XF+006+20170829031500
0x01+0x0300+M-JS-GD+XF+006+20170829032000
0x01+0x0300+M-JS-GD+XF+006+20170829032500
0x01+0x0300+M-JS-GD+XF+006+20170829033000
0x01+0x0300+M-JS-GD+XF+006+20170829033500
0x01+0x0300+M-JS-GD+XF+006+20170829034000
0x01+0x0300+M-JS-GD+XF+006+20170829034500
0x01+0x0300+M-JS-GD+XF+006+20170829035000
0x01+0x0300+M-JS-GD+XF+006+20170829035500
0x01+0x0300+M-JS-GD+XF+006+20170829040000
0x01+0x0300+M-JS-GD+XF+006+20170829040500
0x01+0x0300+M-JS-GD+XF+006+20170829041000
0x01+0x0300+M-JS-GD+XF+006+20170829041500
0x01+0x0300+M-JS-GD+XF+006+20170829042000
0x01+0x0300+M-JS-GD+XF+006+20170829042500
0x01+0x0300+M-JS-GD+XF+006+20170829043000
0x01+0x0300+M-JS-GD+XF+006+20170829043500
0x01+0x0300+M-JS-GD+XF+006+20170829044000
0x01+0x0300+M-JS-GD+XF+006+20170829044500
0x01+0x0300+M-JS-GD+XF+006+20170829045000
0x01+0x0300+M-JS-GD+XF+006+20170829045500
0x01+0x0300+M-JS-GD+XF+006+20170829050000
0x01+0x0300+M-JS-GD+XF+006+20170829050500
0x01+0x0300+M-JS-GD+XF+006+20170829051000
0x01+0x0300+M-JS-GD+XF+006+20170829051500
0x01+0x0300+M-JS-GD+XF+006+20170829052000
0x01+0x0300+M-JS-GD+XF+006+20170829052500
0x01+0x0300+M-JS-GD+XF+006+20170829053000
0x01+0x0300+M-JS-GD+XF+006+20170829053500
0x01+0x0300+M-JS-GD+XF+006+20170829054000
0x01+0x0300+M-JS-GD+XF+006+20170829054500
0x01+0x0300+M-JS-GD+XF+006+20170829055000
0x01+0x0300+M-JS-GD+XF+006+20170829055500
0x01+0x0300+M-JS-GD+XF+006+20170829060000
0x01+0x0300+M-JS-GD+XF+006+20170829060500
0x01+0x0300+M-JS-GD+XF+006+20170829061000
0x01+0x0300+M-JS-GD+XF+006+20170829061500
0x01+0x0300+M-JS-GD+XF+006+20170829062000
0x01+0x0300+M-JS-GD+XF+006+20170829062500
0x01+0x0300+M-JS-GD+XF+006+20170829063000
0x01+0x0300+M-JS-GD+XF+006+20170829063500
0x01+0x0300+M-JS-GD+XF+006+20170829064000
0x01+0x0300+M-JS-GD+XF+006+20170829064500
0x01+0x0300+M-JS-GD+XF+006+20170829065000
0x01+0x0300+M-JS-GD+XF+006+20170829065500
0x01+0x0300+M-JS-GD+XF+006+20170829070000
0x01+0x0300+M-JS-GD+XF+006+20170829070500
0x01+0x0300+M-JS-GD+XF+006+20170829071000
0x01+0x0300+M-JS-GD+XF+006+20170829071500
0x01+0x0300+M-JS-GD+XF+006+20170829072000
0x01+0x0300+M-JS-GD+XF+006+20170829072500
0x01+0x0300+M-JS-GD+XF+006+20170829073000
0x01+0x0300+M-JS-GD+XF+006+20170829073500
0x01+0x0300+M-JS-GD+XF+006+20170829074000
0x01+0x0300+M-JS-GD+XF+006+20170829074500
0x01+0x0300+M-JS-GD+XF+006+20170829075000
0x01+0x0300+M-JS-GD+XF+006+20170829075500
0x01+0x0300+M-JS-GD+XF+006+20170829080000
0x01+0x0300+M-JS-GD+XF+006+20170829080500
0x01+0x0300+M-JS-GD+XF+006+20170829081000
0x01+0x0300+M-JS-GD+XF+006+20170829081500
0x01+0x0300+M-JS-GD+XF+006+20170829082000
0x01+0x0300+M-JS-GD+XF+006+20170829082500
0x01+0x0300+M-JS-GD+XF+006+20170829083000
0x01+0x0300+M-JS-GD+XF+006+20170829083500
0x01+0x0300+M-JS-GD+XF+006+20170829084000
0x01+0x0300+M-JS-GD+XF+006+20170829084500
0x01+0x0300+M-JS-GD+XF+006+20170829085000
0x01+0x0300+M-JS-GD+XF+006+20170829085500
0x01+0x0300+M-JS-GD+XF+006+20170829090000
0x01+0x0300+M-JS-GD+XF+006+20170829090500
0x01+0x0300+M-JS-GD+XF+006+20170829091000
0x01+0x0300+M-JS-GD+XF+006+20170829091500
0x01+0x0300+M-JS-GD+XF+006+20170829092000
0x01+0x0300+M-JS-GD+XF+006+20170829092500
0x01+0x0300+M-JS-GD+XF+006+20170829093000
0x01+0x0300+M-JS-GD+XF+006+20170829093500
0x01+0x0300+M-JS-GD+XF+006+20170829094000
0x01+0x0300+M-JS-GD+XF+006+20170829094500
0x01+0x0300+M-JS-GD+XF+006+20170829095000
0x01+0x0300+M-JS-GD+XF+006+20170829095500
0x01+0x0300+M-JS-GD+XF+006+20170829100000
0x01+0x0300+M-JS-GD+XF+006+20170829100500
0x01+0x0300+M-JS-GD+XF+006+20170829101000
0x01+0x0300+M-JS-GD+XF+006+20170829101500
0x01+0x0300+M-JS-GD+XF+006+20170829102000
0x01+0x0300+M-JS-GD+XF+006+20170829102500
0x01+0x0300+M-JS-GD+XF+006+20170829103000
0x01+0x0300+M-JS-GD+XF+006+20170829103500
0x01+0x0300+M-JS-GD+XF+006+20170829104000
0x01+0x0300+M-JS-GD+XF+006+20170829104500
0x01+0x0300+M-JS-GD+XF+006+20170829105000
0x01+0x0300+M-JS-GD+XF+006+20170829105500
0x01+0x0300+M-JS-GD+XF+006+20170829110000
0x01+0x0300+M-JS-GD+XF+006+20170829110500
0x01+0x0300+M-JS-GD+XF+006+20170829111000
0x01+0x0300+M-JS-GD+XF+006+20170829111500
0x01+0x0300+M-JS-GD+XF+006+20170829112000
0x01+0x0300+M-JS-GD+XF+006+20170829112500
0x01+0x0300+M-JS-GD+XF+006+20170829113000
0x01+0x0300+M-JS-GD+XF+006+20170829113500
0x01+0x0300+M-JS-GD+XF+006+20170829114000
0x01+0x0300+M-JS-GD+XF+006+20170829114500
0x01+0x0300+M-JS-GD+XF+006+20170829115000
0x01+0x0300+M-JS-GD+XF+006+20170829115500
0x01+0x0300+M-JS-GD+XF+006+20170829120000
0x01+0x0300+M-JS-GD+XF+006+20170829120500
0x01+0x0300+M-JS-GD+XF+006+20170829121000
0x01+0x0300+M-JS-GD+XF+006+20170829121500
0x01+0x0300+M-JS-GD+XF+006+20170829122000
0x01+0x0300+M-JS-GD+XF+006+20170829122500
0x01+0x0300+M-JS-GD+XF+006+20170829123000
0x01+0x0300+M-JS-GD+XF+006+20170829123500
0x01+0x0300+M-JS-GD+XF+006+20170829124000
0x01+0x0300+M-JS-GD+XF+006+20170829124500
0x01+0x0300+M-JS-GD+XF+006+20170829125000
0x01+0x0300+M-JS-GD+XF+006+20170829125500
0x01+0x0300+M-JS-GD+XF+006+20170829130000
0x01+0x0300+M-JS-GD+XF+006+20170829130500
0x01+0x0300+M-JS-GD+XF+006+20170829131000
0x01+0x0300+M-JS-GD+XF+006+20170829131500
0x01+0x0300+M-JS-GD+XF+006+20170829132000
0x01+0x0300+M-JS-GD+XF+006+20170829132500
0x01+0x0300+M-JS-GD+XF+006+20170829133000
0x01+0x0300+M-JS-GD+XF+006+20170829133500
0x01+0x0300+M-JS-GD+XF+006+20170829134000
0x01+0x0300+M-JS-GD+XF+006+20170829134500
0x01+0x0300+M-JS-GD+XF+006+20170829135000
0x01+0x0300+M-JS-GD+XF+006+20170829135500
0x01+0x0300+M-JS-GD+XF+006+20170829140000
0x01+0x0300+M-JS-GD+XF+006+20170829140500
0x01+0x0300+M-JS-GD+XF+006+20170829141000
0x01+0x0300+M-JS-GD+XF+006+20170829141500
0x01+0x0300+M-JS-GD+XF+006+20170829142000
0x01+0x0300+M-JS-GD+XF+006+20170829142500
0x01+0x0300+M-JS-GD+XF+006+20170829143000
0x01+0x0300+M-JS-GD+XF+006+20170829143500
0x01+0x0300+M-JS-GD+XF+006+20170829144000
0x01+0x0300+M-JS-GD+XF+006+20170829144500
0x01+0x0300+M-JS-GD+XF+006+20170829145000
0x01+0x0300+M-JS-GD+XF+006+20170829145500
0x01+0x0300+M-JS-GD+XF+006+20170829150000
0x01+0x0300+M-JS-GD+XF+006+20170829150500
0x01+0x0300+M-JS-GD+XF+006+20170829151000
0x01+0x0300+M-JS-GD+XF+006+20170829151500
0x01+0x0300+M-JS-GD+XF+006+20170829152000
0x01+0x0300+M-JS-GD+XF+006+20170829152500
0x01+0x0300+M-JS-GD+XF+006+20170829153000
0x01+0x0300+M-JS-GD+XF+006+20170829153500
0x01+0x0300+M-JS-GD+XF+006+20170829154000
0x01+0x0300+M-JS-GD+XF+006+20170829154500
0x01+0x0300+M-JS-GD+XF+006+20170829155000
0x01+0x0300+M-JS-GD+XF+006+20170829155500
0x01+0x0300+M-JS-GD+XF+006+20170829160000
0x01+0x0300+M-JS-GD+XF+006+20170829160500
0x01+0x0300+M-JS-GD+XF+006+20170829161000
0x01+0x0300+M-JS-GD+XF+006+20170829161500
0x01+0x0300+M-JS-GD+XF+006+20170829162000
0x01+0x0300+M-JS-GD+XF+006+20170829162500
0x01+0x0300+M-JS-GD+XF+006+20170829163000
0x01+0x0300+M-JS-GD+XF+006+20170829163500
0x01+0x0300+M-JS-GD+XF+006+20170829164000
0x01+0x0300+M-JS-GD+XF+006+20170829164500
0x01+0x0300+M-JS-GD+XF+006+20170829165000
0x01+0x0300+M-JS-GD+XF+006+20170829165500
0x01+0x0300+M-JS-GD+XF+006+20170829170000
0x01+0x0300+M-JS-GD+XF+006+20170829170500
0x01+0x0300+M-JS-GD+XF+006+20170829171000
0x01+0x0300+M-JS-GD+XF+006+20170829171500
0x01+0x0300+M-JS-GD+XF+006+20170829172000
0x01+0x0300+M-JS-GD+XF+006+20170829172500
0x01+0x0300+M-JS-GD+XF+006+20170829173000
0x01+0x0300+M-JS-GD+XF+006+20170829173500
0x01+0x0300+M-JS-GD+XF+006+20170829174000
0x01+0x0300+M-JS-GD+XF+006+20170829174500
0x01+0x0300+M-JS-GD+XF+006+20170829175000
0x01+0x0300+M-JS-GD+XF+006+20170829175500
0x01+0x0300+M-JS-GD+XF+006+20170829180000
0x01+0x0300+M-JS-GD+XF+006+20170829180500
0x01+0x0300+M-JS-GD+XF+006+20170829181000
0x01+0x0300+M-JS-GD+XF+006+20170829181500
0x01+0x0300+M-JS-GD+XF+006+20170829182000
0x01+0x0300+M-JS-GD+XF+006+20170829182500
0x01+0x0300+M-JS-GD+XF+006+20170829183000
0x01+0x0300+M-JS-GD+XF+006+20170829183500
0x01+0x0300+M-JS-GD+XF+006+20170829184000
0x01+0x0300+M-JS-GD+XF+006+20170829184500
0x01+0x0300+M-JS-GD+XF+006+20170829185000
0x01+0x0300+M-JS-GD+XF+006+20170829185500
0x01+0x0300+M-JS-GD+XF+006+20170829190000
0x01+0x0300+M-JS-GD+XF+006+20170829190500
0x01+0x0300+M-JS-GD+XF+006+20170829191000
0x01+0x0300+M-JS-GD+XF+006+20170829191500
0x01+0x0300+M-JS-GD+XF+006+20170829192000
0x01+0x0300+M-JS-GD+XF+006+20170829192500
0x01+0x0300+M-JS-GD+XF+006+20170829193000
0x01+0x0300+M-JS-GD+XF+006+20170829193500
0x01+0x0300+M-JS-GD+XF+006+20170829194000
0x01+0x0300+M-JS-GD+XF+006+20170829194500
0x01+0x0300+M-JS-GD+XF+006+20170829195000
0x01+0x0300+M-JS-GD+XF+006+20170829195500
0x01+0x0300+M-JS-GD+XF+006+20170829200000
0x01+0x0300+M-JS-GD+XF+006+20170829200500
0x01+0x0300+M-JS-GD+XF+006+20170829201000
0x01+0x0300+M-JS-GD+XF+006+20170829201500
0x01+0x0300+M-JS-GD+XF+006+20170829202000
0x01+0x0300+M-JS-GD+XF+006+20170829202500
0x01+0x0300+M-JS-GD+XF+006+20170829203000
0x01+0x0300+M-JS-GD+XF+006+20170829203500
0x01+0x0300+M-JS-GD+XF+006+20170829204000
0x01+0x0300+M-JS-GD+XF+006+20170829204500
0x01+0x0300+M-JS-GD+XF+006+20170829205000
0x01+0x0300+M-JS-GD+XF+006+20170829205500
0x01+0x0300+M-JS-GD+XF+006+20170829210000
0x01+0x0300+M-JS-GD+XF+006+20170829210500
0x01+0x0300+M-JS-GD+XF+006+20170829211000
0x01+0x0300+M-JS-GD+XF+006+20170829211500
0x01+0x0300+M-JS-GD+XF+006+20170829212000
0x01+0x0300+M-JS-GD+XF+006+20170829212500
0x01+0x0300+M-JS-GD+XF+006+20170829213000
0x01+0x0300+M-JS-GD+XF+006+20170829213500
0x01+0x0300+M-JS-GD+XF+006+20170829214000
0x01+0x0300+M-JS-GD+XF+006+20170829214500
0x01+0x0300+M-JS-GD+XF+006+20170829215000
0x01+0x0300+M-JS-GD+XF+006+20170829215500
0x01+0x0300+M-JS-GD+XF+006+20170829220000
0x01+0x0300+M-JS-GD+XF+006+20170829220500
0x01+0x0300+M-JS-GD+XF+006+20170829221000
0x01+0x0300+M-JS-GD+XF+006+20170829221500
0x01+0x0300+M-JS-GD+XF+006+20170829222000
0x01+0x0300+M-JS-GD+XF+006+20170829222500
0x01+0x0300+M-JS-GD+XF+006+20170829223000
0x01+0x0300+M-JS-GD+XF+006+20170829223500
0x01+0x0300+M-JS-GD+XF+006+20170829224000
0x01+0x0300+M-JS-GD+XF+006+20170829224500
0x01+0x0300+M-JS-GD+XF+006+20170829225000
0x01+0x0300+M-JS-GD+XF+006+20170829225500
0x01+0x0300+M-JS-GD+XF+006+20170829230000
0x01+0x0300+M-JS-GD+XF+006+20170829230500
0x01+0x0300+M-JS-GD+XF+006+20170829231000
0x01+0x0300+M-JS-GD+XF+006+20170829231500
0x01+0x0300+M-JS-GD+XF+006+20170829232000
0x01+0x0300+M-JS-GD+XF+006+20170829232500
0x01+0x0300+M-JS-GD+XF+006+20170829233000
0x01+0x0300+M-JS-GD+XF+006+20170829233500
0x01+0x0300+M-JS-GD+XF+006+20170829234000
0x01+0x0300+M-JS-GD+XF+006+20170829234500
0x01+0x0300+M-JS-GD+XF+006+20170829235000
0x01+0x0300+M-JS-GD+XF+006+20170829235500
0x01+0x0300+M-JS-GD+XF+007+20170829000000
0x01+0x0300+M-JS-GD+XF+007+20170829000500
0x01+0x0300+M-JS-GD+XF+007+20170829001000
0x01+0x0300+M-JS-GD+XF+007+20170829001500
0x01+0x0300+M-JS-GD+XF+007+20170829002000
0x01+0x0300+M-JS-GD+XF+007+20170829002500
0x01+0x0300+M-JS-GD+XF+007+20170829003000
0x01+0x0300+M-JS-GD+XF+007+20170829003500
0x01+0x0300+M-JS-GD+XF+007+20170829004000
0x01+0x0300+M-JS-GD+XF+007+20170829004500
0x01+0x0300+M-JS-GD+XF+007+20170829005000
0x01+0x0300+M-JS-GD+XF+007+20170829005500
0x01+0x0300+M-JS-GD+XF+007+20170829010000
0x01+0x0300+M-JS-GD+XF+007+20170829010500
0x01+0x0300+M-JS-GD+XF+007+20170829011000
0x01+0x0300+M-JS-GD+XF+007+20170829011500
0x01+0x0300+M-JS-GD+XF+007+20170829012000
0x01+0x0300+M-JS-GD+XF+007+20170829012500
0x01+0x0300+M-JS-GD+XF+007+20170829013000
0x01+0x0300+M-JS-GD+XF+007+20170829013500
0x01+0x0300+M-JS-GD+XF+007+20170829014000
0x01+0x0300+M-JS-GD+XF+007+20170829014500
0x01+0x0300+M-JS-GD+XF+007+20170829015000
0x01+0x0300+M-JS-GD+XF+007+20170829015500
0x01+0x0300+M-JS-GD+XF+007+20170829020000
0x01+0x0300+M-JS-GD+XF+007+20170829020500
0x01+0x0300+M-JS-GD+XF+007+20170829021000
0x01+0x0300+M-JS-GD+XF+007+20170829021500
0x01+0x0300+M-JS-GD+XF+007+20170829022000
0x01+0x0300+M-JS-GD+XF+007+20170829022500
0x01+0x0300+M-JS-GD+XF+007+20170829023000
0x01+0x0300+M-JS-GD+XF+007+20170829023500
0x01+0x0300+M-JS-GD+XF+007+20170829024000
0x01+0x0300+M-JS-GD+XF+007+20170829024500
0x01+0x0300+M-JS-GD+XF+007+20170829025000
0x01+0x0300+M-JS-GD+XF+007+20170829025500
0x01+0x0300+M-JS-GD+XF+007+20170829030000
0x01+0x0300+M-JS-GD+XF+007+20170829030500
0x01+0x0300+M-JS-GD+XF+007+20170829031000
0x01+0x0300+M-JS-GD+XF+007+20170829031500
0x01+0x0300+M-JS-GD+XF+007+20170829032000
0x01+0x0300+M-JS-GD+XF+007+20170829032500
0x01+0x0300+M-JS-GD+XF+007+20170829033000
0x01+0x0300+M-JS-GD+XF+007+20170829033500
0x01+0x0300+M-JS-GD+XF+007+20170829034000
0x01+0x0300+M-JS-GD+XF+007+20170829034500
0x01+0x0300+M-JS-GD+XF+007+20170829035000
0x01+0x0300+M-JS-GD+XF+007+20170829035500
0x01+0x0300+M-JS-GD+XF+007+20170829040000
0x01+0x0300+M-JS-GD+XF+007+20170829040500
0x01+0x0300+M-JS-GD+XF+007+20170829041000
0x01+0x0300+M-JS-GD+XF+007+20170829041500
0x01+0x0300+M-JS-GD+XF+007+20170829042000
0x01+0x0300+M-JS-GD+XF+007+20170829042500
0x01+0x0300+M-JS-GD+XF+007+20170829043000
0x01+0x0300+M-JS-GD+XF+007+20170829043500
0x01+0x0300+M-JS-GD+XF+007+20170829044000
0x01+0x0300+M-JS-GD+XF+007+20170829044500
0x01+0x0300+M-JS-GD+XF+007+20170829045000
0x01+0x0300+M-JS-GD+XF+007+20170829045500
0x01+0x0300+M-JS-GD+XF+007+20170829050000
0x01+0x0300+M-JS-GD+XF+007+20170829050500
0x01+0x0300+M-JS-GD+XF+007+20170829051000
0x01+0x0300+M-JS-GD+XF+007+20170829051500
0x01+0x0300+M-JS-GD+XF+007+20170829052000
0x01+0x0300+M-JS-GD+XF+007+20170829052500
0x01+0x0300+M-JS-GD+XF+007+20170829053000
0x01+0x0300+M-JS-GD+XF+007+20170829053500
0x01+0x0300+M-JS-GD+XF+007+20170829054000
0x01+0x0300+M-JS-GD+XF+007+20170829054500
0x01+0x0300+M-JS-GD+XF+007+20170829055000
0x01+0x0300+M-JS-GD+XF+007+20170829055500
0x01+0x0300+M-JS-GD+XF+007+20170829060000
0x01+0x0300+M-JS-GD+XF+007+20170829060500
0x01+0x0300+M-JS-GD+XF+007+20170829061000
0x01+0x0300+M-JS-GD+XF+007+20170829061500
0x01+0x0300+M-JS-GD+XF+007+20170829062000
0x01+0x0300+M-JS-GD+XF+007+20170829062500
0x01+0x0300+M-JS-GD+XF+007+20170829063000
0x01+0x0300+M-JS-GD+XF+007+20170829063500
0x01+0x0300+M-JS-GD+XF+007+20170829064000
0x01+0x0300+M-JS-GD+XF+007+20170829064500
0x01+0x0300+M-JS-GD+XF+007+20170829065000
0x01+0x0300+M-JS-GD+XF+007+20170829065500
0x01+0x0300+M-JS-GD+XF+007+20170829070000
0x01+0x0300+M-JS-GD+XF+007+20170829070500
0x01+0x0300+M-JS-GD+XF+007+20170829071000
0x01+0x0300+M-JS-GD+XF+007+20170829071500
0x01+0x0300+M-JS-GD+XF+007+20170829072000
0x01+0x0300+M-JS-GD+XF+007+20170829072500
0x01+0x0300+M-JS-GD+XF+007+20170829073000
0x01+0x0300+M-JS-GD+XF+007+20170829073500
0x01+0x0300+M-JS-GD+XF+007+20170829074000
0x01+0x0300+M-JS-GD+XF+007+20170829074500
0x01+0x0300+M-JS-GD+XF+007+20170829075000
0x01+0x0300+M-JS-GD+XF+007+20170829075500
0x01+0x0300+M-JS-GD+XF+007+20170829080000
0x01+0x0300+M-JS-GD+XF+007+20170829080500
0x01+0x0300+M-JS-GD+XF+007+20170829081000
0x01+0x0300+M-JS-GD+XF+007+20170829081500
0x01+0x0300+M-JS-GD+XF+007+20170829082000
0x01+0x0300+M-JS-GD+XF+007+20170829082500
0x01+0x0300+M-JS-GD+XF+007+20170829083000
0x01+0x0300+M-JS-GD+XF+007+20170829083500
0x01+0x0300+M-JS-GD+XF+007+20170829084000
0x01+0x0300+M-JS-GD+XF+007+20170829084500
0x01+0x0300+M-JS-GD+XF+007+20170829085000
0x01+0x0300+M-JS-GD+XF+007+20170829085500
0x01+0x0300+M-JS-GD+XF+007+20170829090000
0x01+0x0300+M-JS-GD+XF+007+20170829090500
0x01+0x0300+M-JS-GD+XF+007+20170829091000
0x01+0x0300+M-JS-GD+XF+007+20170829091500
0x01+0x0300+M-JS-GD+XF+007+20170829092000
0x01+0x0300+M-JS-GD+XF+007+20170829092500
0x01+0x0300+M-JS-GD+XF+007+20170829093000
0x01+0x0300+M-JS-GD+XF+007+20170829093500
0x01+0x0300+M-JS-GD+XF+007+20170829094000
0x01+0x0300+M-JS-GD+XF+007+20170829094500
0x01+0x0300+M-JS-GD+XF+007+20170829095000
0x01+0x0300+M-JS-GD+XF+007+20170829095500
0x01+0x0300+M-JS-GD+XF+007+20170829100000
0x01+0x0300+M-JS-GD+XF+007+20170829100500
0x01+0x0300+M-JS-GD+XF+007+20170829101000
0x01+0x0300+M-JS-GD+XF+007+20170829101500
0x01+0x0300+M-JS-GD+XF+007+20170829102000
0x01+0x0300+M-JS-GD+XF+007+20170829102500
0x01+0x0300+M-JS-GD+XF+007+20170829103000
0x01+0x0300+M-JS-GD+XF+007+20170829103500
0x01+0x0300+M-JS-GD+XF+007+20170829104000
0x01+0x0300+M-JS-GD+XF+007+20170829104500
0x01+0x0300+M-JS-GD+XF+007+20170829105000
0x01+0x0300+M-JS-GD+XF+007+20170829105500
0x01+0x0300+M-JS-GD+XF+007+20170829110000
0x01+0x0300+M-JS-GD+XF+007+20170829110500
0x01+0x0300+M-JS-GD+XF+007+20170829111000
0x01+0x0300+M-JS-GD+XF+007+20170829111500
0x01+0x0300+M-JS-GD+XF+007+20170829112000
0x01+0x0300+M-JS-GD+XF+007+20170829112500
0x01+0x0300+M-JS-GD+XF+007+20170829113000
0x01+0x0300+M-JS-GD+XF+007+20170829113500
0x01+0x0300+M-JS-GD+XF+007+20170829114000
0x01+0x0300+M-JS-GD+XF+007+20170829114500
0x01+0x0300+M-JS-GD+XF+007+20170829115000
0x01+0x0300+M-JS-GD+XF+007+20170829115500
0x01+0x0300+M-JS-GD+XF+007+20170829120000
0x01+0x0300+M-JS-GD+XF+007+20170829120500
0x01+0x0300+M-JS-GD+XF+007+20170829121000
0x01+0x0300+M-JS-GD+XF+007+20170829121500
0x01+0x0300+M-JS-GD+XF+007+20170829122000
0x01+0x0300+M-JS-GD+XF+007+20170829122500
0x01+0x0300+M-JS-GD+XF+007+20170829123000
0x01+0x0300+M-JS-GD+XF+007+20170829123500
0x01+0x0300+M-JS-GD+XF+007+20170829124000
0x01+0x0300+M-JS-GD+XF+007+20170829124500
0x01+0x0300+M-JS-GD+XF+007+20170829125000
0x01+0x0300+M-JS-GD+XF+007+20170829125500
0x01+0x0300+M-JS-GD+XF+007+20170829130000
0x01+0x0300+M-JS-GD+XF+007+20170829130500
0x01+0x0300+M-JS-GD+XF+007+20170829131000
0x01+0x0300+M-JS-GD+XF+007+20170829131500
0x01+0x0300+M-JS-GD+XF+007+20170829132000
0x01+0x0300+M-JS-GD+XF+007+20170829132500
0x01+0x0300+M-JS-GD+XF+007+20170829133000
0x01+0x0300+M-JS-GD+XF+007+20170829133500
0x01+0x0300+M-JS-GD+XF+007+20170829134000
0x01+0x0300+M-JS-GD+XF+007+20170829134500
0x01+0x0300+M-JS-GD+XF+007+20170829135000
0x01+0x0300+M-JS-GD+XF+007+20170829135500
0x01+0x0300+M-JS-GD+XF+007+20170829140000
0x01+0x0300+M-JS-GD+XF+007+20170829140500
0x01+0x0300+M-JS-GD+XF+007+20170829141000
0x01+0x0300+M-JS-GD+XF+007+20170829141500
0x01+0x0300+M-JS-GD+XF+007+20170829142000
0x01+0x0300+M-JS-GD+XF+007+20170829142500
0x01+0x0300+M-JS-GD+XF+007+20170829143000
0x01+0x0300+M-JS-GD+XF+007+20170829143500
0x01+0x0300+M-JS-GD+XF+007+20170829144000
0x01+0x0300+M-JS-GD+XF+007+20170829144500
0x01+0x0300+M-JS-GD+XF+007+20170829145000
0x01+0x0300+M-JS-GD+XF+007+20170829145500
0x01+0x0300+M-JS-GD+XF+007+20170829150000
0x01+0x0300+M-JS-GD+XF+007+20170829150500
0x01+0x0300+M-JS-GD+XF+007+20170829151000
0x01+0x0300+M-JS-GD+XF+007+20170829151500
0x01+0x0300+M-JS-GD+XF+007+20170829152000
0x01+0x0300+M-JS-GD+XF+007+20170829152500
0x01+0x0300+M-JS-GD+XF+007+20170829153000
0x01+0x0300+M-JS-GD+XF+007+20170829153500
0x01+0x0300+M-JS-GD+XF+007+20170829154000
0x01+0x0300+M-JS-GD+XF+007+20170829154500
0x01+0x0300+M-JS-GD+XF+007+20170829155000
0x01+0x0300+M-JS-GD+XF+007+20170829155500
0x01+0x0300+M-JS-GD+XF+007+20170829160000
0x01+0x0300+M-JS-GD+XF+007+20170829160500
0x01+0x0300+M-JS-GD+XF+007+20170829161000
0x01+0x0300+M-JS-GD+XF+007+20170829161500
0x01+0x0300+M-JS-GD+XF+007+20170829162000
0x01+0x0300+M-JS-GD+XF+007+20170829162500
0x01+0x0300+M-JS-GD+XF+007+20170829163000
0x01+0x0300+M-JS-GD+XF+007+20170829163500
0x01+0x0300+M-JS-GD+XF+007+20170829164000
0x01+0x0300+M-JS-GD+XF+007+20170829164500
0x01+0x0300+M-JS-GD+XF+007+20170829165000
0x01+0x0300+M-JS-GD+XF+007+20170829165500
0x01+0x0300+M-JS-GD+XF+007+20170829170000
0x01+0x0300+M-JS-GD+XF+007+20170829170500
0x01+0x0300+M-JS-GD+XF+007+20170829171000
0x01+0x0300+M-JS-GD+XF+007+20170829171500
0x01+0x0300+M-JS-GD+XF+007+20170829172000
0x01+0x0300+M-JS-GD+XF+007+20170829172500
0x01+0x0300+M-JS-GD+XF+007+20170829173000
0x01+0x0300+M-JS-GD+XF+007+20170829173500
0x01+0x0300+M-JS-GD+XF+007+20170829174000
0x01+0x0300+M-JS-GD+XF+007+20170829174500
0x01+0x0300+M-JS-GD+XF+007+20170829175000
0x01+0x0300+M-JS-GD+XF+007+20170829175500
0x01+0x0300+M-JS-GD+XF+007+20170829180000
0x01+0x0300+M-JS-GD+XF+007+20170829180500
0x01+0x0300+M-JS-GD+XF+007+20170829181000
0x01+0x0300+M-JS-GD+XF+007+20170829181500
0x01+0x0300+M-JS-GD+XF+007+20170829182000
0x01+0x0300+M-JS-GD+XF+007+20170829182500
0x01+0x0300+M-JS-GD+XF+007+20170829183000
0x01+0x0300+M-JS-GD+XF+007+20170829183500
0x01+0x0300+M-JS-GD+XF+007+20170829184000
0x01+0x0300+M-JS-GD+XF+007+20170829184500
0x01+0x0300+M-JS-GD+XF+007+20170829185000
0x01+0x0300+M-JS-GD+XF+007+20170829185500
0x01+0x0300+M-JS-GD+XF+007+20170829190000
0x01+0x0300+M-JS-GD+XF+007+20170829190500
0x01+0x0300+M-JS-GD+XF+007+20170829191000
0x01+0x0300+M-JS-GD+XF+007+20170829191500
0x01+0x0300+M-JS-GD+XF+007+20170829192000
0x01+0x0300+M-JS-GD+XF+007+20170829192500
0x01+0x0300+M-JS-GD+XF+007+20170829193000
0x01+0x0300+M-JS-GD+XF+007+20170829193500
0x01+0x0300+M-JS-GD+XF+007+20170829194000
0x01+0x0300+M-JS-GD+XF+007+20170829194500
0x01+0x0300+M-JS-GD+XF+007+20170829195000
0x01+0x0300+M-JS-GD+XF+007+20170829195500
0x01+0x0300+M-JS-GD+XF+007+20170829200000
0x01+0x0300+M-JS-GD+XF+007+20170829200500
0x01+0x0300+M-JS-GD+XF+007+20170829201000
0x01+0x0300+M-JS-GD+XF+007+20170829201500
0x01+0x0300+M-JS-GD+XF+007+20170829202000
0x01+0x0300+M-JS-GD+XF+007+20170829202500
0x01+0x0300+M-JS-GD+XF+007+20170829203000
0x01+0x0300+M-JS-GD+XF+007+20170829203500
0x01+0x0300+M-JS-GD+XF+007+20170829204000
0x01+0x0300+M-JS-GD+XF+007+20170829204500
0x01+0x0300+M-JS-GD+XF+007+20170829205000
0x01+0x0300+M-JS-GD+XF+007+20170829205500
0x01+0x0300+M-JS-GD+XF+007+20170829210000
0x01+0x0300+M-JS-GD+XF+007+20170829210500
0x01+0x0300+M-JS-GD+XF+007+20170829211000
0x01+0x0300+M-JS-GD+XF+007+20170829211500
0x01+0x0300+M-JS-GD+XF+007+20170829212000
0x01+0x0300+M-JS-GD+XF+007+20170829212500
0x01+0x0300+M-JS-GD+XF+007+20170829213000
0x01+0x0300+M-JS-GD+XF+007+20170829213500
0x01+0x0300+M-JS-GD+XF+007+20170829214000
0x01+0x0300+M-JS-GD+XF+007+20170829214500
0x01+0x0300+M-JS-GD+XF+007+20170829215000
0x01+0x0300+M-JS-GD+XF+007+20170829215500
0x01+0x0300+M-JS-GD+XF+007+20170829220000
0x01+0x0300+M-JS-GD+XF+007+20170829220500
0x01+0x0300+M-JS-GD+XF+007+20170829221000
0x01+0x0300+M-JS-GD+XF+007+20170829221500
0x01+0x0300+M-JS-GD+XF+007+20170829222000
0x01+0x0300+M-JS-GD+XF+007+20170829222500
0x01+0x0300+M-JS-GD+XF+007+20170829223000
0x01+0x0300+M-JS-GD+XF+007+20170829223500
0x01+0x0300+M-JS-GD+XF+007+20170829224000
0x01+0x0300+M-JS-GD+XF+007+20170829224500
0x01+0x0300+M-JS-GD+XF+007+20170829225000
0x01+0x0300+M-JS-GD+XF+007+20170829225500
0x01+0x0300+M-JS-GD+XF+007+20170829230000
0x01+0x0300+M-JS-GD+XF+007+20170829230500
0x01+0x0300+M-JS-GD+XF+007+20170829231000
0x01+0x0300+M-JS-GD+XF+007+20170829231500
0x01+0x0300+M-JS-GD+XF+007+20170829232000
0x01+0x0300+M-JS-GD+XF+007+20170829232500
0x01+0x0300+M-JS-GD+XF+007+20170829233000
0x01+0x0300+M-JS-GD+XF+007+20170829233500
0x01+0x0300+M-JS-GD+XF+007+20170829234000
0x01+0x0300+M-JS-GD+XF+007+20170829234500
0x01+0x0300+M-JS-GD+XF+007+20170829235000
0x01+0x0300+M-JS-GD+XF+007+20170829235500
0x01+0x0300+M-JS-GD+XF+008+20170829000000
0x01+0x0300+M-JS-GD+XF+008+20170829000500
0x01+0x0300+M-JS-GD+XF+008+20170829001000
0x01+0x0300+M-JS-GD+XF+008+20170829001500
0x01+0x0300+M-JS-GD+XF+008+20170829002000
0x01+0x0300+M-JS-GD+XF+008+20170829002500
0x01+0x0300+M-JS-GD+XF+008+20170829003000
0x01+0x0300+M-JS-GD+XF+008+20170829003500
0x01+0x0300+M-JS-GD+XF+008+20170829004000
0x01+0x0300+M-JS-GD+XF+008+20170829004500
0x01+0x0300+M-JS-GD+XF+008+20170829005000
0x01+0x0300+M-JS-GD+XF+008+20170829005500
0x01+0x0300+M-JS-GD+XF+008+20170829010000
0x01+0x0300+M-JS-GD+XF+008+20170829010500
0x01+0x0300+M-JS-GD+XF+008+20170829011000
0x01+0x0300+M-JS-GD+XF+008+20170829011500
0x01+0x0300+M-JS-GD+XF+008+20170829012000
0x01+0x0300+M-JS-GD+XF+008+20170829012500
0x01+0x0300+M-JS-GD+XF+008+20170829013000
0x01+0x0300+M-JS-GD+XF+008+20170829013500
0x01+0x0300+M-JS-GD+XF+008+20170829014000
0x01+0x0300+M-JS-GD+XF+008+20170829014500
0x01+0x0300+M-JS-GD+XF+008+20170829015000
0x01+0x0300+M-JS-GD+XF+008+20170829015500
0x01+0x0300+M-JS-GD+XF+008+20170829020000
0x01+0x0300+M-JS-GD+XF+008+20170829020500
0x01+0x0300+M-JS-GD+XF+008+20170829021000
0x01+0x0300+M-JS-GD+XF+008+20170829021500
0x01+0x0300+M-JS-GD+XF+008+20170829022000
0x01+0x0300+M-JS-GD+XF+008+20170829022500
0x01+0x0300+M-JS-GD+XF+008+20170829023000
0x01+0x0300+M-JS-GD+XF+008+20170829023500
0x01+0x0300+M-JS-GD+XF+008+20170829024000
0x01+0x0300+M-JS-GD+XF+008+20170829024500
0x01+0x0300+M-JS-GD+XF+008+20170829025000
0x01+0x0300+M-JS-GD+XF+008+20170829025500
0x01+0x0300+M-JS-GD+XF+008+20170829030000
0x01+0x0300+M-JS-GD+XF+008+20170829030500
0x01+0x0300+M-JS-GD+XF+008+20170829031000
0x01+0x0300+M-JS-GD+XF+008+20170829031500
0x01+0x0300+M-JS-GD+XF+008+20170829032000
0x01+0x0300+M-JS-GD+XF+008+20170829032500
0x01+0x0300+M-JS-GD+XF+008+20170829033000
0x01+0x0300+M-JS-GD+XF+008+20170829033500
0x01+0x0300+M-JS-GD+XF+008+20170829034000
0x01+0x0300+M-JS-GD+XF+008+20170829034500
0x01+0x0300+M-JS-GD+XF+008+20170829035000
0x01+0x0300+M-JS-GD+XF+008+20170829035500
0x01+0x0300+M-JS-GD+XF+008+20170829040000
0x01+0x0300+M-JS-GD+XF+008+20170829040500
0x01+0x0300+M-JS-GD+XF+008+20170829041000
0x01+0x0300+M-JS-GD+XF+008+20170829041500
0x01+0x0300+M-JS-GD+XF+008+20170829042000
0x01+0x0300+M-JS-GD+XF+008+20170829042500
0x01+0x0300+M-JS-GD+XF+008+20170829043000
0x01+0x0300+M-JS-GD+XF+008+20170829043500
0x01+0x0300+M-JS-GD+XF+008+20170829044000
0x01+0x0300+M-JS-GD+XF+008+20170829044500
0x01+0x0300+M-JS-GD+XF+008+20170829045000
0x01+0x0300+M-JS-GD+XF+008+20170829045500
0x01+0x0300+M-JS-GD+XF+008+20170829050000
0x01+0x0300+M-JS-GD+XF+008+20170829050500
0x01+0x0300+M-JS-GD+XF+008+20170829051000
0x01+0x0300+M-JS-GD+XF+008+20170829051500
0x01+0x0300+M-JS-GD+XF+008+20170829052000
0x01+0x0300+M-JS-GD+XF+008+20170829052500
0x01+0x0300+M-JS-GD+XF+008+20170829053000
0x01+0x0300+M-JS-GD+XF+008+20170829053500
0x01+0x0300+M-JS-GD+XF+008+20170829054000
0x01+0x0300+M-JS-GD+XF+008+20170829054500
0x01+0x0300+M-JS-GD+XF+008+20170829055000
0x01+0x0300+M-JS-GD+XF+008+20170829055500
0x01+0x0300+M-JS-GD+XF+008+20170829060000
0x01+0x0300+M-JS-GD+XF+008+20170829060500
0x01+0x0300+M-JS-GD+XF+008+20170829061000
0x01+0x0300+M-JS-GD+XF+008+20170829061500
0x01+0x0300+M-JS-GD+XF+008+20170829062000
0x01+0x0300+M-JS-GD+XF+008+20170829062500
0x01+0x0300+M-JS-GD+XF+008+20170829063000
0x01+0x0300+M-JS-GD+XF+008+20170829063500
0x01+0x0300+M-JS-GD+XF+008+20170829064000
0x01+0x0300+M-JS-GD+XF+008+20170829064500
0x01+0x0300+M-JS-GD+XF+008+20170829065000
0x01+0x0300+M-JS-GD+XF+008+20170829065500
0x01+0x0300+M-JS-GD+XF+008+20170829070000
0x01+0x0300+M-JS-GD+XF+008+20170829070500
0x01+0x0300+M-JS-GD+XF+008+20170829071000
0x01+0x0300+M-JS-GD+XF+008+20170829071500
0x01+0x0300+M-JS-GD+XF+008+20170829072000
0x01+0x0300+M-JS-GD+XF+008+20170829072500
0x01+0x0300+M-JS-GD+XF+008+20170829073000
0x01+0x0300+M-JS-GD+XF+008+20170829073500
0x01+0x0300+M-JS-GD+XF+008+20170829074000
0x01+0x0300+M-JS-GD+XF+008+20170829074500
0x01+0x0300+M-JS-GD+XF+008+20170829075000
0x01+0x0300+M-JS-GD+XF+008+20170829075500
0x01+0x0300+M-JS-GD+XF+008+20170829080000
0x01+0x0300+M-JS-GD+XF+008+20170829080500
0x01+0x0300+M-JS-GD+XF+008+20170829081000
0x01+0x0300+M-JS-GD+XF+008+20170829081500
0x01+0x0300+M-JS-GD+XF+008+20170829082000
0x01+0x0300+M-JS-GD+XF+008+20170829082500
0x01+0x0300+M-JS-GD+XF+008+20170829083000
0x01+0x0300+M-JS-GD+XF+008+20170829083500
0x01+0x0300+M-JS-GD+XF+008+20170829084000
0x01+0x0300+M-JS-GD+XF+008+20170829084500
0x01+0x0300+M-JS-GD+XF+008+20170829085000
0x01+0x0300+M-JS-GD+XF+008+20170829085500
0x01+0x0300+M-JS-GD+XF+008+20170829090000
0x01+0x0300+M-JS-GD+XF+008+20170829090500
0x01+0x0300+M-JS-GD+XF+008+20170829091000
0x01+0x0300+M-JS-GD+XF+008+20170829091500
0x01+0x0300+M-JS-GD+XF+008+20170829092000
0x01+0x0300+M-JS-GD+XF+008+20170829092500
0x01+0x0300+M-JS-GD+XF+008+20170829093000
0x01+0x0300+M-JS-GD+XF+008+20170829093500
0x01+0x0300+M-JS-GD+XF+008+20170829094000
0x01+0x0300+M-JS-GD+XF+008+20170829094500
0x01+0x0300+M-JS-GD+XF+008+20170829095000
0x01+0x0300+M-JS-GD+XF+008+20170829095500
0x01+0x0300+M-JS-GD+XF+008+20170829100000
0x01+0x0300+M-JS-GD+XF+008+20170829100500
0x01+0x0300+M-JS-GD+XF+008+20170829101000
0x01+0x0300+M-JS-GD+XF+008+20170829101500
0x01+0x0300+M-JS-GD+XF+008+20170829102000
0x01+0x0300+M-JS-GD+XF+008+20170829102500
0x01+0x0300+M-JS-GD+XF+008+20170829103000
0x01+0x0300+M-JS-GD+XF+008+20170829103500
0x01+0x0300+M-JS-GD+XF+008+20170829104000
0x01+0x0300+M-JS-GD+XF+008+20170829104500
0x01+0x0300+M-JS-GD+XF+008+20170829105000
0x01+0x0300+M-JS-GD+XF+008+20170829105500
0x01+0x0300+M-JS-GD+XF+008+20170829110000
0x01+0x0300+M-JS-GD+XF+008+20170829110500
0x01+0x0300+M-JS-GD+XF+008+20170829111000
0x01+0x0300+M-JS-GD+XF+008+20170829111500
0x01+0x0300+M-JS-GD+XF+008+20170829112000
0x01+0x0300+M-JS-GD+XF+008+20170829112500
0x01+0x0300+M-JS-GD+XF+008+20170829113000
0x01+0x0300+M-JS-GD+XF+008+20170829113500
0x01+0x0300+M-JS-GD+XF+008+20170829114000
0x01+0x0300+M-JS-GD+XF+008+20170829114500
0x01+0x0300+M-JS-GD+XF+008+20170829115000
0x01+0x0300+M-JS-GD+XF+008+20170829115500
0x01+0x0300+M-JS-GD+XF+008+20170829120000
0x01+0x0300+M-JS-GD+XF+008+20170829120500
0x01+0x0300+M-JS-GD+XF+008+20170829121000
0x01+0x0300+M-JS-GD+XF+008+20170829121500
0x01+0x0300+M-JS-GD+XF+008+20170829122000
0x01+0x0300+M-JS-GD+XF+008+20170829122500
0x01+0x0300+M-JS-GD+XF+008+20170829123000
0x01+0x0300+M-JS-GD+XF+008+20170829123500
0x01+0x0300+M-JS-GD+XF+008+20170829124000
0x01+0x0300+M-JS-GD+XF+008+20170829124500
0x01+0x0300+M-JS-GD+XF+008+20170829125000
0x01+0x0300+M-JS-GD+XF+008+20170829125500
0x01+0x0300+M-JS-GD+XF+008+20170829130000
0x01+0x0300+M-JS-GD+XF+008+20170829130500
0x01+0x0300+M-JS-GD+XF+008+20170829131000
0x01+0x0300+M-JS-GD+XF+008+20170829131500
0x01+0x0300+M-JS-GD+XF+008+20170829132000
0x01+0x0300+M-JS-GD+XF+008+20170829132500
0x01+0x0300+M-JS-GD+XF+008+20170829133000
0x01+0x0300+M-JS-GD+XF+008+20170829133500
0x01+0x0300+M-JS-GD+XF+008+20170829134000
0x01+0x0300+M-JS-GD+XF+008+20170829134500
0x01+0x0300+M-JS-GD+XF+008+20170829135000
0x01+0x0300+M-JS-GD+XF+008+20170829135500
0x01+0x0300+M-JS-GD+XF+008+20170829140000
0x01+0x0300+M-JS-GD+XF+008+20170829140500
0x01+0x0300+M-JS-GD+XF+008+20170829141000
0x01+0x0300+M-JS-GD+XF+008+20170829141500
0x01+0x0300+M-JS-GD+XF+008+20170829142000
0x01+0x0300+M-JS-GD+XF+008+20170829142500
0x01+0x0300+M-JS-GD+XF+008+20170829143000
0x01+0x0300+M-JS-GD+XF+008+20170829143500
0x01+0x0300+M-JS-GD+XF+008+20170829144000
0x01+0x0300+M-JS-GD+XF+008+20170829144500
0x01+0x0300+M-JS-GD+XF+008+20170829145000
0x01+0x0300+M-JS-GD+XF+008+20170829145500
0x01+0x0300+M-JS-GD+XF+008+20170829150000
0x01+0x0300+M-JS-GD+XF+008+20170829150500
0x01+0x0300+M-JS-GD+XF+008+20170829151000
0x01+0x0300+M-JS-GD+XF+008+20170829151500
0x01+0x0300+M-JS-GD+XF+008+20170829152000
0x01+0x0300+M-JS-GD+XF+008+20170829152500
0x01+0x0300+M-JS-GD+XF+008+20170829153000
0x01+0x0300+M-JS-GD+XF+008+20170829153500
0x01+0x0300+M-JS-GD+XF+008+20170829154000
0x01+0x0300+M-JS-GD+XF+008+20170829154500
0x01+0x0300+M-JS-GD+XF+008+20170829155000
0x01+0x0300+M-JS-GD+XF+008+20170829155500
0x01+0x0300+M-JS-GD+XF+008+20170829160000
0x01+0x0300+M-JS-GD+XF+008+20170829160500
0x01+0x0300+M-JS-GD+XF+008+20170829161000
0x01+0x0300+M-JS-GD+XF+008+20170829161500
0x01+0x0300+M-JS-GD+XF+008+20170829162000
0x01+0x0300+M-JS-GD+XF+008+20170829162500
0x01+0x0300+M-JS-GD+XF+008+20170829163000
0x01+0x0300+M-JS-GD+XF+008+20170829163500
0x01+0x0300+M-JS-GD+XF+008+20170829164000
0x01+0x0300+M-JS-GD+XF+008+20170829164500
0x01+0x0300+M-JS-GD+XF+008+20170829165000
0x01+0x0300+M-JS-GD+XF+008+20170829165500
0x01+0x0300+M-JS-GD+XF+008+20170829170000
0x01+0x0300+M-JS-GD+XF+008+20170829170500
0x01+0x0300+M-JS-GD+XF+008+20170829171000
0x01+0x0300+M-JS-GD+XF+008+20170829171500
0x01+0x0300+M-JS-GD+XF+008+20170829172000
0x01+0x0300+M-JS-GD+XF+008+20170829172500
0x01+0x0300+M-JS-GD+XF+008+20170829173000
0x01+0x0300+M-JS-GD+XF+008+20170829173500
0x01+0x0300+M-JS-GD+XF+008+20170829174000
0x01+0x0300+M-JS-GD+XF+008+20170829174500
0x01+0x0300+M-JS-GD+XF+008+20170829175000
0x01+0x0300+M-JS-GD+XF+008+20170829175500
0x01+0x0300+M-JS-GD+XF+008+20170829180000
0x01+0x0300+M-JS-GD+XF+008+20170829180500
0x01+0x0300+M-JS-GD+XF+008+20170829181000
0x01+0x0300+M-JS-GD+XF+008+20170829181500
0x01+0x0300+M-JS-GD+XF+008+20170829182000
0x01+0x0300+M-JS-GD+XF+008+20170829182500
0x01+0x0300+M-JS-GD+XF+008+20170829183000
0x01+0x0300+M-JS-GD+XF+008+20170829183500
0x01+0x0300+M-JS-GD+XF+008+20170829184000
0x01+0x0300+M-JS-GD+XF+008+20170829184500
0x01+0x0300+M-JS-GD+XF+008+20170829185000
0x01+0x0300+M-JS-GD+XF+008+20170829185500
0x01+0x0300+M-JS-GD+XF+008+20170829190000
0x01+0x0300+M-JS-GD+XF+008+20170829190500
0x01+0x0300+M-JS-GD+XF+008+20170829191000
0x01+0x0300+M-JS-GD+XF+008+20170829191500
0x01+0x0300+M-JS-GD+XF+008+20170829192000
0x01+0x0300+M-JS-GD+XF+008+20170829192500
0x01+0x0300+M-JS-GD+XF+008+20170829193000
0x01+0x0300+M-JS-GD+XF+008+20170829193500
0x01+0x0300+M-JS-GD+XF+008+20170829194000
0x01+0x0300+M-JS-GD+XF+008+20170829194500
0x01+0x0300+M-JS-GD+XF+008+20170829195000
0x01+0x0300+M-JS-GD+XF+008+20170829195500
0x01+0x0300+M-JS-GD+XF+008+20170829200000
0x01+0x0300+M-JS-GD+XF+008+20170829200500
0x01+0x0300+M-JS-GD+XF+008+20170829201000
0x01+0x0300+M-JS-GD+XF+008+20170829201500
0x01+0x0300+M-JS-GD+XF+008+20170829202000
0x01+0x0300+M-JS-GD+XF+008+20170829202500
0x01+0x0300+M-JS-GD+XF+008+20170829203000
0x01+0x0300+M-JS-GD+XF+008+20170829203500
0x01+0x0300+M-JS-GD+XF+008+20170829204000
0x01+0x0300+M-JS-GD+XF+008+20170829204500
0x01+0x0300+M-JS-GD+XF+008+20170829205000
0x01+0x0300+M-JS-GD+XF+008+20170829205500
0x01+0x0300+M-JS-GD+XF+008+20170829210000
0x01+0x0300+M-JS-GD+XF+008+20170829210500
0x01+0x0300+M-JS-GD+XF+008+20170829211000
0x01+0x0300+M-JS-GD+XF+008+20170829211500
0x01+0x0300+M-JS-GD+XF+008+20170829212000
0x01+0x0300+M-JS-GD+XF+008+20170829212500
0x01+0x0300+M-JS-GD+XF+008+20170829213000
0x01+0x0300+M-JS-GD+XF+008+20170829213500
0x01+0x0300+M-JS-GD+XF+008+20170829214000
0x01+0x0300+M-JS-GD+XF+008+20170829214500
0x01+0x0300+M-JS-GD+XF+008+20170829215000
0x01+0x0300+M-JS-GD+XF+008+20170829215500
0x01+0x0300+M-JS-GD+XF+008+20170829220000
0x01+0x0300+M-JS-GD+XF+008+20170829220500
0x01+0x0300+M-JS-GD+XF+008+20170829221000
0x01+0x0300+M-JS-GD+XF+008+20170829221500
0x01+0x0300+M-JS-GD+XF+008+20170829222000
0x01+0x0300+M-JS-GD+XF+008+20170829222500
0x01+0x0300+M-JS-GD+XF+008+20170829223000
0x01+0x0300+M-JS-GD+XF+008+20170829223500
0x01+0x0300+M-JS-GD+XF+008+20170829224000
0x01+0x0300+M-JS-GD+XF+008+20170829224500
0x01+0x0300+M-JS-GD+XF+008+20170829225000
0x01+0x0300+M-JS-GD+XF+008+20170829225500
0x01+0x0300+M-JS-GD+XF+008+20170829230000
0x01+0x0300+M-JS-GD+XF+008+20170829230500
0x01+0x0300+M-JS-GD+XF+008+20170829231000
0x01+0x0300+M-JS-GD+XF+008+20170829231500
0x01+0x0300+M-JS-GD+XF+008+20170829232000
0x01+0x0300+M-JS-GD+XF+008+20170829232500
0x01+0x0300+M-JS-GD+XF+008+20170829233000
0x01+0x0300+M-JS-GD+XF+008+20170829233500
0x01+0x0300+M-JS-GD+XF+008+20170829234000
0x01+0x0300+M-JS-GD+XF+008+20170829234500
0x01+0x0300+M-JS-GD+XF+008+20170829235000
0x01+0x0300+M-JS-GD+XF+008+20170829235500
001
002
003
004
005
006
007
008
Java HotSpot(TM) 64-Bit Server VM warning: ignoring option MaxPermSize=512M; support was removed in 8.0
2017-08-31 01:16:44,706 WARN  [main] mapreduce.TableMapReduceUtil: The hbase-prefix-tree module jar containing PrefixTreeCodec is not present.  Continuing without it.
Java HotSpot(TM) 64-Bit Server VM warning: ignoring option MaxPermSize=512M; support was removed in 8.0

Logging initialized using configuration in jar:file:/opt/cloudera/parcels/CDH-5.6.1-1.cdh5.6.1.p0.3/jars/hive-common-1.1.0-cdh5.6.1.jar!/hive-log4j.properties
Loading data to table default.stg_uplink_data partition (pt_time=20170829)
Moved: 'hdfs://nameservice1/asiainfo/hive/STG/stg_uplink_data/pt_time=20170829/total_001.gz' to trash at: hdfs://nameservice1/user/hdfs/.Trash/Current
Moved: 'hdfs://nameservice1/asiainfo/hive/STG/stg_uplink_data/pt_time=20170829/total_002.gz' to trash at: hdfs://nameservice1/user/hdfs/.Trash/Current
Moved: 'hdfs://nameservice1/asiainfo/hive/STG/stg_uplink_data/pt_time=20170829/total_003.gz' to trash at: hdfs://nameservice1/user/hdfs/.Trash/Current
Moved: 'hdfs://nameservice1/asiainfo/hive/STG/stg_uplink_data/pt_time=20170829/total_004.gz' to trash at: hdfs://nameservice1/user/hdfs/.Trash/Current
Moved: 'hdfs://nameservice1/asiainfo/hive/STG/stg_uplink_data/pt_time=20170829/total_005.gz' to trash at: hdfs://nameservice1/user/hdfs/.Trash/Current
Moved: 'hdfs://nameservice1/asiainfo/hive/STG/stg_uplink_data/pt_time=20170829/total_006.gz' to trash at: hdfs://nameservice1/user/hdfs/.Trash/Current
Moved: 'hdfs://nameservice1/asiainfo/hive/STG/stg_uplink_data/pt_time=20170829/total_007.gz' to trash at: hdfs://nameservice1/user/hdfs/.Trash/Current
Moved: 'hdfs://nameservice1/asiainfo/hive/STG/stg_uplink_data/pt_time=20170829/total_008.gz' to trash at: hdfs://nameservice1/user/hdfs/.Trash/Current
Partition default.stg_uplink_data{pt_time=20170829} stats: [numFiles=8, numRows=0, totalSize=6269775407, rawDataSize=0]
OK
Time taken: 1433.968 seconds
17/08/31 01:40:46 INFO fs.TrashPolicyDefault: Namenode trash configuration: Deletion interval = 1 minutes, Emptier interval = 0 minutes.
rm: Failed to move to trash: hdfs://nameservice1/asiainfo/hive/STG/stg_uplink_data/pt_time=20170814: Permission denied: user=root, access=WRITE, inode="/asiainfo/hive/STG/stg_uplink_data":hdfs:supergroup:drwxr-xr-x
2017年 08月 31日 星期四 01:40:46 CST
